#
# A fatal error has been detected by the Java Runtime Environment:
#
#  EXCEPTION_ACCESS_VIOLATION (0xc0000005) at pc=0x00007ffb3285a8c5, pid=11952, tid=7592
#
# JRE version: Java(TM) SE Runtime Environment 18.9 (11.0.7+8) (build 11.0.7+8-LTS)
# Java VM: Java HotSpot(TM) 64-Bit Server VM 18.9 (11.0.7+8-LTS, mixed mode, tiered, compressed oops, g1 gc, windows-amd64)
# Problematic frame:
# V  [jvm.dll+0x68a8c5]
#
# No core dump will be written. Minidumps are not enabled by default on client versions of Windows
#
# If you would like to submit a bug report, please visit:
#   https://bugreport.java.com/bugreport/crash.jsp
#

---------------  S U M M A R Y ------------

Command Line: -Dcom.sun.management.jmxremote -Dcom.sun.management.jmxremote.port=53691 -Dcom.sun.management.jmxremote.authenticate=false -Dcom.sun.management.jmxremote.ssl=false -Djava.rmi.server.hostname=localhost -Dspring.jmx.enabled=true -Dspring.application.admin.enabled=true -Xverify:none -XX:TieredStopAtLevel=1 -Dspring.boot.project.name=cursomc -Dfile.encoding=UTF-8 com.mkwinformatica.cursomc.CursomcApplication --spring.output.ansi.enabled=always

Host: Intel(R) Core(TM)2 Duo CPU     P7550  @ 2.26GHz, 2 cores, 3G,  Windows 10 , 64 bit Build 19041 (10.0.19041.662)
Time: Mon Dec  7 14:20:39 2020 E. South America Standard Time elapsed time: 3 seconds (0d 0h 0m 3s)

---------------  T H R E A D  ---------------

Current thread (0x000001aa1b1ae000):  WatcherThread [stack: 0x00000053e3e00000,0x00000053e3f00000] [id=7592]

Stack: [0x00000053e3e00000,0x00000053e3f00000],  sp=0x00000053e3eff620,  free space=1021k
Native frames: (J=compiled Java code, j=interpreted, Vv=VM code, C=native code)
V  [jvm.dll+0x68a8c5]
V  [jvm.dll+0x6f394f]
V  [jvm.dll+0x73fc7d]
V  [jvm.dll+0x765fe9]
V  [jvm.dll+0x75e875]
V  [jvm.dll+0x660b26]
C  [ucrtbase.dll+0x214c2]
C  [KERNEL32.DLL+0x17034]
C  [ntdll.dll+0x4d0d1]


siginfo: EXCEPTION_ACCESS_VIOLATION (0xc0000005), reading address 0x0000000c0000000b


Register to memory mapping:

RIP=0x00007ffb3285a8c5 jvm.dll
RAX=0x0000000c0000000b is an unknown value
RBX=0x000001aa1b115b30 points into unknown readable memory: 80 bb ac 32 fb 7f 00 00
RCX=0x000001aa1b10f630 points into unknown readable memory: 0b 00 00 00 0c 00 00 00
RDX=0x000000000000003c is an unknown value
RSP=0x00000053e3eff620 points into unknown readable memory: d0 9e d8 7d aa 01 00 00
RBP=0x0000000000000002 is an unknown value
RSI=0x000001aa1b10f540 points into unknown readable memory: 20 79 10 1b aa 01 00 00
RDI=0x0 is NULL
R8 =0x0 is NULL
R9 =0x000001aa08330b90 is at begin+0 in a stub
StubRoutines::atomic_cmpxchg_long [0x000001aa08330b90, 0x000001aa08330b99[ (9 bytes)
R10=0x0 is NULL
R11=0x0000000000000246 is an unknown value
R12=0x0 is NULL
R13=0x000001aa1b1ae000 points into unknown readable memory: 18 92 ad 32 fb 7f 00 00
R14=0x000000000000003c is an unknown value
R15=0x000001aa1af9cb00 points into unknown readable memory: 00 00 00 00 00 00 00 00


Registers:
RAX=0x0000000c0000000b, RBX=0x000001aa1b115b30, RCX=0x000001aa1b10f630, RDX=0x000000000000003c
RSP=0x00000053e3eff620, RBP=0x0000000000000002, RSI=0x000001aa1b10f540, RDI=0x0000000000000000
R8 =0x0000000000000000, R9 =0x000001aa08330b90, R10=0x0000000000000000, R11=0x0000000000000246
R12=0x0000000000000000, R13=0x000001aa1b1ae000, R14=0x000000000000003c, R15=0x000001aa1af9cb00
RIP=0x00007ffb3285a8c5, EFLAGS=0x0000000000010206

Top of Stack: (sp=0x00000053e3eff620)
0x00000053e3eff620:   000001aa7dd89ed0 0000000000000ad8
0x00000053e3eff630:   0000000000000001 00007ffb32803850
0x00000053e3eff640:   0000000000000000 00007ffb328c394f
0x00000053e3eff650:   000001aa1b1ae000 000001aa1b1ae000
0x00000053e3eff660:   0000faba58d838e0 00007ffb328042d9
0x00000053e3eff670:   00007ffb32c7abc8 00007ffb3290fc7d
0x00000053e3eff680:   0000000000000001 000001aa7dd89ed0
0x00000053e3eff690:   000001aa7dd89ed0 431bde82d7b634db
0x00000053e3eff6a0:   000001aa1af9cb00 0000faba58d838e0
0x00000053e3eff6b0:   000001aa7dd89ed0 00007ffb32935fe9
0x00000053e3eff6c0:   0000000000000001 000000000000003c
0x00000053e3eff6d0:   0000000000000032 0000000000000002
0x00000053e3eff6e0:   0000000000000000 0000000000000000
0x00000053e3eff6f0:   0000000000000000 0000000000000000
0x00000053e3eff700:   0000000000000000 0000000000000000
0x00000053e3eff710:   0000000000000000 0000000000000000 

Instructions: (pc=0x00007ffb3285a8c5)
0x00007ffb3285a8a5:   70 48 83 c4 50 5f c3 cc cc cc cc 40 53 48 83 ec
0x00007ffb3285a8b5:   20 48 8b d9 48 8b 49 38 48 85 c9 74 0c 48 8b 01
0x00007ffb3285a8c5:   ff 10 48 8b 4b 28 48 89 01 48 83 c4 20 5b c3 cc
0x00007ffb3285a8d5:   cc cc cc cc cc cc cc cc cc cc cc 48 89 5c 24 08 


Stack slot to memory mapping:
stack at sp + 0 slots: 0x000001aa7dd89ed0 points into unknown readable memory: 01 00 00 00 00 00 00 00
stack at sp + 1 slots: 0x0000000000000ad8 is an unknown value
stack at sp + 2 slots: 0x0000000000000001 is an unknown value
stack at sp + 3 slots: 0x00007ffb32803850 jvm.dll
stack at sp + 4 slots: 0x0 is NULL
stack at sp + 5 slots: 0x00007ffb328c394f jvm.dll
stack at sp + 6 slots: 0x000001aa1b1ae000 points into unknown readable memory: 18 92 ad 32 fb 7f 00 00
stack at sp + 7 slots: 0x000001aa1b1ae000 points into unknown readable memory: 18 92 ad 32 fb 7f 00 00


---------------  P R O C E S S  ---------------

Threads class SMR info:
_java_thread_list=0x000001aa1b10ecd0, length=12, elements={
0x000001aa7dd8c800, 0x000001aa19eb9800, 0x000001aa19ec3000, 0x000001aa19f17800,
0x000001aa19f18800, 0x000001aa19f19800, 0x000001aa19f3b000, 0x000001aa1a1d3800,
0x000001aa1a278800, 0x000001aa1b12e000, 0x000001aa1b14a000, 0x000001aa1b1a3000
}

Java Threads: ( => current thread )
  0x000001aa7dd8c800 JavaThread "main" [_thread_blocked, id=5964, stack(0x00000053e2b00000,0x00000053e2c00000)]
  0x000001aa19eb9800 JavaThread "Reference Handler" daemon [_thread_blocked, id=6728, stack(0x00000053e3200000,0x00000053e3300000)]
  0x000001aa19ec3000 JavaThread "Finalizer" daemon [_thread_blocked, id=6840, stack(0x00000053e3300000,0x00000053e3400000)]
  0x000001aa19f17800 JavaThread "Signal Dispatcher" daemon [_thread_blocked, id=9444, stack(0x00000053e3400000,0x00000053e3500000)]
  0x000001aa19f18800 JavaThread "Attach Listener" daemon [_thread_blocked, id=9992, stack(0x00000053e3500000,0x00000053e3600000)]
  0x000001aa19f19800 JavaThread "C1 CompilerThread0" daemon [_thread_in_vm, id=4628, stack(0x00000053e3600000,0x00000053e3700000)]
  0x000001aa19f3b000 JavaThread "Sweeper thread" daemon [_thread_blocked, id=9060, stack(0x00000053e3700000,0x00000053e3800000)]
  0x000001aa1a1d3800 JavaThread "Common-Cleaner" daemon [_thread_blocked, id=6952, stack(0x00000053e3800000,0x00000053e3900000)]
  0x000001aa1a278800 JavaThread "Service Thread" daemon [_thread_blocked, id=11900, stack(0x00000053e3900000,0x00000053e3a00000)]
  0x000001aa1b12e000 JavaThread "RMI TCP Accept-0" daemon [_thread_in_native, id=5604, stack(0x00000053e3b00000,0x00000053e3c00000)]
  0x000001aa1b14a000 JavaThread "RMI TCP Accept-53691" daemon [_thread_in_native, id=10528, stack(0x00000053e3c00000,0x00000053e3d00000)]
  0x000001aa1b1a3000 JavaThread "RMI TCP Accept-0" daemon [_thread_in_native, id=2260, stack(0x00000053e3d00000,0x00000053e3e00000)]

Other Threads:
  0x000001aa19e92000 VMThread "VM Thread" [stack: 0x00000053e3100000,0x00000053e3200000] [id=372]
=>0x000001aa1b1ae000 WatcherThread [stack: 0x00000053e3e00000,0x00000053e3f00000] [id=7592]
  0x000001aa7dda3800 GCTaskThread "GC Thread#0" [stack: 0x00000053e2c00000,0x00000053e2d00000] [id=2872]
  0x000001aa1a455800 GCTaskThread "GC Thread#1" [stack: 0x00000053e3a00000,0x00000053e3b00000] [id=5692]
  0x000001aa7ddbe800 ConcurrentGCThread "G1 Main Marker" [stack: 0x00000053e2d00000,0x00000053e2e00000] [id=6696]
  0x000001aa7ddc1800 ConcurrentGCThread "G1 Conc#0" [stack: 0x00000053e2e00000,0x00000053e2f00000] [id=6332]
  0x000001aa7de0e800 ConcurrentGCThread "G1 Refine#0" [stack: 0x00000053e2f00000,0x00000053e3000000] [id=9268]
  0x000001aa7de10800 ConcurrentGCThread "G1 Young RemSet Sampling" [stack: 0x00000053e3000000,0x00000053e3100000] [id=8236]

Threads with active compile tasks:
C1 CompilerThread01100   !   1       java.util.zip.ZipFile$Source::readAt (39 bytes)

VM state:synchronizing (normal execution)

VM Mutex/Monitor currently owned by a thread:  ([mutex/lock_event])
[0x000001aa7dd88d60] Threads_lock - owner thread: 0x000001aa19e92000
[0x000001aa7dd88cd0] Heap_lock - owner thread: 0x000001aa7dd8c800
[0x000001aa7dd89ed0] PeriodicTask_lock - owner thread: 0x000001aa1b1ae000

Heap address: 0x00000000c0c00000, size: 1012 MB, Compressed Oops mode: 32-bit
Narrow klass base: 0x0000000000000000, Narrow klass shift: 3
Compressed class space size: 1073741824 Address: 0x0000000100000000

Heap:
 garbage-first heap   total 65536K, used 27233K [0x00000000c0c00000, 0x0000000100000000)
  region size 1024K, 12 young (12288K), 1 survivors (1024K)
 Metaspace       used 12580K, capacity 12905K, committed 13056K, reserved 1060864K
  class space    used 1313K, capacity 1438K, committed 1536K, reserved 1048576K
Heap Regions: E=young(eden), S=young(survivor), O=old, HS=humongous(starts), HC=humongous(continues), CS=collection set, F=free, A=archive, TAMS=top-at-mark-start (previous, next)
|   0|0x00000000c0c00000, 0x00000000c0d00000, 0x00000000c0d00000|100%|HS|  |TAMS 0x00000000c0c00000, 0x00000000c0c00000| Complete 
|   1|0x00000000c0d00000, 0x00000000c0e00000, 0x00000000c0e00000|100%| O|  |TAMS 0x00000000c0d00000, 0x00000000c0d00000| Untracked 
|   2|0x00000000c0e00000, 0x00000000c0f00000, 0x00000000c0f00000|100%| O|  |TAMS 0x00000000c0e00000, 0x00000000c0e00000| Untracked 
|   3|0x00000000c0f00000, 0x00000000c1000000, 0x00000000c1000000|100%| O|  |TAMS 0x00000000c0f00000, 0x00000000c0f00000| Untracked 
|   4|0x00000000c1000000, 0x00000000c1100000, 0x00000000c1100000|100%| O|  |TAMS 0x00000000c1000000, 0x00000000c1000000| Untracked 
|   5|0x00000000c1100000, 0x00000000c1200000, 0x00000000c1200000|100%| O|  |TAMS 0x00000000c1100000, 0x00000000c1100000| Untracked 
|   6|0x00000000c1200000, 0x00000000c1300000, 0x00000000c1300000|100%| O|  |TAMS 0x00000000c1200000, 0x00000000c1200000| Untracked 
|   7|0x00000000c1300000, 0x00000000c1400000, 0x00000000c1400000|100%| O|  |TAMS 0x00000000c1300000, 0x00000000c1300000| Untracked 
|   8|0x00000000c1400000, 0x00000000c1500000, 0x00000000c1500000|100%| O|  |TAMS 0x00000000c1400000, 0x00000000c1400000| Untracked 
|   9|0x00000000c1500000, 0x00000000c1600000, 0x00000000c1600000|100%| O|  |TAMS 0x00000000c1500000, 0x00000000c1500000| Untracked 
|  10|0x00000000c1600000, 0x00000000c1700000, 0x00000000c1700000|100%| O|  |TAMS 0x00000000c1600000, 0x00000000c1600000| Untracked 
|  11|0x00000000c1700000, 0x00000000c1800000, 0x00000000c1800000|100%| O|  |TAMS 0x00000000c1700000, 0x00000000c1700000| Untracked 
|  12|0x00000000c1800000, 0x00000000c1900000, 0x00000000c1900000|100%| O|  |TAMS 0x00000000c1800000, 0x00000000c1800000| Untracked 
|  13|0x00000000c1900000, 0x00000000c1a00000, 0x00000000c1a00000|100%| O|  |TAMS 0x00000000c1900000, 0x00000000c1900000| Untracked 
|  14|0x00000000c1a00000, 0x00000000c1a98400, 0x00000000c1b00000| 59%| O|  |TAMS 0x00000000c1a00000, 0x00000000c1a00000| Untracked 
|  15|0x00000000c1b00000, 0x00000000c1b00000, 0x00000000c1c00000|  0%| F|  |TAMS 0x00000000c1b00000, 0x00000000c1b00000| Untracked 
|  16|0x00000000c1c00000, 0x00000000c1c00000, 0x00000000c1d00000|  0%| F|  |TAMS 0x00000000c1c00000, 0x00000000c1c00000| Untracked 
|  17|0x00000000c1d00000, 0x00000000c1d00000, 0x00000000c1e00000|  0%| F|  |TAMS 0x00000000c1d00000, 0x00000000c1d00000| Untracked 
|  18|0x00000000c1e00000, 0x00000000c1e00000, 0x00000000c1f00000|  0%| F|  |TAMS 0x00000000c1e00000, 0x00000000c1e00000| Untracked 
|  19|0x00000000c1f00000, 0x00000000c1f00000, 0x00000000c2000000|  0%| F|  |TAMS 0x00000000c1f00000, 0x00000000c1f00000| Untracked 
|  20|0x00000000c2000000, 0x00000000c2000000, 0x00000000c2100000|  0%| F|  |TAMS 0x00000000c2000000, 0x00000000c2000000| Untracked 
|  21|0x00000000c2100000, 0x00000000c2100000, 0x00000000c2200000|  0%| F|  |TAMS 0x00000000c2100000, 0x00000000c2100000| Untracked 
|  22|0x00000000c2200000, 0x00000000c2200000, 0x00000000c2300000|  0%| F|  |TAMS 0x00000000c2200000, 0x00000000c2200000| Untracked 
|  23|0x00000000c2300000, 0x00000000c2300000, 0x00000000c2400000|  0%| F|  |TAMS 0x00000000c2300000, 0x00000000c2300000| Untracked 
|  24|0x00000000c2400000, 0x00000000c2400000, 0x00000000c2500000|  0%| F|  |TAMS 0x00000000c2400000, 0x00000000c2400000| Untracked 
|  25|0x00000000c2500000, 0x00000000c2500000, 0x00000000c2600000|  0%| F|  |TAMS 0x00000000c2500000, 0x00000000c2500000| Untracked 
|  26|0x00000000c2600000, 0x00000000c2600000, 0x00000000c2700000|  0%| F|  |TAMS 0x00000000c2600000, 0x00000000c2600000| Untracked 
|  27|0x00000000c2700000, 0x00000000c2700000, 0x00000000c2800000|  0%| F|  |TAMS 0x00000000c2700000, 0x00000000c2700000| Untracked 
|  28|0x00000000c2800000, 0x00000000c2800000, 0x00000000c2900000|  0%| F|  |TAMS 0x00000000c2800000, 0x00000000c2800000| Untracked 
|  29|0x00000000c2900000, 0x00000000c2900000, 0x00000000c2a00000|  0%| F|  |TAMS 0x00000000c2900000, 0x00000000c2900000| Untracked 
|  30|0x00000000c2a00000, 0x00000000c2a00000, 0x00000000c2b00000|  0%| F|  |TAMS 0x00000000c2a00000, 0x00000000c2a00000| Untracked 
|  31|0x00000000c2b00000, 0x00000000c2b00000, 0x00000000c2c00000|  0%| F|  |TAMS 0x00000000c2b00000, 0x00000000c2b00000| Untracked 
|  32|0x00000000c2c00000, 0x00000000c2c00000, 0x00000000c2d00000|  0%| F|  |TAMS 0x00000000c2c00000, 0x00000000c2c00000| Untracked 
|  33|0x00000000c2d00000, 0x00000000c2d00000, 0x00000000c2e00000|  0%| F|  |TAMS 0x00000000c2d00000, 0x00000000c2d00000| Untracked 
|  34|0x00000000c2e00000, 0x00000000c2e00000, 0x00000000c2f00000|  0%| F|  |TAMS 0x00000000c2e00000, 0x00000000c2e00000| Untracked 
|  35|0x00000000c2f00000, 0x00000000c2f00000, 0x00000000c3000000|  0%| F|  |TAMS 0x00000000c2f00000, 0x00000000c2f00000| Untracked 
|  36|0x00000000c3000000, 0x00000000c3000000, 0x00000000c3100000|  0%| F|  |TAMS 0x00000000c3000000, 0x00000000c3000000| Untracked 
|  37|0x00000000c3100000, 0x00000000c3100000, 0x00000000c3200000|  0%| F|  |TAMS 0x00000000c3100000, 0x00000000c3100000| Untracked 
|  38|0x00000000c3200000, 0x00000000c3200000, 0x00000000c3300000|  0%| F|  |TAMS 0x00000000c3200000, 0x00000000c3200000| Untracked 
|  39|0x00000000c3300000, 0x00000000c3300000, 0x00000000c3400000|  0%| F|  |TAMS 0x00000000c3300000, 0x00000000c3300000| Untracked 
|  40|0x00000000c3400000, 0x00000000c3400000, 0x00000000c3500000|  0%| F|  |TAMS 0x00000000c3400000, 0x00000000c3400000| Untracked 
|  41|0x00000000c3500000, 0x00000000c3500000, 0x00000000c3600000|  0%| F|  |TAMS 0x00000000c3500000, 0x00000000c3500000| Untracked 
|  42|0x00000000c3600000, 0x00000000c3600000, 0x00000000c3700000|  0%| F|  |TAMS 0x00000000c3600000, 0x00000000c3600000| Untracked 
|  43|0x00000000c3700000, 0x00000000c3700000, 0x00000000c3800000|  0%| F|  |TAMS 0x00000000c3700000, 0x00000000c3700000| Untracked 
|  44|0x00000000c3800000, 0x00000000c3800000, 0x00000000c3900000|  0%| F|  |TAMS 0x00000000c3800000, 0x00000000c3800000| Untracked 
|  45|0x00000000c3900000, 0x00000000c3900000, 0x00000000c3a00000|  0%| F|  |TAMS 0x00000000c3900000, 0x00000000c3900000| Untracked 
|  46|0x00000000c3a00000, 0x00000000c3a00000, 0x00000000c3b00000|  0%| F|  |TAMS 0x00000000c3a00000, 0x00000000c3a00000| Untracked 
|  47|0x00000000c3b00000, 0x00000000c3b00000, 0x00000000c3c00000|  0%| F|  |TAMS 0x00000000c3b00000, 0x00000000c3b00000| Untracked 
|  48|0x00000000c3c00000, 0x00000000c3c00000, 0x00000000c3d00000|  0%| F|  |TAMS 0x00000000c3c00000, 0x00000000c3c00000| Untracked 
|  49|0x00000000c3d00000, 0x00000000c3d00000, 0x00000000c3e00000|  0%| F|  |TAMS 0x00000000c3d00000, 0x00000000c3d00000| Untracked 
|  50|0x00000000c3e00000, 0x00000000c3e00000, 0x00000000c3f00000|  0%| F|  |TAMS 0x00000000c3e00000, 0x00000000c3e00000| Untracked 
|  51|0x00000000c3f00000, 0x00000000c3f00000, 0x00000000c4000000|  0%| F|  |TAMS 0x00000000c3f00000, 0x00000000c3f00000| Untracked 
|  52|0x00000000c4000000, 0x00000000c4100000, 0x00000000c4100000|100%| E|CS|TAMS 0x00000000c4000000, 0x00000000c4000000| Complete 
|  53|0x00000000c4100000, 0x00000000c4200000, 0x00000000c4200000|100%| E|CS|TAMS 0x00000000c4100000, 0x00000000c4100000| Complete 
|  54|0x00000000c4200000, 0x00000000c4300000, 0x00000000c4300000|100%| E|CS|TAMS 0x00000000c4200000, 0x00000000c4200000| Complete 
|  55|0x00000000c4300000, 0x00000000c4400000, 0x00000000c4400000|100%| S|CS|TAMS 0x00000000c4300000, 0x00000000c4300000| Complete 
|  56|0x00000000c4400000, 0x00000000c4500000, 0x00000000c4500000|100%| E|CS|TAMS 0x00000000c4400000, 0x00000000c4400000| Complete 
|  57|0x00000000c4500000, 0x00000000c4600000, 0x00000000c4600000|100%| E|CS|TAMS 0x00000000c4500000, 0x00000000c4500000| Complete 
|  58|0x00000000c4600000, 0x00000000c4700000, 0x00000000c4700000|100%| E|CS|TAMS 0x00000000c4600000, 0x00000000c4600000| Complete 
|  59|0x00000000c4700000, 0x00000000c4800000, 0x00000000c4800000|100%| E|CS|TAMS 0x00000000c4700000, 0x00000000c4700000| Complete 
|  60|0x00000000c4800000, 0x00000000c4900000, 0x00000000c4900000|100%| E|CS|TAMS 0x00000000c4800000, 0x00000000c4800000| Complete 
|  61|0x00000000c4900000, 0x00000000c4a00000, 0x00000000c4a00000|100%| E|CS|TAMS 0x00000000c4900000, 0x00000000c4900000| Complete 
|  62|0x00000000c4a00000, 0x00000000c4b00000, 0x00000000c4b00000|100%| E|CS|TAMS 0x00000000c4a00000, 0x00000000c4a00000| Complete 
|  63|0x00000000c4b00000, 0x00000000c4c00000, 0x00000000c4c00000|100%| E|CS|TAMS 0x00000000c4b00000, 0x00000000c4b00000| Complete 

Card table byte_map: [0x000001aa7db60000,0x000001aa7dd60000] _byte_map_base: 0x000001aa7d55a000

Marking Bits (Prev, Next): (CMBitMap*) 0x000001aa7ddb9f68, (CMBitMap*) 0x000001aa7ddb9fa0
 Prev Bits: [0x000001aa7e060000, 0x000001aa7f030000)
 Next Bits: [0x000001aa7f030000, 0x000001aa80000000)

Polling page: 0x000001aa7bd50000

Metaspace:

Usage:
  Non-class:     11.20 MB capacity,    11.00 MB ( 98%) used,   170.54 KB (  1%) free+waste,    29.88 KB ( <1%) overhead. 
      Class:      1.40 MB capacity,     1.28 MB ( 91%) used,   109.11 KB (  8%) free+waste,    14.94 KB (  1%) overhead. 
       Both:     12.60 MB capacity,    12.29 MB ( 97%) used,   279.65 KB (  2%) free+waste,    44.81 KB ( <1%) overhead. 

Virtual space:
  Non-class space:       12.00 MB reserved,      11.25 MB ( 94%) committed 
      Class space:        1.00 GB reserved,       1.50 MB ( <1%) committed 
             Both:        1.01 GB reserved,      12.75 MB (  1%) committed 

Chunk freelists:
   Non-Class:  6.63 KB
       Class:  256 bytes
        Both:  6.88 KB

CodeHeap 'non-profiled nmethods': size=239488Kb used=1507Kb max_used=1507Kb free=237980Kb
 bounds [0x000001aa08950000, 0x000001aa08bc0000, 0x000001aa17330000]
CodeHeap 'non-nmethods': size=6272Kb used=1088Kb max_used=1088Kb free=5183Kb
 bounds [0x000001aa08330000, 0x000001aa085a0000, 0x000001aa08950000]
 total_blobs=1512 nmethods=1099 adapters=326
 compilation: enabled
              stopped_count=0, restarted_count=0
 full_count=0

Compilation events (10 events):
Event: 3.645 Thread 0x000001aa19f19800 1088       1       java.lang.String::<init> (55 bytes)
Event: 3.645 Thread 0x000001aa19f19800 nmethod 1088 0x000001aa08ac3910 code [0x000001aa08ac3ae0, 0x000001aa08ac3d90]
Event: 3.645 Thread 0x000001aa19f19800 1089   !   1       java.lang.StringCoding::decode (165 bytes)
Event: 3.646 Thread 0x000001aa19f19800 nmethod 1089 0x000001aa08ac3f10 code [0x000001aa08ac4200, 0x000001aa08ac4c00]
Event: 3.646 Thread 0x000001aa19f19800 1090       1       java.lang.String::<init> (127 bytes)
Event: 3.647 Thread 0x000001aa19f19800 nmethod 1090 0x000001aa08ac5390 code [0x000001aa08ac5560, 0x000001aa08ac58f0]
Event: 3.647 Thread 0x000001aa19f19800 1091       1       java.util.jar.Attributes::putValue (13 bytes)
Event: 3.647 Thread 0x000001aa19f19800 nmethod 1091 0x000001aa08ac5a90 code [0x000001aa08ac5c80, 0x000001aa08ac6070]
Event: 3.672 Thread 0x000001aa19f19800 1092       1       sun.nio.cs.MS1252::historicalName (3 bytes)
Event: 3.672 Thread 0x000001aa19f19800 nmethod 1092 0x000001aa08ac6290 code [0x000001aa08ac6420, 0x000001aa08ac6538]

GC Heap History (6 events):
Event: 1.942 GC heap before
{Heap before GC invocations=0 (full 0):
 garbage-first heap   total 65536K, used 7168K [0x00000000c0c00000, 0x0000000100000000)
  region size 1024K, 7 young (7168K), 0 survivors (0K)
 Metaspace       used 6067K, capacity 6166K, committed 6272K, reserved 1056768K
  class space    used 538K, capacity 567K, committed 640K, reserved 1048576K
}
Event: 1.950 GC heap after
{Heap after GC invocations=1 (full 0):
 garbage-first heap   total 65536K, used 5577K [0x00000000c0c00000, 0x0000000100000000)
  region size 1024K, 1 young (1024K), 1 survivors (1024K)
 Metaspace       used 6067K, capacity 6166K, committed 6272K, reserved 1056768K
  class space    used 538K, capacity 567K, committed 640K, reserved 1048576K
}
Event: 2.017 GC heap before
{Heap before GC invocations=1 (full 0):
 garbage-first heap   total 65536K, used 8649K [0x00000000c0c00000, 0x0000000100000000)
  region size 1024K, 5 young (5120K), 1 survivors (1024K)
 Metaspace       used 6068K, capacity 6166K, committed 6272K, reserved 1056768K
  class space    used 538K, capacity 567K, committed 640K, reserved 1048576K
}
Event: 2.023 GC heap after
{Heap after GC invocations=2 (full 0):
 garbage-first heap   total 65536K, used 9216K [0x00000000c0c00000, 0x0000000100000000)
  region size 1024K, 1 young (1024K), 1 survivors (1024K)
 Metaspace       used 6068K, capacity 6166K, committed 6272K, reserved 1056768K
  class space    used 538K, capacity 567K, committed 640K, reserved 1048576K
}
Event: 2.178 GC heap before
{Heap before GC invocations=2 (full 0):
 garbage-first heap   total 65536K, used 15360K [0x00000000c0c00000, 0x0000000100000000)
  region size 1024K, 8 young (8192K), 1 survivors (1024K)
 Metaspace       used 6069K, capacity 6166K, committed 6272K, reserved 1056768K
  class space    used 538K, capacity 567K, committed 640K, reserved 1048576K
}
Event: 2.186 GC heap after
{Heap after GC invocations=3 (full 0):
 garbage-first heap   total 65536K, used 15969K [0x00000000c0c00000, 0x0000000100000000)
  region size 1024K, 1 young (1024K), 1 survivors (1024K)
 Metaspace       used 6069K, capacity 6166K, committed 6272K, reserved 1056768K
  class space    used 538K, capacity 567K, committed 640K, reserved 1048576K
}

Deoptimization events (0 events):
No events

Classes redefined (0 events):
No events

Internal exceptions (10 events):
Event: 2.821 Thread 0x000001aa7dd8c800 Exception <a 'java/lang/NoSuchMethodError'{0x00000000c45d9408}: java.lang.invoke.DirectMethodHandle$Holder.invokeSpecialIFC(Ljava/lang/Object;Ljava/lang/Object;Ljava/lang/Object;)I> (0x00000000c45d9408) thrown at [./open/src/hotspot/share/interpreter/link
Event: 2.881 Thread 0x000001aa7dd8c800 Exception <a 'java/lang/NoSuchMethodError'{0x00000000c4441ce8}: java.lang.invoke.DirectMethodHandle$Holder.invokeStatic(Ljava/lang/Object;IIII)Ljava/lang/Object;> (0x00000000c4441ce8) thrown at [./open/src/hotspot/share/interpreter/linkResolver.cpp, line 
Event: 2.881 Thread 0x000001aa7dd8c800 Exception <a 'java/lang/NoSuchMethodError'{0x00000000c4444e00}: java.lang.invoke.DirectMethodHandle$Holder.invokeStaticInit(Ljava/lang/Object;IIII)Ljava/lang/Object;> (0x00000000c4444e00) thrown at [./open/src/hotspot/share/interpreter/linkResolver.cpp, l
Event: 3.368 Thread 0x000001aa7dd8c800 Exception <a 'java/lang/NoSuchMethodError'{0x00000000c44cd2c0}: java.lang.invoke.DirectMethodHandle$Holder.invokeStatic(Ljava/lang/Object;Ljava/lang/Object;IIII)Ljava/lang/Object;> (0x00000000c44cd2c0) thrown at [./open/src/hotspot/share/interpreter/linkR
Event: 3.369 Thread 0x000001aa7dd8c800 Exception <a 'java/lang/NoSuchMethodError'{0x00000000c44d0608}: java.lang.invoke.DirectMethodHandle$Holder.invokeStaticInit(Ljava/lang/Object;Ljava/lang/Object;IIII)Ljava/lang/Object;> (0x00000000c44d0608) thrown at [./open/src/hotspot/share/interpreter/l
Event: 3.403 Thread 0x000001aa7dd8c800 Exception <a 'java/lang/ClassNotFoundException'{0x00000000c44eddb8}: javax/management/remote/rmi/RMIServerImpl_Skel> (0x00000000c44eddb8) thrown at [./open/src/hotspot/share/classfile/systemDictionary.cpp, line 228]
Event: 3.528 Thread 0x000001aa7dd8c800 Exception <a 'java/lang/ClassNotFoundException'{0x00000000c42af320}: jdk/internal/agent/resources/spi/agentProvider> (0x00000000c42af320) thrown at [./open/src/hotspot/share/classfile/systemDictionary.cpp, line 228]
Event: 3.556 Thread 0x000001aa7dd8c800 Exception <a 'java/lang/NoSuchMethodError'{0x00000000c4104ed0}: java.lang.invoke.DirectMethodHandle$Holder.invokeStatic(Ljava/lang/Object;Ljava/lang/Object;Ljava/lang/Object;Ljava/lang/Object;Ljava/lang/Object;Ljava/lang/Object;Ljava/lang/Object;Ljava/lan
Event: 3.557 Thread 0x000001aa7dd8c800 Exception <a 'java/lang/NoSuchMethodError'{0x00000000c41116f0}: java.lang.invoke.DirectMethodHandle$Holder.invokeStatic(Ljava/lang/Object;Ljava/lang/Object;Ljava/lang/Object;Ljava/lang/Object;Ljava/lang/Object;Ljava/lang/Object;Ljava/lang/Object;Ljava/lan
Event: 3.560 Thread 0x000001aa7dd8c800 Exception <a 'java/lang/NoSuchMethodError'{0x00000000c412b1c8}: java.lang.invoke.DelegatingMethodHandle$Holder.reinvoke_L(Ljava/lang/Object;ILjava/lang/Object;)Ljava/lang/Object;> (0x00000000c412b1c8) thrown at [./open/src/hotspot/share/interpreter/linkRe

Events (10 events):
Event: 3.641 loading class org/slf4j/helpers/Util
Event: 3.641 loading class org/slf4j/helpers/Util done
Event: 3.644 loading class org/slf4j/impl/StaticLoggerBinder
Event: 3.644 loading class org/slf4j/impl/StaticLoggerBinder done
Event: 3.669 loading class org/slf4j/spi/LoggerFactoryBinder
Event: 3.669 loading class org/slf4j/spi/LoggerFactoryBinder done
Event: 3.670 loading class ch/qos/logback/classic/LoggerContext
Event: 3.670 loading class ch/qos/logback/classic/LoggerContext done
Event: 3.671 loading class ch/qos/logback/core/spi/LifeCycle
Event: 3.671 loading class ch/qos/logback/core/spi/LifeCycle done


Dynamic libraries:
0x00007ff656270000 - 0x00007ff6562b7000 	C:\Program Files\Java\jdk-11.0.7\bin\javaw.exe
0x00007ffb68ab0000 - 0x00007ffb68ca6000 	C:\WINDOWS\SYSTEM32\ntdll.dll
0x00007ffb680f0000 - 0x00007ffb681ad000 	C:\WINDOWS\System32\KERNEL32.DLL
0x00007ffb662f0000 - 0x00007ffb665b9000 	C:\WINDOWS\System32\KERNELBASE.dll
0x00007ffb670a0000 - 0x00007ffb6714c000 	C:\WINDOWS\System32\ADVAPI32.dll
0x00007ffb67ad0000 - 0x00007ffb67b6e000 	C:\WINDOWS\System32\msvcrt.dll
0x00007ffb67180000 - 0x00007ffb6721c000 	C:\WINDOWS\System32\sechost.dll
0x00007ffb67c40000 - 0x00007ffb67d6b000 	C:\WINDOWS\System32\RPCRT4.dll
0x00007ffb67f50000 - 0x00007ffb680f0000 	C:\WINDOWS\System32\USER32.dll
0x00007ffb667f0000 - 0x00007ffb66812000 	C:\WINDOWS\System32\win32u.dll
0x00007ffb67150000 - 0x00007ffb6717a000 	C:\WINDOWS\System32\GDI32.dll
0x00007ffb665c0000 - 0x00007ffb666c9000 	C:\WINDOWS\System32\gdi32full.dll
0x00007ffb66750000 - 0x00007ffb667ed000 	C:\WINDOWS\System32\msvcp_win.dll
0x00007ffb661f0000 - 0x00007ffb662f0000 	C:\WINDOWS\System32\ucrtbase.dll
0x00007ffb519d0000 - 0x00007ffb51c6b000 	C:\WINDOWS\WinSxS\amd64_microsoft.windows.common-controls_6595b64144ccf1df_6.0.19041.488_none_ca04af081b815d21\COMCTL32.dll
0x00007ffb5d460000 - 0x00007ffb5d46a000 	C:\WINDOWS\SYSTEM32\VERSION.dll
0x00007ffb67f20000 - 0x00007ffb67f50000 	C:\WINDOWS\System32\IMM32.DLL
0x00007ffb5ecd0000 - 0x00007ffb5ece6000 	C:\Program Files\Java\jdk-11.0.7\bin\vcruntime140.dll
0x00007ffb5ec20000 - 0x00007ffb5ecca000 	C:\Program Files\Java\jdk-11.0.7\bin\msvcp140.dll
0x00007ffb321d0000 - 0x00007ffb32d31000 	C:\Program Files\Java\jdk-11.0.7\bin\server\jvm.dll
0x00007ffb688c0000 - 0x00007ffb688c8000 	C:\WINDOWS\System32\PSAPI.DLL
0x00007ffb59510000 - 0x00007ffb59519000 	C:\WINDOWS\SYSTEM32\WSOCK32.dll
0x00007ffb68760000 - 0x00007ffb687cb000 	C:\WINDOWS\System32\WS2_32.dll
0x00007ffb5fba0000 - 0x00007ffb5fbc7000 	C:\WINDOWS\SYSTEM32\WINMM.dll
0x00007ffb64dd0000 - 0x00007ffb64de2000 	C:\WINDOWS\SYSTEM32\kernel.appcore.dll
0x00007ffb639f0000 - 0x00007ffb63a01000 	C:\Program Files\Java\jdk-11.0.7\bin\verify.dll
0x00007ffb56eb0000 - 0x00007ffb57094000 	C:\WINDOWS\SYSTEM32\DBGHELP.DLL
0x00007ffb56e80000 - 0x00007ffb56eac000 	C:\WINDOWS\SYSTEM32\dbgcore.DLL
0x00007ffb666d0000 - 0x00007ffb66750000 	C:\WINDOWS\System32\bcryptPrimitives.dll
0x00007ffb5f3c0000 - 0x00007ffb5f3e9000 	C:\Program Files\Java\jdk-11.0.7\bin\java.dll
0x00007ffb639e0000 - 0x00007ffb639ea000 	C:\Program Files\Java\jdk-11.0.7\bin\jimage.dll
0x00007ffb5f8f0000 - 0x00007ffb5f906000 	C:\Program Files\Java\jdk-11.0.7\bin\zip.dll
0x00007ffb67360000 - 0x00007ffb67aa2000 	C:\WINDOWS\System32\SHELL32.dll
0x00007ffb64230000 - 0x00007ffb649c5000 	C:\WINDOWS\SYSTEM32\windows.storage.dll
0x00007ffb68260000 - 0x00007ffb685b6000 	C:\WINDOWS\System32\combase.dll
0x00007ffb65c60000 - 0x00007ffb65c8c000 	C:\WINDOWS\SYSTEM32\Wldp.dll
0x00007ffb681b0000 - 0x00007ffb6825e000 	C:\WINDOWS\System32\SHCORE.dll
0x00007ffb66b70000 - 0x00007ffb66bc5000 	C:\WINDOWS\System32\shlwapi.dll
0x00007ffb66120000 - 0x00007ffb66146000 	C:\WINDOWS\SYSTEM32\profapi.dll
0x00007ffb5f000000 - 0x00007ffb5f019000 	C:\Program Files\Java\jdk-11.0.7\bin\net.dll
0x00007ffb5cf70000 - 0x00007ffb5d070000 	C:\WINDOWS\SYSTEM32\WINHTTP.dll
0x00007ffb659e0000 - 0x00007ffb65a4a000 	C:\WINDOWS\system32\mswsock.dll
0x00007ffb5eed0000 - 0x00007ffb5eee3000 	C:\Program Files\Java\jdk-11.0.7\bin\nio.dll
0x00007ffb60d20000 - 0x00007ffb60d29000 	C:\Program Files\Java\jdk-11.0.7\bin\management.dll
0x00007ffb608f0000 - 0x00007ffb608fc000 	C:\Program Files\Java\jdk-11.0.7\bin\management_ext.dll
0x00007ffb4a490000 - 0x00007ffb4a4a7000 	C:\WINDOWS\system32\napinsp.dll
0x00007ffb3a490000 - 0x00007ffb3a4ab000 	C:\WINDOWS\system32\pnrpnsp.dll
0x00007ffb4af30000 - 0x00007ffb4af45000 	C:\WINDOWS\system32\wshbth.dll
0x00007ffb62d00000 - 0x00007ffb62d1d000 	C:\WINDOWS\system32\NLAapi.dll
0x00007ffb65680000 - 0x00007ffb656bb000 	C:\WINDOWS\SYSTEM32\IPHLPAPI.DLL
0x00007ffb65720000 - 0x00007ffb657eb000 	C:\WINDOWS\SYSTEM32\DNSAPI.dll
0x00007ffb688d0000 - 0x00007ffb688d8000 	C:\WINDOWS\System32\NSI.dll
0x00007ffb3a470000 - 0x00007ffb3a482000 	C:\WINDOWS\System32\winrnr.dll
0x00007ffb5c3b0000 - 0x00007ffb5c3ba000 	C:\Windows\System32\rasadhlp.dll
0x00007ffb5d070000 - 0x00007ffb5d0ef000 	C:\WINDOWS\System32\fwpuclnt.dll
0x00007ffb66870000 - 0x00007ffb66897000 	C:\WINDOWS\System32\bcrypt.dll
0x00007ffb65bb0000 - 0x00007ffb65bc8000 	C:\WINDOWS\SYSTEM32\CRYPTSP.dll
0x00007ffb65300000 - 0x00007ffb65334000 	C:\WINDOWS\system32\rsaenh.dll
0x00007ffb660e0000 - 0x00007ffb6610e000 	C:\WINDOWS\SYSTEM32\USERENV.dll
0x00007ffb65bd0000 - 0x00007ffb65bdc000 	C:\WINDOWS\SYSTEM32\CRYPTBASE.dll
0x00007ffb5f120000 - 0x00007ffb5f137000 	C:\WINDOWS\SYSTEM32\dhcpcsvc6.DLL
0x00007ffb5f1f0000 - 0x00007ffb5f20d000 	C:\WINDOWS\SYSTEM32\dhcpcsvc.DLL

dbghelp: loaded successfully - version: 4.0.5 - missing functions: none
symbol engine: initialized successfully - sym options: 0x614 - pdb path: .;C:\Program Files\Java\jdk-11.0.7\bin;C:\WINDOWS\SYSTEM32;C:\WINDOWS\WinSxS\amd64_microsoft.windows.common-controls_6595b64144ccf1df_6.0.19041.488_none_ca04af081b815d21;C:\Program Files\Java\jdk-11.0.7\bin\server

VM Arguments:
jvm_args: -Dcom.sun.management.jmxremote -Dcom.sun.management.jmxremote.port=53691 -Dcom.sun.management.jmxremote.authenticate=false -Dcom.sun.management.jmxremote.ssl=false -Djava.rmi.server.hostname=localhost -Dspring.jmx.enabled=true -Dspring.application.admin.enabled=true -Xverify:none -XX:TieredStopAtLevel=1 -Dspring.boot.project.name=cursomc -Dfile.encoding=UTF-8 
java_command: com.mkwinformatica.cursomc.CursomcApplication --spring.output.ansi.enabled=always
java_class_path (initial): C:\temp\ws-sts\cursomc\target\classes;C:\Users\Marcos\.m2\repository\org\springframework\boot\spring-boot-starter-web\2.3.3.RELEASE\spring-boot-starter-web-2.3.3.RELEASE.jar;C:\Users\Marcos\.m2\repository\org\springframework\boot\spring-boot-starter\2.3.3.RELEASE\spring-boot-starter-2.3.3.RELEASE.jar;C:\Users\Marcos\.m2\repository\org\springframework\boot\spring-boot-starter-logging\2.3.3.RELEASE\spring-boot-starter-logging-2.3.3.RELEASE.jar;C:\Users\Marcos\.m2\repository\ch\qos\logback\logback-classic\1.2.3\logback-classic-1.2.3.jar;C:\Users\Marcos\.m2\repository\ch\qos\logback\logback-core\1.2.3\logback-core-1.2.3.jar;C:\Users\Marcos\.m2\repository\org\apache\logging\log4j\log4j-to-slf4j\2.13.3\log4j-to-slf4j-2.13.3.jar;C:\Users\Marcos\.m2\repository\org\apache\logging\log4j\log4j-api\2.13.3\log4j-api-2.13.3.jar;C:\Users\Marcos\.m2\repository\org\slf4j\jul-to-slf4j\1.7.30\jul-to-slf4j-1.7.30.jar;C:\Users\Marcos\.m2\repository\jakarta\annotation\jakarta.annotation-api\1.3.5\jakarta.annotation-api-1.3.5.jar;C:\Users\Marcos\.m2\repository\org\yaml\snakeyaml\1.26\snakeyaml-1.26.jar;C:\Users\Marcos\.m2\repository\org\springframework\boot\spring-boot-starter-json\2.3.3.RELEASE\spring-boot-starter-json-2.3.3.RELEASE.jar;C:\Users\Marcos\.m2\repository\com\fasterxml\jackson\datatype\jackson-datatype-jdk8\2.11.2\jackson-datatype-jdk8-2.11.2.jar;C:\Users\Marcos\.m2\repository\com\fasterxml\jackson\datatype\jackson-datatype-jsr310\2.11.2\jackson-datatype-jsr310-2.11.2.jar;C:\Users\Marcos\.m2\repository\com\fasterxml\jackson\module\jackson-module-parameter-names\2.11.2\jackson-module-parameter-names-2.11.2.jar;C:\Users\Marcos\.m2\repository\org\springframework\boot\spring-boot-starter-tomcat\2.3.3.RELEASE\spring-boot-starter-tomcat-2.3.3.RELEASE.jar;C:\Users\Marcos\.m2\repository\org\apache\tomcat\embed\tomcat-embed-core\9.0.37\tomcat-embed-core-9.0.37.jar;C:\Users\Marcos\.m2\repository\org\glassfish\jakarta.el\3.0.3\jakarta.el-3.0.3.jar;C:\Users\M
Launcher Type: SUN_STANDARD

[Global flags]
     bool BytecodeVerificationLocal                = false                                     {product} {command line}
     bool BytecodeVerificationRemote               = false                                     {product} {command line}
     intx CICompilerCount                          = 2                                         {product} {ergonomic}
     uint ConcGCThreads                            = 1                                         {product} {ergonomic}
     uint G1ConcRefinementThreads                  = 2                                         {product} {ergonomic}
   size_t G1HeapRegionSize                         = 1048576                                   {product} {ergonomic}
    uintx GCDrainStackTargetSize                   = 64                                        {product} {ergonomic}
   size_t InitialHeapSize                          = 67108864                                  {product} {ergonomic}
     bool ManagementServer                         = true                                      {product} {command line}
   size_t MarkStackSize                            = 4194304                                   {product} {ergonomic}
   size_t MaxHeapSize                              = 1061158912                                {product} {ergonomic}
   size_t MaxNewSize                               = 636485632                                 {product} {ergonomic}
   size_t MinHeapDeltaBytes                        = 1048576                                   {product} {ergonomic}
    uintx NonNMethodCodeHeapSize                   = 6396312                                {pd product} {ergonomic}
    uintx NonProfiledCodeHeapSize                  = 245261928                              {pd product} {ergonomic}
    uintx ProfiledCodeHeapSize                     = 0                                      {pd product} {ergonomic}
    uintx ReservedCodeCacheSize                    = 251658240                              {pd product} {ergonomic}
     bool SegmentedCodeCache                       = true                                      {product} {ergonomic}
     intx TieredStopAtLevel                        = 1                                         {product} {command line}
     bool UseCompressedClassPointers               = true                                 {lp64_product} {ergonomic}
     bool UseCompressedOops                        = true                                 {lp64_product} {ergonomic}
     bool UseG1GC                                  = true                                      {product} {ergonomic}
     bool UseLargePagesIndividualAllocation        = false                                  {pd product} {ergonomic}

Logging:
Log output configuration:
 #0: stdout all=warning uptime,level,tags
 #1: stderr all=off uptime,level,tags

Environment Variables:
JAVA_HOME=C:\Program Files\Java\jdk-11.0.7
PATH=C:/Program Files/Java/jdk-11.0.7/bin/server;C:/Program Files/Java/jdk-11.0.7/bin;C:\Python38\Scripts\;C:\Python38\;C:\WINDOWS\system32;C:\WINDOWS;C:\WINDOWS\System32\Wbem;C:\WINDOWS\System32\WindowsPowerShell\v1.0\;C:\WINDOWS\System32\OpenSSH\;C:\Program Files\Git\cmd;C:\Program Files\Java\jdk-11.0.7\bin;C:\ProgramData\chocolatey\bin;C:\Program Files\nodejs\;C:\xampp\mysql\bin;C:\Users\Marcos\AppData\Local\Microsoft\WindowsApps;C:\Program Files\heroku\bin;C:\Users\Marcos\AppData\Local\Programs\Microsoft VS Code\bin;C:\Users\Marcos\AppData\Roaming\npm;C:\Program Files\Spring Toll Suite 4;
USERNAME=Marcos
OS=Windows_NT
PROCESSOR_IDENTIFIER=Intel64 Family 6 Model 23 Stepping 10, GenuineIntel



---------------  S Y S T E M  ---------------

OS: Windows 10 , 64 bit Build 19041 (10.0.19041.662)

CPU:total 2 (initial active 2) (2 cores per cpu, 1 threads per core) family 6 model 23 stepping 10, cmov, cx8, fxsr, mmx, sse, sse2, sse3, ssse3, sse4.1, tsc

Memory: 4k page, system-wide physical 4047M (502M free)
TotalPageFile size 7759M (AvailPageFile size 2642M)
current process WorkingSet (physical memory assigned to process): 71M, peak: 71M
current process commit charge ("private bytes"): 146M, peak: 146M

vm_info: Java HotSpot(TM) 64-Bit Server VM (11.0.7+8-LTS) for windows-amd64 JRE (11.0.7+8-LTS), built on Mar 12 2020 02:04:32 by "mach5one" with MS VC++ 15.5 (VS2017)

END.
