#
# A fatal error has been detected by the Java Runtime Environment:
#
#  EXCEPTION_ACCESS_VIOLATION (0xc0000005) at pc=0x00007ff93a9ea4ed, pid=6696, tid=7060
#
# JRE version: Java(TM) SE Runtime Environment 18.9 (11.0.7+8) (build 11.0.7+8-LTS)
# Java VM: Java HotSpot(TM) 64-Bit Server VM 18.9 (11.0.7+8-LTS, mixed mode, tiered, compressed oops, g1 gc, windows-amd64)
# Problematic frame:
# V  [jvm.dll+0x68a4ed]
#
# No core dump will be written. Minidumps are not enabled by default on client versions of Windows
#
# If you would like to submit a bug report, please visit:
#   https://bugreport.java.com/bugreport/crash.jsp
#

---------------  S U M M A R Y ------------

Command Line: -Dcom.sun.management.jmxremote -Dcom.sun.management.jmxremote.port=61383 -Dcom.sun.management.jmxremote.authenticate=false -Dcom.sun.management.jmxremote.ssl=false -Djava.rmi.server.hostname=localhost -Dspring.jmx.enabled=true -Dspring.application.admin.enabled=true -Xverify:none -XX:TieredStopAtLevel=1 -Dspring.boot.project.name=cursomc -Dfile.encoding=UTF-8 com.mkwinformatica.cursomc.CursomcApplication --spring.output.ansi.enabled=always

Host: Intel(R) Core(TM)2 Duo CPU     P7550  @ 2.26GHz, 2 cores, 3G,  Windows 10 , 64 bit Build 19041 (10.0.19041.546)
Time: Mon Nov 30 16:17:28 2020 E. South America Standard Time elapsed time: 178 seconds (0d 0h 2m 58s)

---------------  T H R E A D  ---------------

Current thread (0x000001bdce297000):  JavaThread "DestroyJavaVM" [_thread_in_vm, id=7060, stack(0x0000004e37500000,0x0000004e37600000)]

Stack: [0x0000004e37500000,0x0000004e37600000],  sp=0x0000004e375ff640,  free space=1021k
Native frames: (J=compiled Java code, j=interpreted, Vv=VM code, C=native code)
V  [jvm.dll+0x68a4ed]
V  [jvm.dll+0x68ab5a]
V  [jvm.dll+0x375509]
V  [jvm.dll+0x760aa3]
V  [jvm.dll+0x3dead8]
C  [javaw.exe+0x367e]
C  [javaw.exe+0x17e2c]
C  [KERNEL32.DLL+0x17034]
C  [ntdll.dll+0x4cec1]


siginfo: EXCEPTION_ACCESS_VIOLATION (0xc0000005), reading address 0x000000080000000f


Register to memory mapping:

RIP=0x00007ff93a9ea4ed jvm.dll
RAX=0x0000000000000001 is an unknown value
RBX=0x0000000800000007 is an unknown value
RCX=0x000001bda86a0000 points into unknown readable memory: 00 00 00 00 00 00 00 00
RDX=0x000001bda86a0000 points into unknown readable memory: 00 00 00 00 00 00 00 00
RSP=0x0000004e375ff640 points into unknown readable memory: cd 00 00 00 00 00 00 00
RBP=0x0 is NULL
RSI=0x0000000000000001 is an unknown value
RDI=0x000001bdc7ca94f0 points into unknown readable memory: 07 00 00 00 08 00 00 00
R8 =0x0000000000000006 is an unknown value
R9 =0x0000000000000001 is an unknown value
R10=0x0000000000008000 is an unknown value
R11=0x0000004e375ff540 points into unknown readable memory: ed a4 9e 3a f9 7f 00 00
R12=0x000001bda891a838 points into unknown readable memory: 50 50 c6 c7 00 00 00 00
R13=0x000001bda86b9770 points into unknown readable memory: 63 6f 6d 2e 6d 6b 77 69
R14=0x000001bda891a828 points into unknown readable memory: f0 4f c6 c7 00 00 00 00
R15=0x000001bda891a820 points into unknown readable memory: e0 4f c6 c7 00 00 00 00


Registers:
RAX=0x0000000000000001, RBX=0x0000000800000007, RCX=0x000001bda86a0000, RDX=0x000001bda86a0000
RSP=0x0000004e375ff640, RBP=0x0000000000000000, RSI=0x0000000000000001, RDI=0x000001bdc7ca94f0
R8 =0x0000000000000006, R9 =0x0000000000000001, R10=0x0000000000008000, R11=0x0000004e375ff540
R12=0x000001bda891a838, R13=0x000001bda86b9770, R14=0x000001bda891a828, R15=0x000001bda891a820
RIP=0x00007ff93a9ea4ed, EFLAGS=0x0000000000010202

Top of Stack: (sp=0x0000004e375ff640)
0x0000004e375ff640:   00000000000000cd 00007ff900000000
0x0000004e375ff650:   000001bd00000000 0000000000000000
0x0000004e375ff660:   000001bdce297000 00007ff93a9eab5a
0x0000004e375ff670:   000001bda89146e0 0000004e375ff828
0x0000004e375ff680:   0000000000000001 000001bdce297000
0x0000004e375ff690:   000001bdce0caf80 00007ff93a6d5509
0x0000004e375ff6a0:   0000000000000000 0000004e375ff828
0x0000004e375ff6b0:   0000000000000000 000001bd00000011
0x0000004e375ff6c0:   000001bdce297000 00007ff93aac0aa3
0x0000004e375ff6d0:   000001bda89146e0 000001bdce297000
0x0000004e375ff6e0:   0000000000000001 0000004e375ff828
0x0000004e375ff6f0:   000001bdce297000 000001bda891a828
0x0000004e375ff700:   000000000000000e 0000000000000000
0x0000004e375ff710:   000001bdcc200900 000001bda8917db0
0x0000004e375ff720:   000001bdce297000 000001bdcc200920
0x0000004e375ff730:   000001bda8917db0 000001bda8917dc0 

Instructions: (pc=0x00007ff93a9ea4ed)
0x00007ff93a9ea4cd:   8b ce e8 0c f4 a2 ff 48 8b 3d a5 a5 41 00 48 8b
0x00007ff93a9ea4dd:   74 24 40 48 85 ff 74 39 48 8b 1f 48 85 db 74 29
0x00007ff93a9ea4ed:   48 83 7b 08 01 75 1a 48 8b 53 18 89 2b 48 85 d2
0x00007ff93a9ea4fd:   74 0f 39 6b 04 48 8b cb e8 a6 69 cd ff 48 89 6b 


Stack slot to memory mapping:
stack at sp + 0 slots: 0x00000000000000cd is an unknown value
stack at sp + 1 slots: 0x00007ff900000000 is an unknown value
stack at sp + 2 slots: 0x000001bd00000000 is an unknown value
stack at sp + 3 slots: 0x0 is NULL
stack at sp + 4 slots: 0x000001bdce297000 points into unknown readable memory: 60 93 c6 3a f9 7f 00 00
stack at sp + 5 slots: 0x00007ff93a9eab5a jvm.dll
stack at sp + 6 slots: 0x000001bda89146e0 points into unknown readable memory: 00 00 00 00 00 00 00 00
stack at sp + 7 slots: 0x0000004e375ff828 points into unknown readable memory: 00 00 00 00 00 00 00 00


---------------  P R O C E S S  ---------------

Threads class SMR info:
_java_thread_list=0x000001bdce0caf80, length=17, elements={
0x000001bdc6246000, 0x000001bdc6270000, 0x000001bdc6280000, 0x000001bdc6282000,
0x000001bdc628b800, 0x000001bda89a4800, 0x000001bdc6e16800, 0x000001bdc7ca2800,
0x000001bdc7cc8000, 0x000001bdc7d3b800, 0x000001bdc8126000, 0x000001bdc813c000,
0x000001bdca0e7800, 0x000001bdcbb43000, 0x000001bdce298800, 0x000001bdce29d800,
0x000001bdce298000
}

Java Threads: ( => current thread )
  0x000001bdc6246000 JavaThread "Reference Handler" daemon [_thread_blocked, id=9692, stack(0x0000004e37c00000,0x0000004e37d00000)]
  0x000001bdc6270000 JavaThread "Finalizer" daemon [_thread_blocked, id=5280, stack(0x0000004e37d00000,0x0000004e37e00000)]
  0x000001bdc6280000 JavaThread "Attach Listener" daemon [_thread_blocked, id=2476, stack(0x0000004e37f00000,0x0000004e38000000)]
  0x000001bdc6282000 JavaThread "C1 CompilerThread0" daemon [_thread_blocked, id=3168, stack(0x0000004e38000000,0x0000004e38100000)]
  0x000001bdc628b800 JavaThread "Sweeper thread" daemon [_thread_blocked, id=8848, stack(0x0000004e38100000,0x0000004e38200000)]
  0x000001bda89a4800 JavaThread "Common-Cleaner" daemon [_thread_blocked, id=3360, stack(0x0000004e38200000,0x0000004e38300000)]
  0x000001bdc6e16800 JavaThread "Service Thread" daemon [_thread_blocked, id=4632, stack(0x0000004e38300000,0x0000004e38400000)]
  0x000001bdc7ca2800 JavaThread "RMI TCP Accept-0" daemon [_thread_in_native, id=116, stack(0x0000004e38500000,0x0000004e38600000)]
  0x000001bdc7cc8000 JavaThread "RMI TCP Accept-61383" daemon [_thread_in_native, id=7068, stack(0x0000004e38600000,0x0000004e38700000)]
  0x000001bdc7d3b800 JavaThread "RMI TCP Accept-0" daemon [_thread_in_native, id=9608, stack(0x0000004e38700000,0x0000004e38800000)]
  0x000001bdc8126000 JavaThread "RMI Scheduler(0)" daemon [_thread_blocked, id=6212, stack(0x0000004e38b00000,0x0000004e38c00000)]
  0x000001bdc813c000 JavaThread "JMX server connection timeout 18" daemon [_thread_blocked, id=9744, stack(0x0000004e38c00000,0x0000004e38d00000)]
  0x000001bdca0e7800 JavaThread "mysql-cj-abandoned-connection-cleanup" daemon [_thread_blocked, id=8064, stack(0x0000004e38f00000,0x0000004e39000000)]
  0x000001bdcbb43000 JavaThread "Live Reload Server" daemon [_thread_in_native, id=9436, stack(0x0000004e39900000,0x0000004e39a00000)]
  0x000001bdce298800 JavaThread "RMI TCP Connection(11)-127.0.0.1" daemon [_thread_in_native, id=724, stack(0x0000004e38d00000,0x0000004e38e00000)]
  0x000001bdce29d800 JavaThread "RMI TCP Connection(12)-127.0.0.1" daemon [_thread_in_native, id=6708, stack(0x0000004e37300000,0x0000004e37400000)]
  0x000001bdce298000 JavaThread "JMX server connection timeout 62" daemon [_thread_blocked, id=8720, stack(0x0000004e38900000,0x0000004e38a00000)]

Other Threads:
  0x000001bda8930000 GCTaskThread "GC Thread#0" [stack: 0x0000004e37600000,0x0000004e37700000] [id=2740]
  0x000001bdc7199800 GCTaskThread "GC Thread#1" [stack: 0x0000004e38400000,0x0000004e38500000] [id=9116]
  0x000001bda894a800 ConcurrentGCThread "G1 Main Marker" [stack: 0x0000004e37700000,0x0000004e37800000] [id=4944]
  0x000001bda894d000 ConcurrentGCThread "G1 Conc#0" [stack: 0x0000004e37800000,0x0000004e37900000] [id=4552]
  0x000001bda899a000 ConcurrentGCThread "G1 Refine#0" [stack: 0x0000004e37900000,0x0000004e37a00000] [id=1348]
  0x000001bda899b800 ConcurrentGCThread "G1 Young RemSet Sampling" [stack: 0x0000004e37a00000,0x0000004e37b00000] [id=4448]

=>0x000001bdce297000 (exited) JavaThread "DestroyJavaVM" [_thread_in_vm, id=7060, stack(0x0000004e37500000,0x0000004e37600000)]

Threads with active compile tasks:

VM state:at safepoint (shutting down)

VM Mutex/Monitor currently owned by a thread:  ([mutex/lock_event])
[0x000001bda8914e30] Threads_lock - owner thread: 0x000001bdc623f800

Heap address: 0x00000000c0c00000, size: 1012 MB, Compressed Oops mode: 32-bit
Narrow klass base: 0x0000000000000000, Narrow klass shift: 3
Compressed class space size: 1073741824 Address: 0x0000000100000000

Heap:
 garbage-first heap   total 180224K, used 114897K [0x00000000c0c00000, 0x0000000100000000)
  region size 1024K, 72 young (73728K), 6 survivors (6144K)
 Metaspace       used 77013K, capacity 79034K, committed 79280K, reserved 1118208K
  class space    used 10101K, capacity 10887K, committed 11008K, reserved 1048576K
Heap Regions: E=young(eden), S=young(survivor), O=old, HS=humongous(starts), HC=humongous(continues), CS=collection set, F=free, A=archive, TAMS=top-at-mark-start (previous, next)
|   0|0x00000000c0c00000, 0x00000000c0d00000, 0x00000000c0d00000|100%|HS|  |TAMS 0x00000000c0d00000, 0x00000000c0c00000| Complete 
|   1|0x00000000c0d00000, 0x00000000c0e00000, 0x00000000c0e00000|100%| O|  |TAMS 0x00000000c0e00000, 0x00000000c0d00000| Untracked 
|   2|0x00000000c0e00000, 0x00000000c0f00000, 0x00000000c0f00000|100%| O|  |TAMS 0x00000000c0f00000, 0x00000000c0e00000| Untracked 
|   3|0x00000000c0f00000, 0x00000000c1000000, 0x00000000c1000000|100%| O|  |TAMS 0x00000000c1000000, 0x00000000c0f00000| Untracked 
|   4|0x00000000c1000000, 0x00000000c1100000, 0x00000000c1100000|100%| O|  |TAMS 0x00000000c1100000, 0x00000000c1000000| Untracked 
|   5|0x00000000c1100000, 0x00000000c1200000, 0x00000000c1200000|100%| O|  |TAMS 0x00000000c1200000, 0x00000000c1100000| Untracked 
|   6|0x00000000c1200000, 0x00000000c1300000, 0x00000000c1300000|100%| O|  |TAMS 0x00000000c1300000, 0x00000000c1200000| Untracked 
|   7|0x00000000c1300000, 0x00000000c1400000, 0x00000000c1400000|100%| O|  |TAMS 0x00000000c1400000, 0x00000000c1300000| Untracked 
|   8|0x00000000c1400000, 0x00000000c1500000, 0x00000000c1500000|100%| O|  |TAMS 0x00000000c1500000, 0x00000000c1400000| Untracked 
|   9|0x00000000c1500000, 0x00000000c1600000, 0x00000000c1600000|100%| O|  |TAMS 0x00000000c1600000, 0x00000000c1500000| Untracked 
|  10|0x00000000c1600000, 0x00000000c1700000, 0x00000000c1700000|100%| O|  |TAMS 0x00000000c1700000, 0x00000000c1600000| Untracked 
|  11|0x00000000c1700000, 0x00000000c1800000, 0x00000000c1800000|100%| O|  |TAMS 0x00000000c1800000, 0x00000000c1700000| Untracked 
|  12|0x00000000c1800000, 0x00000000c1900000, 0x00000000c1900000|100%| O|  |TAMS 0x00000000c1900000, 0x00000000c1800000| Untracked 
|  13|0x00000000c1900000, 0x00000000c1a00000, 0x00000000c1a00000|100%| O|  |TAMS 0x00000000c1a00000, 0x00000000c1900000| Untracked 
|  14|0x00000000c1a00000, 0x00000000c1b00000, 0x00000000c1b00000|100%| O|  |TAMS 0x00000000c1b00000, 0x00000000c1a00000| Untracked 
|  15|0x00000000c1b00000, 0x00000000c1c00000, 0x00000000c1c00000|100%| O|  |TAMS 0x00000000c1c00000, 0x00000000c1b00000| Untracked 
|  16|0x00000000c1c00000, 0x00000000c1d00000, 0x00000000c1d00000|100%| O|  |TAMS 0x00000000c1d00000, 0x00000000c1c00000| Untracked 
|  17|0x00000000c1d00000, 0x00000000c1e00000, 0x00000000c1e00000|100%| O|  |TAMS 0x00000000c1e00000, 0x00000000c1d00000| Untracked 
|  18|0x00000000c1e00000, 0x00000000c1f00000, 0x00000000c1f00000|100%| O|  |TAMS 0x00000000c1f00000, 0x00000000c1e00000| Untracked 
|  19|0x00000000c1f00000, 0x00000000c2000000, 0x00000000c2000000|100%| O|  |TAMS 0x00000000c2000000, 0x00000000c1f00000| Untracked 
|  20|0x00000000c2000000, 0x00000000c2100000, 0x00000000c2100000|100%| O|  |TAMS 0x00000000c2100000, 0x00000000c2000000| Untracked 
|  21|0x00000000c2100000, 0x00000000c2200000, 0x00000000c2200000|100%| O|  |TAMS 0x00000000c2200000, 0x00000000c2100000| Untracked 
|  22|0x00000000c2200000, 0x00000000c2300000, 0x00000000c2300000|100%| O|  |TAMS 0x00000000c2300000, 0x00000000c2200000| Untracked 
|  23|0x00000000c2300000, 0x00000000c2400000, 0x00000000c2400000|100%| O|  |TAMS 0x00000000c2400000, 0x00000000c2300000| Untracked 
|  24|0x00000000c2400000, 0x00000000c2500000, 0x00000000c2500000|100%| O|  |TAMS 0x00000000c2500000, 0x00000000c2400000| Untracked 
|  25|0x00000000c2500000, 0x00000000c2600000, 0x00000000c2600000|100%| O|  |TAMS 0x00000000c2600000, 0x00000000c2500000| Untracked 
|  26|0x00000000c2600000, 0x00000000c2700000, 0x00000000c2700000|100%| O|  |TAMS 0x00000000c2700000, 0x00000000c2600000| Untracked 
|  27|0x00000000c2700000, 0x00000000c2800000, 0x00000000c2800000|100%| O|  |TAMS 0x00000000c2800000, 0x00000000c2700000| Untracked 
|  28|0x00000000c2800000, 0x00000000c2900000, 0x00000000c2900000|100%| O|  |TAMS 0x00000000c2900000, 0x00000000c2800000| Untracked 
|  29|0x00000000c2900000, 0x00000000c2a00000, 0x00000000c2a00000|100%| O|  |TAMS 0x00000000c2a00000, 0x00000000c2900000| Untracked 
|  30|0x00000000c2a00000, 0x00000000c2b00000, 0x00000000c2b00000|100%| O|  |TAMS 0x00000000c2b00000, 0x00000000c2a00000| Untracked 
|  31|0x00000000c2b00000, 0x00000000c2c00000, 0x00000000c2c00000|100%| O|  |TAMS 0x00000000c2c00000, 0x00000000c2b00000| Untracked 
|  32|0x00000000c2c00000, 0x00000000c2d00000, 0x00000000c2d00000|100%| O|  |TAMS 0x00000000c2d00000, 0x00000000c2c00000| Untracked 
|  33|0x00000000c2d00000, 0x00000000c2e00000, 0x00000000c2e00000|100%| O|  |TAMS 0x00000000c2e00000, 0x00000000c2d00000| Untracked 
|  34|0x00000000c2e00000, 0x00000000c2f00000, 0x00000000c2f00000|100%| O|  |TAMS 0x00000000c2f00000, 0x00000000c2e00000| Untracked 
|  35|0x00000000c2f00000, 0x00000000c3000000, 0x00000000c3000000|100%| O|  |TAMS 0x00000000c3000000, 0x00000000c2f00000| Untracked 
|  36|0x00000000c3000000, 0x00000000c3100000, 0x00000000c3100000|100%| O|  |TAMS 0x00000000c3100000, 0x00000000c3000000| Untracked 
|  37|0x00000000c3100000, 0x00000000c3200000, 0x00000000c3200000|100%| O|  |TAMS 0x00000000c3200000, 0x00000000c3100000| Untracked 
|  38|0x00000000c3200000, 0x00000000c3300000, 0x00000000c3300000|100%| O|  |TAMS 0x00000000c32c8c00, 0x00000000c3200000| Untracked 
|  39|0x00000000c3300000, 0x00000000c3400000, 0x00000000c3400000|100%| O|  |TAMS 0x00000000c3300000, 0x00000000c3300000| Untracked 
|  40|0x00000000c3400000, 0x00000000c3500000, 0x00000000c3500000|100%| O|  |TAMS 0x00000000c3400000, 0x00000000c3400000| Untracked 
|  41|0x00000000c3500000, 0x00000000c353e800, 0x00000000c3600000| 24%| O|  |TAMS 0x00000000c3500000, 0x00000000c3500000| Untracked 
|  42|0x00000000c3600000, 0x00000000c3600000, 0x00000000c3700000|  0%| F|  |TAMS 0x00000000c3600000, 0x00000000c3600000| Untracked 
|  43|0x00000000c3700000, 0x00000000c3700000, 0x00000000c3800000|  0%| F|  |TAMS 0x00000000c3700000, 0x00000000c3700000| Untracked 
|  44|0x00000000c3800000, 0x00000000c3800000, 0x00000000c3900000|  0%| F|  |TAMS 0x00000000c3800000, 0x00000000c3800000| Untracked 
|  45|0x00000000c3900000, 0x00000000c3900000, 0x00000000c3a00000|  0%| F|  |TAMS 0x00000000c3900000, 0x00000000c3900000| Untracked 
|  46|0x00000000c3a00000, 0x00000000c3a00000, 0x00000000c3b00000|  0%| F|  |TAMS 0x00000000c3a00000, 0x00000000c3a00000| Untracked 
|  47|0x00000000c3b00000, 0x00000000c3b00000, 0x00000000c3c00000|  0%| F|  |TAMS 0x00000000c3b00000, 0x00000000c3b00000| Untracked 
|  48|0x00000000c3c00000, 0x00000000c3c00000, 0x00000000c3d00000|  0%| F|  |TAMS 0x00000000c3c00000, 0x00000000c3c00000| Untracked 
|  49|0x00000000c3d00000, 0x00000000c3d00000, 0x00000000c3e00000|  0%| F|  |TAMS 0x00000000c3d00000, 0x00000000c3d00000| Untracked 
|  50|0x00000000c3e00000, 0x00000000c3e00000, 0x00000000c3f00000|  0%| F|  |TAMS 0x00000000c3e00000, 0x00000000c3e00000| Untracked 
|  51|0x00000000c3f00000, 0x00000000c3f00000, 0x00000000c4000000|  0%| F|  |TAMS 0x00000000c3f00000, 0x00000000c3f00000| Untracked 
|  52|0x00000000c4000000, 0x00000000c4000000, 0x00000000c4100000|  0%| F|  |TAMS 0x00000000c4000000, 0x00000000c4000000| Untracked 
|  53|0x00000000c4100000, 0x00000000c4100000, 0x00000000c4200000|  0%| F|  |TAMS 0x00000000c4100000, 0x00000000c4100000| Untracked 
|  54|0x00000000c4200000, 0x00000000c4200000, 0x00000000c4300000|  0%| F|  |TAMS 0x00000000c4200000, 0x00000000c4200000| Untracked 
|  55|0x00000000c4300000, 0x00000000c4300000, 0x00000000c4400000|  0%| F|  |TAMS 0x00000000c4300000, 0x00000000c4300000| Untracked 
|  56|0x00000000c4400000, 0x00000000c4400000, 0x00000000c4500000|  0%| F|  |TAMS 0x00000000c4400000, 0x00000000c4400000| Untracked 
|  57|0x00000000c4500000, 0x00000000c4500000, 0x00000000c4600000|  0%| F|  |TAMS 0x00000000c4500000, 0x00000000c4500000| Untracked 
|  58|0x00000000c4600000, 0x00000000c4600000, 0x00000000c4700000|  0%| F|  |TAMS 0x00000000c4600000, 0x00000000c4600000| Untracked 
|  59|0x00000000c4700000, 0x00000000c4700000, 0x00000000c4800000|  0%| F|  |TAMS 0x00000000c4700000, 0x00000000c4700000| Untracked 
|  60|0x00000000c4800000, 0x00000000c4800000, 0x00000000c4900000|  0%| F|  |TAMS 0x00000000c4800000, 0x00000000c4800000| Untracked 
|  61|0x00000000c4900000, 0x00000000c4900000, 0x00000000c4a00000|  0%| F|  |TAMS 0x00000000c4900000, 0x00000000c4900000| Untracked 
|  62|0x00000000c4a00000, 0x00000000c4a00000, 0x00000000c4b00000|  0%| F|  |TAMS 0x00000000c4a00000, 0x00000000c4a00000| Untracked 
|  63|0x00000000c4b00000, 0x00000000c4b00000, 0x00000000c4c00000|  0%| F|  |TAMS 0x00000000c4b00000, 0x00000000c4b00000| Untracked 
|  64|0x00000000c4c00000, 0x00000000c4c00000, 0x00000000c4d00000|  0%| F|  |TAMS 0x00000000c4c00000, 0x00000000c4c00000| Untracked 
|  65|0x00000000c4d00000, 0x00000000c4d00000, 0x00000000c4e00000|  0%| F|  |TAMS 0x00000000c4d00000, 0x00000000c4d00000| Untracked 
|  66|0x00000000c4e00000, 0x00000000c4e00000, 0x00000000c4f00000|  0%| F|  |TAMS 0x00000000c4e00000, 0x00000000c4e00000| Untracked 
|  67|0x00000000c4f00000, 0x00000000c4f00000, 0x00000000c5000000|  0%| F|  |TAMS 0x00000000c4f00000, 0x00000000c4f00000| Untracked 
|  68|0x00000000c5000000, 0x00000000c5000000, 0x00000000c5100000|  0%| F|  |TAMS 0x00000000c5000000, 0x00000000c5000000| Untracked 
|  69|0x00000000c5100000, 0x00000000c5100000, 0x00000000c5200000|  0%| F|  |TAMS 0x00000000c5100000, 0x00000000c5100000| Untracked 
|  70|0x00000000c5200000, 0x00000000c5200000, 0x00000000c5300000|  0%| F|  |TAMS 0x00000000c5200000, 0x00000000c5200000| Untracked 
|  71|0x00000000c5300000, 0x00000000c5300000, 0x00000000c5400000|  0%| F|  |TAMS 0x00000000c5300000, 0x00000000c5300000| Untracked 
|  72|0x00000000c5400000, 0x00000000c5400000, 0x00000000c5500000|  0%| F|  |TAMS 0x00000000c5400000, 0x00000000c5400000| Untracked 
|  73|0x00000000c5500000, 0x00000000c5500000, 0x00000000c5600000|  0%| F|  |TAMS 0x00000000c5500000, 0x00000000c5500000| Untracked 
|  74|0x00000000c5600000, 0x00000000c5600000, 0x00000000c5700000|  0%| F|  |TAMS 0x00000000c5600000, 0x00000000c5600000| Untracked 
|  75|0x00000000c5700000, 0x00000000c5700000, 0x00000000c5800000|  0%| F|  |TAMS 0x00000000c5700000, 0x00000000c5700000| Untracked 
|  76|0x00000000c5800000, 0x00000000c5800000, 0x00000000c5900000|  0%| F|  |TAMS 0x00000000c5800000, 0x00000000c5800000| Untracked 
|  77|0x00000000c5900000, 0x00000000c5900000, 0x00000000c5a00000|  0%| F|  |TAMS 0x00000000c5900000, 0x00000000c5900000| Untracked 
|  78|0x00000000c5a00000, 0x00000000c5a00000, 0x00000000c5b00000|  0%| F|  |TAMS 0x00000000c5a00000, 0x00000000c5a00000| Untracked 
|  79|0x00000000c5b00000, 0x00000000c5b00000, 0x00000000c5c00000|  0%| F|  |TAMS 0x00000000c5b00000, 0x00000000c5b00000| Untracked 
|  80|0x00000000c5c00000, 0x00000000c5c00000, 0x00000000c5d00000|  0%| F|  |TAMS 0x00000000c5c00000, 0x00000000c5c00000| Untracked 
|  81|0x00000000c5d00000, 0x00000000c5d00000, 0x00000000c5e00000|  0%| F|  |TAMS 0x00000000c5d00000, 0x00000000c5d00000| Untracked 
|  82|0x00000000c5e00000, 0x00000000c5e00000, 0x00000000c5f00000|  0%| F|  |TAMS 0x00000000c5e00000, 0x00000000c5e00000| Untracked 
|  83|0x00000000c5f00000, 0x00000000c5f00000, 0x00000000c6000000|  0%| F|  |TAMS 0x00000000c5f00000, 0x00000000c5f00000| Untracked 
|  84|0x00000000c6000000, 0x00000000c6000000, 0x00000000c6100000|  0%| F|  |TAMS 0x00000000c6000000, 0x00000000c6000000| Untracked 
|  85|0x00000000c6100000, 0x00000000c6100000, 0x00000000c6200000|  0%| F|  |TAMS 0x00000000c6100000, 0x00000000c6100000| Untracked 
|  86|0x00000000c6200000, 0x00000000c6200000, 0x00000000c6300000|  0%| F|  |TAMS 0x00000000c6200000, 0x00000000c6200000| Untracked 
|  87|0x00000000c6300000, 0x00000000c6300000, 0x00000000c6400000|  0%| F|  |TAMS 0x00000000c6300000, 0x00000000c6300000| Untracked 
|  88|0x00000000c6400000, 0x00000000c6400000, 0x00000000c6500000|  0%| F|  |TAMS 0x00000000c6400000, 0x00000000c6400000| Untracked 
|  89|0x00000000c6500000, 0x00000000c6500000, 0x00000000c6600000|  0%| F|  |TAMS 0x00000000c6500000, 0x00000000c6500000| Untracked 
|  90|0x00000000c6600000, 0x00000000c6600000, 0x00000000c6700000|  0%| F|  |TAMS 0x00000000c6600000, 0x00000000c6600000| Untracked 
|  91|0x00000000c6700000, 0x00000000c6700000, 0x00000000c6800000|  0%| F|  |TAMS 0x00000000c6700000, 0x00000000c6700000| Untracked 
|  92|0x00000000c6800000, 0x00000000c6800000, 0x00000000c6900000|  0%| F|  |TAMS 0x00000000c6800000, 0x00000000c6800000| Untracked 
|  93|0x00000000c6900000, 0x00000000c6900000, 0x00000000c6a00000|  0%| F|  |TAMS 0x00000000c6900000, 0x00000000c6900000| Untracked 
|  94|0x00000000c6a00000, 0x00000000c6af5fd0, 0x00000000c6b00000| 96%| S|CS|TAMS 0x00000000c6a00000, 0x00000000c6a00000| Complete 
|  95|0x00000000c6b00000, 0x00000000c6c00000, 0x00000000c6c00000|100%| S|CS|TAMS 0x00000000c6b00000, 0x00000000c6b00000| Complete 
|  96|0x00000000c6c00000, 0x00000000c6d00000, 0x00000000c6d00000|100%| S|CS|TAMS 0x00000000c6c00000, 0x00000000c6c00000| Complete 
|  97|0x00000000c6d00000, 0x00000000c6e00000, 0x00000000c6e00000|100%| S|CS|TAMS 0x00000000c6d00000, 0x00000000c6d00000| Complete 
|  98|0x00000000c6e00000, 0x00000000c6f00000, 0x00000000c6f00000|100%| S|CS|TAMS 0x00000000c6e00000, 0x00000000c6e00000| Complete 
|  99|0x00000000c6f00000, 0x00000000c7000000, 0x00000000c7000000|100%| S|CS|TAMS 0x00000000c6f00000, 0x00000000c6f00000| Complete 
| 100|0x00000000c7000000, 0x00000000c7000000, 0x00000000c7100000|  0%| F|  |TAMS 0x00000000c7000000, 0x00000000c7000000| Untracked 
| 101|0x00000000c7100000, 0x00000000c7100000, 0x00000000c7200000|  0%| F|  |TAMS 0x00000000c7100000, 0x00000000c7100000| Untracked 
| 102|0x00000000c7200000, 0x00000000c7200000, 0x00000000c7300000|  0%| F|  |TAMS 0x00000000c7200000, 0x00000000c7200000| Untracked 
| 103|0x00000000c7300000, 0x00000000c7300000, 0x00000000c7400000|  0%| F|  |TAMS 0x00000000c7300000, 0x00000000c7300000| Untracked 
| 104|0x00000000c7400000, 0x00000000c7400000, 0x00000000c7500000|  0%| F|  |TAMS 0x00000000c7400000, 0x00000000c7400000| Untracked 
| 105|0x00000000c7500000, 0x00000000c7500000, 0x00000000c7600000|  0%| F|  |TAMS 0x00000000c7500000, 0x00000000c7500000| Untracked 
| 106|0x00000000c7600000, 0x00000000c7600000, 0x00000000c7700000|  0%| F|  |TAMS 0x00000000c7600000, 0x00000000c7600000| Untracked 
| 107|0x00000000c7700000, 0x00000000c7700000, 0x00000000c7800000|  0%| F|  |TAMS 0x00000000c7700000, 0x00000000c7700000| Untracked 
| 108|0x00000000c7800000, 0x00000000c7800000, 0x00000000c7900000|  0%| F|  |TAMS 0x00000000c7800000, 0x00000000c7800000| Untracked 
| 109|0x00000000c7900000, 0x00000000c7900000, 0x00000000c7a00000|  0%| F|  |TAMS 0x00000000c7900000, 0x00000000c7900000| Untracked 
| 110|0x00000000c7a00000, 0x00000000c7a352e8, 0x00000000c7b00000| 20%| E|  |TAMS 0x00000000c7a00000, 0x00000000c7a00000| Complete 
| 111|0x00000000c7b00000, 0x00000000c7c00000, 0x00000000c7c00000|100%| E|CS|TAMS 0x00000000c7b00000, 0x00000000c7b00000| Complete 
| 112|0x00000000c7c00000, 0x00000000c7d00000, 0x00000000c7d00000|100%| E|CS|TAMS 0x00000000c7c00000, 0x00000000c7c00000| Complete 
| 113|0x00000000c7d00000, 0x00000000c7e00000, 0x00000000c7e00000|100%| E|CS|TAMS 0x00000000c7d00000, 0x00000000c7d00000| Complete 
| 114|0x00000000c7e00000, 0x00000000c7f00000, 0x00000000c7f00000|100%| E|CS|TAMS 0x00000000c7e00000, 0x00000000c7e00000| Complete 
| 115|0x00000000c7f00000, 0x00000000c8000000, 0x00000000c8000000|100%| E|CS|TAMS 0x00000000c7f00000, 0x00000000c7f00000| Complete 
| 116|0x00000000c8000000, 0x00000000c8100000, 0x00000000c8100000|100%| E|CS|TAMS 0x00000000c8000000, 0x00000000c8000000| Complete 
| 117|0x00000000c8100000, 0x00000000c8200000, 0x00000000c8200000|100%| E|CS|TAMS 0x00000000c8100000, 0x00000000c8100000| Complete 
| 118|0x00000000c8200000, 0x00000000c8300000, 0x00000000c8300000|100%| E|CS|TAMS 0x00000000c8200000, 0x00000000c8200000| Complete 
| 119|0x00000000c8300000, 0x00000000c8400000, 0x00000000c8400000|100%| E|CS|TAMS 0x00000000c8300000, 0x00000000c8300000| Complete 
| 120|0x00000000c8400000, 0x00000000c8500000, 0x00000000c8500000|100%| E|CS|TAMS 0x00000000c8400000, 0x00000000c8400000| Complete 
| 121|0x00000000c8500000, 0x00000000c8600000, 0x00000000c8600000|100%| E|CS|TAMS 0x00000000c8500000, 0x00000000c8500000| Complete 
| 122|0x00000000c8600000, 0x00000000c8700000, 0x00000000c8700000|100%| E|CS|TAMS 0x00000000c8600000, 0x00000000c8600000| Complete 
| 123|0x00000000c8700000, 0x00000000c8800000, 0x00000000c8800000|100%| E|CS|TAMS 0x00000000c8700000, 0x00000000c8700000| Complete 
| 124|0x00000000c8800000, 0x00000000c8900000, 0x00000000c8900000|100%| E|CS|TAMS 0x00000000c8800000, 0x00000000c8800000| Complete 
| 125|0x00000000c8900000, 0x00000000c8a00000, 0x00000000c8a00000|100%| E|CS|TAMS 0x00000000c8900000, 0x00000000c8900000| Complete 
| 126|0x00000000c8a00000, 0x00000000c8b00000, 0x00000000c8b00000|100%| E|CS|TAMS 0x00000000c8a00000, 0x00000000c8a00000| Complete 
| 127|0x00000000c8b00000, 0x00000000c8c00000, 0x00000000c8c00000|100%| E|CS|TAMS 0x00000000c8b00000, 0x00000000c8b00000| Complete 
| 128|0x00000000c8c00000, 0x00000000c8d00000, 0x00000000c8d00000|100%| E|CS|TAMS 0x00000000c8c00000, 0x00000000c8c00000| Complete 
| 129|0x00000000c8d00000, 0x00000000c8e00000, 0x00000000c8e00000|100%| E|CS|TAMS 0x00000000c8d00000, 0x00000000c8d00000| Complete 
| 130|0x00000000c8e00000, 0x00000000c8f00000, 0x00000000c8f00000|100%| E|CS|TAMS 0x00000000c8e00000, 0x00000000c8e00000| Complete 
| 131|0x00000000c8f00000, 0x00000000c9000000, 0x00000000c9000000|100%| E|CS|TAMS 0x00000000c8f00000, 0x00000000c8f00000| Complete 
| 132|0x00000000c9000000, 0x00000000c9100000, 0x00000000c9100000|100%| E|CS|TAMS 0x00000000c9000000, 0x00000000c9000000| Complete 
| 133|0x00000000c9100000, 0x00000000c9200000, 0x00000000c9200000|100%| E|CS|TAMS 0x00000000c9100000, 0x00000000c9100000| Complete 
| 134|0x00000000c9200000, 0x00000000c9300000, 0x00000000c9300000|100%| E|CS|TAMS 0x00000000c9200000, 0x00000000c9200000| Complete 
| 135|0x00000000c9300000, 0x00000000c9400000, 0x00000000c9400000|100%| E|CS|TAMS 0x00000000c9300000, 0x00000000c9300000| Complete 
| 136|0x00000000c9400000, 0x00000000c9500000, 0x00000000c9500000|100%| E|CS|TAMS 0x00000000c9400000, 0x00000000c9400000| Complete 
| 137|0x00000000c9500000, 0x00000000c9600000, 0x00000000c9600000|100%| E|CS|TAMS 0x00000000c9500000, 0x00000000c9500000| Complete 
| 138|0x00000000c9600000, 0x00000000c9700000, 0x00000000c9700000|100%| E|CS|TAMS 0x00000000c9600000, 0x00000000c9600000| Complete 
| 139|0x00000000c9700000, 0x00000000c9800000, 0x00000000c9800000|100%| E|CS|TAMS 0x00000000c9700000, 0x00000000c9700000| Complete 
| 140|0x00000000c9800000, 0x00000000c9900000, 0x00000000c9900000|100%| E|CS|TAMS 0x00000000c9800000, 0x00000000c9800000| Complete 
| 141|0x00000000c9900000, 0x00000000c9a00000, 0x00000000c9a00000|100%| E|CS|TAMS 0x00000000c9900000, 0x00000000c9900000| Complete 
| 142|0x00000000c9a00000, 0x00000000c9b00000, 0x00000000c9b00000|100%| E|CS|TAMS 0x00000000c9a00000, 0x00000000c9a00000| Complete 
| 143|0x00000000c9b00000, 0x00000000c9c00000, 0x00000000c9c00000|100%| E|CS|TAMS 0x00000000c9b00000, 0x00000000c9b00000| Complete 
| 144|0x00000000c9c00000, 0x00000000c9d00000, 0x00000000c9d00000|100%| E|CS|TAMS 0x00000000c9c00000, 0x00000000c9c00000| Complete 
| 145|0x00000000c9d00000, 0x00000000c9e00000, 0x00000000c9e00000|100%| E|CS|TAMS 0x00000000c9d00000, 0x00000000c9d00000| Complete 
| 146|0x00000000c9e00000, 0x00000000c9f00000, 0x00000000c9f00000|100%| E|CS|TAMS 0x00000000c9e00000, 0x00000000c9e00000| Complete 
| 147|0x00000000c9f00000, 0x00000000ca000000, 0x00000000ca000000|100%| E|CS|TAMS 0x00000000c9f00000, 0x00000000c9f00000| Complete 
| 148|0x00000000ca000000, 0x00000000ca100000, 0x00000000ca100000|100%| E|CS|TAMS 0x00000000ca000000, 0x00000000ca000000| Complete 
| 149|0x00000000ca100000, 0x00000000ca200000, 0x00000000ca200000|100%| E|CS|TAMS 0x00000000ca100000, 0x00000000ca100000| Complete 
| 150|0x00000000ca200000, 0x00000000ca300000, 0x00000000ca300000|100%| E|CS|TAMS 0x00000000ca200000, 0x00000000ca200000| Complete 
| 151|0x00000000ca300000, 0x00000000ca400000, 0x00000000ca400000|100%| E|CS|TAMS 0x00000000ca300000, 0x00000000ca300000| Complete 
| 152|0x00000000ca400000, 0x00000000ca500000, 0x00000000ca500000|100%| E|CS|TAMS 0x00000000ca400000, 0x00000000ca400000| Complete 
| 153|0x00000000ca500000, 0x00000000ca600000, 0x00000000ca600000|100%| E|CS|TAMS 0x00000000ca500000, 0x00000000ca500000| Complete 
| 154|0x00000000ca600000, 0x00000000ca700000, 0x00000000ca700000|100%| E|CS|TAMS 0x00000000ca600000, 0x00000000ca600000| Complete 
| 155|0x00000000ca700000, 0x00000000ca800000, 0x00000000ca800000|100%| E|CS|TAMS 0x00000000ca700000, 0x00000000ca700000| Complete 
| 156|0x00000000ca800000, 0x00000000ca900000, 0x00000000ca900000|100%| E|CS|TAMS 0x00000000ca800000, 0x00000000ca800000| Complete 
| 157|0x00000000ca900000, 0x00000000caa00000, 0x00000000caa00000|100%| E|CS|TAMS 0x00000000ca900000, 0x00000000ca900000| Complete 
| 158|0x00000000caa00000, 0x00000000cab00000, 0x00000000cab00000|100%| E|CS|TAMS 0x00000000caa00000, 0x00000000caa00000| Complete 
| 159|0x00000000cab00000, 0x00000000cac00000, 0x00000000cac00000|100%| E|CS|TAMS 0x00000000cab00000, 0x00000000cab00000| Complete 
| 160|0x00000000cac00000, 0x00000000cad00000, 0x00000000cad00000|100%| E|CS|TAMS 0x00000000cac00000, 0x00000000cac00000| Complete 
| 161|0x00000000cad00000, 0x00000000cae00000, 0x00000000cae00000|100%| E|CS|TAMS 0x00000000cad00000, 0x00000000cad00000| Complete 
| 162|0x00000000cae00000, 0x00000000caf00000, 0x00000000caf00000|100%| E|CS|TAMS 0x00000000cae00000, 0x00000000cae00000| Complete 
| 163|0x00000000caf00000, 0x00000000cb000000, 0x00000000cb000000|100%| E|CS|TAMS 0x00000000caf00000, 0x00000000caf00000| Complete 
| 164|0x00000000cb000000, 0x00000000cb100000, 0x00000000cb100000|100%| E|CS|TAMS 0x00000000cb000000, 0x00000000cb000000| Complete 
| 165|0x00000000cb100000, 0x00000000cb200000, 0x00000000cb200000|100%| E|CS|TAMS 0x00000000cb100000, 0x00000000cb100000| Complete 
| 166|0x00000000cb200000, 0x00000000cb300000, 0x00000000cb300000|100%| E|CS|TAMS 0x00000000cb200000, 0x00000000cb200000| Complete 
| 167|0x00000000cb300000, 0x00000000cb400000, 0x00000000cb400000|100%| E|CS|TAMS 0x00000000cb300000, 0x00000000cb300000| Complete 
| 168|0x00000000cb400000, 0x00000000cb500000, 0x00000000cb500000|100%| E|CS|TAMS 0x00000000cb400000, 0x00000000cb400000| Complete 
| 169|0x00000000cb500000, 0x00000000cb600000, 0x00000000cb600000|100%| E|CS|TAMS 0x00000000cb500000, 0x00000000cb500000| Complete 
| 170|0x00000000cb600000, 0x00000000cb700000, 0x00000000cb700000|100%| E|CS|TAMS 0x00000000cb600000, 0x00000000cb600000| Complete 
| 171|0x00000000cb700000, 0x00000000cb800000, 0x00000000cb800000|100%| E|CS|TAMS 0x00000000cb700000, 0x00000000cb700000| Complete 
| 172|0x00000000cb800000, 0x00000000cb900000, 0x00000000cb900000|100%| E|CS|TAMS 0x00000000cb800000, 0x00000000cb800000| Complete 
| 173|0x00000000cb900000, 0x00000000cba00000, 0x00000000cba00000|100%| E|CS|TAMS 0x00000000cb900000, 0x00000000cb900000| Complete 
| 174|0x00000000cba00000, 0x00000000cbb00000, 0x00000000cbb00000|100%| E|CS|TAMS 0x00000000cba00000, 0x00000000cba00000| Complete 
| 175|0x00000000cbb00000, 0x00000000cbc00000, 0x00000000cbc00000|100%| E|CS|TAMS 0x00000000cbb00000, 0x00000000cbb00000| Complete 

Card table byte_map: [0x000001bdc1ae0000,0x000001bdc1ce0000] _byte_map_base: 0x000001bdc14da000

Marking Bits (Prev, Next): (CMBitMap*) 0x000001bda8946068, (CMBitMap*) 0x000001bda89460a0
 Prev Bits: [0x000001bdc1ee0000, 0x000001bdc2eb0000)
 Next Bits: [0x000001bdc2eb0000, 0x000001bdc3e80000)

Polling page: 0x000001bda89c0000

Metaspace:

Usage:
  Non-class:     66.55 MB capacity,    65.34 MB ( 98%) used,   991.03 KB (  1%) free+waste,   243.69 KB ( <1%) overhead. 
      Class:     10.63 MB capacity,     9.86 MB ( 93%) used,   668.59 KB (  6%) free+waste,   116.75 KB (  1%) overhead. 
       Both:     77.18 MB capacity,    75.21 MB ( 97%) used,     1.62 MB (  2%) free+waste,   360.44 KB ( <1%) overhead. 

Virtual space:
  Non-class space:       68.00 MB reserved,      66.67 MB ( 98%) committed 
      Class space:        1.00 GB reserved,      10.75 MB (  1%) committed 
             Both:        1.07 GB reserved,      77.42 MB (  7%) committed 

Chunk freelists:
   Non-Class:  0 bytes
       Class:  0 bytes
        Both:  0 bytes

CodeHeap 'non-profiled nmethods': size=239488Kb used=11549Kb max_used=11693Kb free=227938Kb
 bounds [0x000001bdb2b00000, 0x000001bdb3670000, 0x000001bdc14e0000]
CodeHeap 'non-nmethods': size=6272Kb used=1288Kb max_used=1288Kb free=4983Kb
 bounds [0x000001bdb24e0000, 0x000001bdb2750000, 0x000001bdb2b00000]
 total_blobs=7993 nmethods=7150 adapters=619
 compilation: enabled
              stopped_count=0, restarted_count=0
 full_count=0

Compilation events (10 events):
Event: 178.182 Thread 0x000001bdc6282000 7281       1       org.springframework.beans.factory.support.DefaultListableBeanFactory::lambda$removeManualSingletonName$7 (8 bytes)
Event: 178.182 Thread 0x000001bdc6282000 nmethod 7281 0x000001bdb2f01e90 code [0x000001bdb2f02040, 0x000001bdb2f02170]
Event: 178.182 Thread 0x000001bdc6282000 7282       1       ch.qos.logback.classic.Logger::appendLoopOnAppenders (18 bytes)
Event: 178.182 Thread 0x000001bdc6282000 nmethod 7282 0x000001bdb2f01910 code [0x000001bdb2f01ac0, 0x000001bdb2f01c30]
Event: 178.187 Thread 0x000001bdc6282000 7283       1       java.util.concurrent.CopyOnWriteArrayList::indexOfRange (63 bytes)
Event: 178.187 Thread 0x000001bdc6282000 nmethod 7283 0x000001bdb2f0de90 code [0x000001bdb2f0e040, 0x000001bdb2f0e270]
Event: 178.195 Thread 0x000001bdc6282000 7284   !   1       java.net.Socket::isClosed (19 bytes)
Event: 178.196 Thread 0x000001bdc6282000 nmethod 7284 0x000001bdb2f0d990 code [0x000001bdb2f0db40, 0x000001bdb2f0ddf8]
Event: 178.199 Thread 0x000001bdc6282000 7285   !   1       org.springframework.beans.factory.support.DefaultSingletonBeanRegistry::destroyBean (385 bytes)
Event: 178.201 Thread 0x000001bdc6282000 nmethod 7285 0x000001bdb2f25d90 code [0x000001bdb2f26180, 0x000001bdb2f273e0]

GC Heap History (10 events):
Event: 11.331 GC heap before
{Heap before GC invocations=20 (full 0):
 garbage-first heap   total 149504K, used 106142K [0x00000000c0c00000, 0x0000000100000000)
  region size 1024K, 77 young (78848K), 8 survivors (8192K)
 Metaspace       used 51636K, capacity 53108K, committed 53296K, reserved 1095680K
  class space    used 6593K, capacity 7170K, committed 7296K, reserved 1048576K
}
Event: 11.361 GC heap after
{Heap after GC invocations=21 (full 0):
 garbage-first heap   total 149504K, used 39775K [0x00000000c0c00000, 0x0000000100000000)
  region size 1024K, 8 young (8192K), 8 survivors (8192K)
 Metaspace       used 51636K, capacity 53108K, committed 53296K, reserved 1095680K
  class space    used 6593K, capacity 7170K, committed 7296K, reserved 1048576K
}
Event: 12.387 GC heap before
{Heap before GC invocations=21 (full 0):
 garbage-first heap   total 149504K, used 116575K [0x00000000c0c00000, 0x0000000100000000)
  region size 1024K, 84 young (86016K), 8 survivors (8192K)
 Metaspace       used 58221K, capacity 59712K, committed 59952K, reserved 1101824K
  class space    used 7624K, capacity 8233K, committed 8320K, reserved 1048576K
}
Event: 12.420 GC heap after
{Heap after GC invocations=22 (full 0):
 garbage-first heap   total 149504K, used 42387K [0x00000000c0c00000, 0x0000000100000000)
  region size 1024K, 6 young (6144K), 6 survivors (6144K)
 Metaspace       used 58221K, capacity 59712K, committed 59952K, reserved 1101824K
  class space    used 7624K, capacity 8233K, committed 8320K, reserved 1048576K
}
Event: 12.647 GC heap before
{Heap before GC invocations=22 (full 0):
 garbage-first heap   total 149504K, used 53651K [0x00000000c0c00000, 0x0000000100000000)
  region size 1024K, 18 young (18432K), 6 survivors (6144K)
 Metaspace       used 58577K, capacity 60169K, committed 60208K, reserved 1101824K
  class space    used 7659K, capacity 8300K, committed 8320K, reserved 1048576K
}
Event: 12.672 GC heap after
{Heap after GC invocations=23 (full 0):
 garbage-first heap   total 180224K, used 42787K [0x00000000c0c00000, 0x0000000100000000)
  region size 1024K, 3 young (3072K), 3 survivors (3072K)
 Metaspace       used 58577K, capacity 60169K, committed 60208K, reserved 1101824K
  class space    used 7659K, capacity 8300K, committed 8320K, reserved 1048576K
}
Event: 81.887 GC heap before
{Heap before GC invocations=24 (full 0):
 garbage-first heap   total 180224K, used 111395K [0x00000000c0c00000, 0x0000000100000000)
  region size 1024K, 70 young (71680K), 3 survivors (3072K)
 Metaspace       used 64986K, capacity 66785K, committed 66992K, reserved 1107968K
  class space    used 8520K, capacity 9203K, committed 9216K, reserved 1048576K
}
Event: 81.911 GC heap after
{Heap after GC invocations=25 (full 0):
 garbage-first heap   total 180224K, used 45213K [0x00000000c0c00000, 0x0000000100000000)
  region size 1024K, 6 young (6144K), 6 survivors (6144K)
 Metaspace       used 64986K, capacity 66785K, committed 66992K, reserved 1107968K
  class space    used 8520K, capacity 9203K, committed 9216K, reserved 1048576K
}
Event: 86.218 GC heap before
{Heap before GC invocations=26 (full 0):
 garbage-first heap   total 180224K, used 116893K [0x00000000c0c00000, 0x0000000100000000)
  region size 1024K, 76 young (77824K), 6 survivors (6144K)
 Metaspace       used 68623K, capacity 70537K, committed 70704K, reserved 1110016K
  class space    used 9041K, capacity 9784K, committed 9856K, reserved 1048576K
}
Event: 86.251 GC heap after
{Heap after GC invocations=27 (full 0):
 garbage-first heap   total 180224K, used 48337K [0x00000000c0c00000, 0x0000000100000000)
  region size 1024K, 6 young (6144K), 6 survivors (6144K)
 Metaspace       used 68623K, capacity 70537K, committed 70704K, reserved 1110016K
  class space    used 9041K, capacity 9784K, committed 9856K, reserved 1048576K
}

Deoptimization events (0 events):
No events

Classes redefined (0 events):
No events

Internal exceptions (10 events):
Event: 85.433 Thread 0x000001bdc8150000 Exception <a 'java/lang/ClassNotFoundException'{0x00000000c99a1f98}: org/springframework/beans/factory/AwareCustomizer> (0x00000000c99a1f98) thrown at [./open/src/hotspot/share/classfile/systemDictionary.cpp, line 228]
Event: 85.434 Thread 0x000001bdc8150000 Exception <a 'java/lang/ClassNotFoundException'{0x00000000c99cae38}: org/springframework/beans/factory/BeanClassLoaderAwareCustomizer> (0x00000000c99cae38) thrown at [./open/src/hotspot/share/classfile/systemDictionary.cpp, line 228]
Event: 85.436 Thread 0x000001bdc8150000 Exception <a 'java/lang/ClassNotFoundException'{0x00000000c99eeca0}: org/springframework/beans/factory/AwareCustomizer> (0x00000000c99eeca0) thrown at [./open/src/hotspot/share/classfile/systemDictionary.cpp, line 228]
Event: 85.718 Thread 0x000001bdc8150000 Exception <a 'java/lang/NoSuchMethodError'{0x00000000c8cb5060}: java.lang.invoke.DirectMethodHandle$Holder.invokeInterface(Ljava/lang/Object;Ljava/lang/Object;Ljava/lang/Object;Ljava/lang/Object;)Ljava/lang/Object;> (0x00000000c8cb5060) thrown at [./open/
Event: 86.139 Thread 0x000001bdc8150000 Exception <a 'java/lang/IncompatibleClassChangeError'{0x00000000c7956fc0}: Found class java.lang.Object, but interface was expected> (0x00000000c7956fc0) thrown at [./open/src/hotspot/share/interpreter/linkResolver.cpp, line 838]
Event: 158.716 Thread 0x000001bdcbb3d800 Exception <a 'java/lang/NoSuchMethodError'{0x00000000c9e01ad0}: java.lang.invoke.DirectMethodHandle$Holder.invokeStaticInit(Ljava/lang/Object;Ljava/lang/Object;Ljava/lang/Object;)V> (0x00000000c9e01ad0) thrown at [./open/src/hotspot/share/interpreter/link
Event: 162.439 Thread 0x000001bdcbb3d800 Exception <a 'java/lang/reflect/InvocationTargetException'{0x00000000c80c74d8}> (0x00000000c80c74d8) thrown at [./open/src/hotspot/share/runtime/reflection.cpp, line 1242]
Event: 178.168 Thread 0x000001bdca0ea000 Exception <a 'java/lang/InterruptedException'{0x00000000c7b00040}: sleep interrupted> (0x00000000c7b00040) thrown at [./open/src/hotspot/share/prims/jvm.cpp, line 3106]
Event: 178.169 Thread 0x000001bdcbb40800 Exception <a 'java/lang/InterruptedException'{0x00000000c7cae618}: sleep interrupted> (0x00000000c7cae618) thrown at [./open/src/hotspot/share/prims/jvm.cpp, line 3106]
Event: 178.178 Thread 0x000001bdca0eb000 Exception <a 'java/lang/InterruptedException'{0x00000000ca669e58}: sleep interrupted> (0x00000000ca669e58) thrown at [./open/src/hotspot/share/prims/jvm.cpp, line 3106]

Events (10 events):
Event: 178.197 Executing VM operation: RevokeBias
Event: 178.197 Executing VM operation: RevokeBias done
Event: 178.198 Executing VM operation: BulkRevokeBias
Event: 178.198 Executing VM operation: BulkRevokeBias done
Event: 178.198 Executing VM operation: RevokeBias
Event: 178.198 Executing VM operation: RevokeBias done
Event: 178.198 Thread 0x000001bdce29a800 Thread exited: 0x000001bdce29a800
Event: 178.202 Thread 0x000001bdce299800 Thread exited: 0x000001bdce299800
Event: 178.204 Thread 0x000001bdc6c12800 Thread exited: 0x000001bdc6c12800
Event: 178.204 Thread 0x000001bdce297000 Thread exited: 0x000001bdce297000


Dynamic libraries:
0x00007ff72e090000 - 0x00007ff72e0d7000 	C:\Program Files\Java\jdk-11.0.7\bin\javaw.exe
0x00007ff97c1d0000 - 0x00007ff97c3c6000 	C:\WINDOWS\SYSTEM32\ntdll.dll
0x00007ff97bf20000 - 0x00007ff97bfdd000 	C:\WINDOWS\System32\KERNEL32.DLL
0x00007ff979d00000 - 0x00007ff979fc8000 	C:\WINDOWS\System32\KERNELBASE.dll
0x00007ff976e80000 - 0x00007ff976f10000 	C:\WINDOWS\SYSTEM32\apphelp.dll
0x00007ff94b6c0000 - 0x00007ff94bb54000 	C:\WINDOWS\SYSTEM32\AcLayers.DLL
0x00007ff97c040000 - 0x00007ff97c0de000 	C:\WINDOWS\System32\msvcrt.dll
0x00007ff97b340000 - 0x00007ff97b4e0000 	C:\WINDOWS\System32\USER32.dll
0x00007ff979cd0000 - 0x00007ff979cf2000 	C:\WINDOWS\System32\win32u.dll
0x00007ff97ad10000 - 0x00007ff97ad3a000 	C:\WINDOWS\System32\GDI32.dll
0x00007ff979a10000 - 0x00007ff979b19000 	C:\WINDOWS\System32\gdi32full.dll
0x00007ff979b80000 - 0x00007ff979c1d000 	C:\WINDOWS\System32\msvcp_win.dll
0x00007ff979fd0000 - 0x00007ff97a0d0000 	C:\WINDOWS\System32\ucrtbase.dll
0x00007ff97bfe0000 - 0x00007ff97c035000 	C:\WINDOWS\System32\SHLWAPI.dll
0x00007ff97ad40000 - 0x00007ff97adec000 	C:\WINDOWS\System32\ADVAPI32.dll
0x00007ff97b4f0000 - 0x00007ff97b58b000 	C:\WINDOWS\System32\sechost.dll
0x00007ff97b210000 - 0x00007ff97b334000 	C:\WINDOWS\System32\RPCRT4.dll
0x000001bda8670000 - 0x000001bda8673000 	C:\WINDOWS\SYSTEM32\sfc.dll
0x00007ff957e30000 - 0x00007ff957ebe000 	C:\WINDOWS\SYSTEM32\WINSPOOL.DRV
0x00007ff964e90000 - 0x00007ff964ea2000 	C:\WINDOWS\SYSTEM32\sfc_os.DLL
0x00007ff97ab30000 - 0x00007ff97ab60000 	C:\WINDOWS\System32\IMM32.DLL
0x00007ff96bd00000 - 0x00007ff96bf9b000 	C:\WINDOWS\WinSxS\amd64_microsoft.windows.common-controls_6595b64144ccf1df_6.0.19041.488_none_ca04af081b815d21\COMCTL32.dll
0x00007ff9688e0000 - 0x00007ff9688ea000 	C:\WINDOWS\SYSTEM32\VERSION.dll
0x00007ff96b960000 - 0x00007ff96b976000 	C:\Program Files\Java\jdk-11.0.7\bin\vcruntime140.dll
0x00007ff957f50000 - 0x00007ff957ffa000 	C:\Program Files\Java\jdk-11.0.7\bin\msvcp140.dll
0x00007ff93a360000 - 0x00007ff93aec1000 	C:\Program Files\Java\jdk-11.0.7\bin\server\jvm.dll
0x00007ff97adf0000 - 0x00007ff97adf8000 	C:\WINDOWS\System32\PSAPI.DLL
0x00007ff968810000 - 0x00007ff968819000 	C:\WINDOWS\SYSTEM32\WSOCK32.dll
0x00007ff96ff60000 - 0x00007ff96ff87000 	C:\WINDOWS\SYSTEM32\WINMM.dll
0x00007ff97a370000 - 0x00007ff97a3db000 	C:\WINDOWS\System32\WS2_32.dll
0x00007ff9781f0000 - 0x00007ff978202000 	C:\WINDOWS\SYSTEM32\kernel.appcore.dll
0x00007ff96bcb0000 - 0x00007ff96bcc1000 	C:\Program Files\Java\jdk-11.0.7\bin\verify.dll
0x00007ff967810000 - 0x00007ff9679f4000 	C:\WINDOWS\SYSTEM32\DBGHELP.DLL
0x00007ff9677e0000 - 0x00007ff96780c000 	C:\WINDOWS\SYSTEM32\dbgcore.DLL
0x00007ff979910000 - 0x00007ff97998f000 	C:\WINDOWS\System32\bcryptPrimitives.dll
0x00007ff96baf0000 - 0x00007ff96bb19000 	C:\Program Files\Java\jdk-11.0.7\bin\java.dll
0x00007ff976da0000 - 0x00007ff976daa000 	C:\Program Files\Java\jdk-11.0.7\bin\jimage.dll
0x00007ff96bc50000 - 0x00007ff96bc66000 	C:\Program Files\Java\jdk-11.0.7\bin\zip.dll
0x00007ff97a3e0000 - 0x00007ff97ab21000 	C:\WINDOWS\System32\SHELL32.dll
0x00007ff977730000 - 0x00007ff977ec5000 	C:\WINDOWS\SYSTEM32\windows.storage.dll
0x00007ff97aeb0000 - 0x00007ff97b205000 	C:\WINDOWS\System32\combase.dll
0x00007ff979380000 - 0x00007ff9793ac000 	C:\WINDOWS\SYSTEM32\Wldp.dll
0x00007ff97c0e0000 - 0x00007ff97c18e000 	C:\WINDOWS\System32\SHCORE.dll
0x00007ff979840000 - 0x00007ff979866000 	C:\WINDOWS\SYSTEM32\profapi.dll
0x00007ff96bad0000 - 0x00007ff96bae9000 	C:\Program Files\Java\jdk-11.0.7\bin\net.dll
0x00007ff96e8b0000 - 0x00007ff96e9b0000 	C:\WINDOWS\SYSTEM32\WINHTTP.dll
0x00007ff979100000 - 0x00007ff97916a000 	C:\WINDOWS\system32\mswsock.dll
0x00007ff96ba70000 - 0x00007ff96ba83000 	C:\Program Files\Java\jdk-11.0.7\bin\nio.dll
0x00007ff975240000 - 0x00007ff975249000 	C:\Program Files\Java\jdk-11.0.7\bin\management.dll
0x00007ff972460000 - 0x00007ff97246c000 	C:\Program Files\Java\jdk-11.0.7\bin\management_ext.dll
0x00007ff9723f0000 - 0x00007ff972407000 	C:\WINDOWS\system32\napinsp.dll
0x00007ff970620000 - 0x00007ff97063b000 	C:\WINDOWS\system32\pnrpnsp.dll
0x00007ff962900000 - 0x00007ff962915000 	C:\WINDOWS\system32\wshbth.dll
0x00007ff9751f0000 - 0x00007ff97520d000 	C:\WINDOWS\system32\NLAapi.dll
0x00007ff978da0000 - 0x00007ff978ddb000 	C:\WINDOWS\SYSTEM32\IPHLPAPI.DLL
0x00007ff978df0000 - 0x00007ff978ebb000 	C:\WINDOWS\SYSTEM32\DNSAPI.dll
0x00007ff97a290000 - 0x00007ff97a298000 	C:\WINDOWS\System32\NSI.dll
0x00007ff96def0000 - 0x00007ff96df02000 	C:\WINDOWS\System32\winrnr.dll
0x00007ff96e8a0000 - 0x00007ff96e8aa000 	C:\Windows\System32\rasadhlp.dll
0x00007ff96eba0000 - 0x00007ff96ec1f000 	C:\WINDOWS\System32\fwpuclnt.dll
0x00007ff9799e0000 - 0x00007ff979a07000 	C:\WINDOWS\System32\bcrypt.dll
0x00007ff9792d0000 - 0x00007ff9792e8000 	C:\WINDOWS\SYSTEM32\CRYPTSP.dll
0x00007ff978a20000 - 0x00007ff978a54000 	C:\WINDOWS\system32\rsaenh.dll
0x00007ff9797c0000 - 0x00007ff9797ee000 	C:\WINDOWS\SYSTEM32\USERENV.dll
0x00007ff9792f0000 - 0x00007ff9792fc000 	C:\WINDOWS\SYSTEM32\CRYPTBASE.dll
0x00007ff96f8c0000 - 0x00007ff96f8d7000 	C:\WINDOWS\SYSTEM32\dhcpcsvc6.DLL
0x00007ff970170000 - 0x00007ff97018d000 	C:\WINDOWS\SYSTEM32\dhcpcsvc.DLL
0x00007ff96c600000 - 0x00007ff96c60e000 	C:\Program Files\Java\jdk-11.0.7\bin\sunmscapi.dll
0x00007ff97a0d0000 - 0x00007ff97a22d000 	C:\WINDOWS\System32\CRYPT32.dll
0x00007ff9793f0000 - 0x00007ff979417000 	C:\WINDOWS\SYSTEM32\ncrypt.dll
0x00007ff9793b0000 - 0x00007ff9793eb000 	C:\WINDOWS\SYSTEM32\NTASN1.dll
0x00007ff969cd0000 - 0x00007ff969cf6000 	C:\Program Files\Java\jdk-11.0.7\bin\sunec.dll

dbghelp: loaded successfully - version: 4.0.5 - missing functions: none
symbol engine: initialized successfully - sym options: 0x614 - pdb path: .;C:\Program Files\Java\jdk-11.0.7\bin;C:\WINDOWS\SYSTEM32;C:\WINDOWS\WinSxS\amd64_microsoft.windows.common-controls_6595b64144ccf1df_6.0.19041.488_none_ca04af081b815d21;C:\Program Files\Java\jdk-11.0.7\bin\server

VM Arguments:
jvm_args: -Dcom.sun.management.jmxremote -Dcom.sun.management.jmxremote.port=61383 -Dcom.sun.management.jmxremote.authenticate=false -Dcom.sun.management.jmxremote.ssl=false -Djava.rmi.server.hostname=localhost -Dspring.jmx.enabled=true -Dspring.application.admin.enabled=true -Xverify:none -XX:TieredStopAtLevel=1 -Dspring.boot.project.name=cursomc -Dfile.encoding=UTF-8 
java_command: com.mkwinformatica.cursomc.CursomcApplication --spring.output.ansi.enabled=always
java_class_path (initial): C:\temp\ws-sts\cursomc\target\classes;C:\Users\Marcos\.m2\repository\org\springframework\boot\spring-boot-starter-web\2.3.3.RELEASE\spring-boot-starter-web-2.3.3.RELEASE.jar;C:\Users\Marcos\.m2\repository\org\springframework\boot\spring-boot-starter\2.3.3.RELEASE\spring-boot-starter-2.3.3.RELEASE.jar;C:\Users\Marcos\.m2\repository\org\springframework\boot\spring-boot-starter-logging\2.3.3.RELEASE\spring-boot-starter-logging-2.3.3.RELEASE.jar;C:\Users\Marcos\.m2\repository\ch\qos\logback\logback-classic\1.2.3\logback-classic-1.2.3.jar;C:\Users\Marcos\.m2\repository\ch\qos\logback\logback-core\1.2.3\logback-core-1.2.3.jar;C:\Users\Marcos\.m2\repository\org\apache\logging\log4j\log4j-to-slf4j\2.13.3\log4j-to-slf4j-2.13.3.jar;C:\Users\Marcos\.m2\repository\org\apache\logging\log4j\log4j-api\2.13.3\log4j-api-2.13.3.jar;C:\Users\Marcos\.m2\repository\org\slf4j\jul-to-slf4j\1.7.30\jul-to-slf4j-1.7.30.jar;C:\Users\Marcos\.m2\repository\jakarta\annotation\jakarta.annotation-api\1.3.5\jakarta.annotation-api-1.3.5.jar;C:\Users\Marcos\.m2\repository\org\yaml\snakeyaml\1.26\snakeyaml-1.26.jar;C:\Users\Marcos\.m2\repository\org\springframework\boot\spring-boot-starter-json\2.3.3.RELEASE\spring-boot-starter-json-2.3.3.RELEASE.jar;C:\Users\Marcos\.m2\repository\com\fasterxml\jackson\datatype\jackson-datatype-jdk8\2.11.2\jackson-datatype-jdk8-2.11.2.jar;C:\Users\Marcos\.m2\repository\com\fasterxml\jackson\datatype\jackson-datatype-jsr310\2.11.2\jackson-datatype-jsr310-2.11.2.jar;C:\Users\Marcos\.m2\repository\com\fasterxml\jackson\module\jackson-module-parameter-names\2.11.2\jackson-module-parameter-names-2.11.2.jar;C:\Users\Marcos\.m2\repository\org\springframework\boot\spring-boot-starter-tomcat\2.3.3.RELEASE\spring-boot-starter-tomcat-2.3.3.RELEASE.jar;C:\Users\Marcos\.m2\repository\org\apache\tomcat\embed\tomcat-embed-core\9.0.37\tomcat-embed-core-9.0.37.jar;C:\Users\Marcos\.m2\repository\org\glassfish\jakarta.el\3.0.3\jakarta.el-3.0.3.jar;C:\Users\M
Launcher Type: SUN_STANDARD

[Global flags]
     bool BytecodeVerificationLocal                = false                                     {product} {command line}
     bool BytecodeVerificationRemote               = false                                     {product} {command line}
     intx CICompilerCount                          = 2                                         {product} {ergonomic}
     uint ConcGCThreads                            = 1                                         {product} {ergonomic}
     uint G1ConcRefinementThreads                  = 2                                         {product} {ergonomic}
   size_t G1HeapRegionSize                         = 1048576                                   {product} {ergonomic}
    uintx GCDrainStackTargetSize                   = 64                                        {product} {ergonomic}
   size_t InitialHeapSize                          = 67108864                                  {product} {ergonomic}
     bool ManagementServer                         = true                                      {product} {command line}
   size_t MarkStackSize                            = 4194304                                   {product} {ergonomic}
   size_t MaxHeapSize                              = 1061158912                                {product} {ergonomic}
   size_t MaxNewSize                               = 636485632                                 {product} {ergonomic}
   size_t MinHeapDeltaBytes                        = 1048576                                   {product} {ergonomic}
    uintx NonNMethodCodeHeapSize                   = 6396312                                {pd product} {ergonomic}
    uintx NonProfiledCodeHeapSize                  = 245261928                              {pd product} {ergonomic}
    uintx ProfiledCodeHeapSize                     = 0                                      {pd product} {ergonomic}
    uintx ReservedCodeCacheSize                    = 251658240                              {pd product} {ergonomic}
     bool SegmentedCodeCache                       = true                                      {product} {ergonomic}
     intx TieredStopAtLevel                        = 1                                         {product} {command line}
     bool UseCompressedClassPointers               = true                                 {lp64_product} {ergonomic}
     bool UseCompressedOops                        = true                                 {lp64_product} {ergonomic}
     bool UseG1GC                                  = true                                      {product} {ergonomic}
     bool UseLargePagesIndividualAllocation        = false                                  {pd product} {ergonomic}

Logging:
Log output configuration:
 #0: stdout all=warning uptime,level,tags
 #1: stderr all=off uptime,level,tags

Environment Variables:
JAVA_HOME=C:\Program Files\Java\jdk-11.0.7
PATH=C:/Program Files/Java/jdk-11.0.7/bin/server;C:/Program Files/Java/jdk-11.0.7/bin;C:\Python38\Scripts\;C:\Python38\;C:\WINDOWS\system32;C:\WINDOWS;C:\WINDOWS\System32\Wbem;C:\WINDOWS\System32\WindowsPowerShell\v1.0\;C:\WINDOWS\System32\OpenSSH\;C:\Program Files\Git\cmd;C:\Program Files\Java\jdk-11.0.7\bin;C:\ProgramData\chocolatey\bin;C:\Program Files\nodejs\;C:\xampp\mysql\bin;C:\Users\Marcos\AppData\Local\Microsoft\WindowsApps;C:\Program Files\heroku\bin;C:\Users\Marcos\AppData\Local\Programs\Microsoft VS Code\bin;C:\Users\Marcos\AppData\Roaming\npm;C:\Program Files\Spring Toll Suite 4;
USERNAME=Marcos
OS=Windows_NT
PROCESSOR_IDENTIFIER=Intel64 Family 6 Model 23 Stepping 10, GenuineIntel



---------------  S Y S T E M  ---------------

OS: Windows 10 , 64 bit Build 19041 (10.0.19041.546)

CPU:total 2 (initial active 2) (2 cores per cpu, 1 threads per core) family 6 model 23 stepping 10, cmov, cx8, fxsr, mmx, sse, sse2, sse3, ssse3, sse4.1, tsc

Memory: 4k page, system-wide physical 4047M (484M free)
TotalPageFile size 7631M (AvailPageFile size 1035M)
current process WorkingSet (physical memory assigned to process): 336M, peak: 337M
current process commit charge ("private bytes"): 384M, peak: 386M

vm_info: Java HotSpot(TM) 64-Bit Server VM (11.0.7+8-LTS) for windows-amd64 JRE (11.0.7+8-LTS), built on Mar 12 2020 02:04:32 by "mach5one" with MS VC++ 15.5 (VS2017)

END.
