#
# A fatal error has been detected by the Java Runtime Environment:
#
#  EXCEPTION_ACCESS_VIOLATION (0xc0000005) at pc=0x00007ff93aa53949, pid=9040, tid=10292
#
# JRE version: Java(TM) SE Runtime Environment 18.9 (11.0.7+8) (build 11.0.7+8-LTS)
# Java VM: Java HotSpot(TM) 64-Bit Server VM 18.9 (11.0.7+8-LTS, mixed mode, tiered, compressed oops, g1 gc, windows-amd64)
# Problematic frame:
# V  [jvm.dll+0x6f3949]
#
# No core dump will be written. Minidumps are not enabled by default on client versions of Windows
#
# If you would like to submit a bug report, please visit:
#   https://bugreport.java.com/bugreport/crash.jsp
#

---------------  S U M M A R Y ------------

Command Line: -Dcom.sun.management.jmxremote -Dcom.sun.management.jmxremote.port=61167 -Dcom.sun.management.jmxremote.authenticate=false -Dcom.sun.management.jmxremote.ssl=false -Djava.rmi.server.hostname=localhost -Dspring.jmx.enabled=true -Dspring.application.admin.enabled=true -Xverify:none -XX:TieredStopAtLevel=1 -Dspring.boot.project.name=cursomc -Dfile.encoding=UTF-8 com.mkwinformatica.cursomc.CursomcApplication --spring.output.ansi.enabled=always

Host: Intel(R) Core(TM)2 Duo CPU     P7550  @ 2.26GHz, 2 cores, 3G,  Windows 10 , 64 bit Build 19041 (10.0.19041.546)
Time: Mon Nov 30 15:21:50 2020 E. South America Standard Time elapsed time: 3 seconds (0d 0h 0m 3s)

---------------  T H R E A D  ---------------

Current thread (0x000001fa5afe9000):  WatcherThread [stack: 0x0000002952d00000,0x0000002952e00000] [id=10292]

Stack: [0x0000002952d00000,0x0000002952e00000],  sp=0x0000002952dffa00,  free space=1022k
Native frames: (J=compiled Java code, j=interpreted, Vv=VM code, C=native code)
V  [jvm.dll+0x6f3949]
V  [jvm.dll+0x73fc7d]
V  [jvm.dll+0x765fe9]
V  [jvm.dll+0x75e875]
V  [jvm.dll+0x660b26]
C  [ucrtbase.dll+0x214c2]
C  [KERNEL32.DLL+0x17034]
C  [ntdll.dll+0x4cec1]


siginfo: EXCEPTION_ACCESS_VIOLATION (0xc0000005), reading address 0x0000000c0000000b


Register to memory mapping:

RIP=0x00007ff93aa53949 jvm.dll
RAX=0x000001fa5af46790 points into unknown readable memory: 0b 00 00 00 0c 00 00 00
RBX=0x0 is NULL
RCX=0x0000000c0000000b is an unknown value
RDX=0x0000000000000040 is an unknown value
RSP=0x0000002952dffa00 points into unknown readable memory: 00 90 fe 5a fa 01 00 00
RBP=0x0000000000000002 is an unknown value
RSI=0x000001fa5af46660 points into unknown readable memory: 20 01 fc 5a fa 01 00 00
RDI=0x0 is NULL
R8 =0x0 is NULL
R9 =0x000001fa45fa0b90 is at begin+0 in a stub
StubRoutines::atomic_cmpxchg_long [0x000001fa45fa0b90, 0x000001fa45fa0b99[ (9 bytes)
R10=0x0 is NULL
R11=0x0000000000000246 is an unknown value
R12=0x0 is NULL
R13=0x000001fa5afe9000 points into unknown readable memory: 18 92 c6 3a f9 7f 00 00
R14=0x0000000000000040 is an unknown value
R15=0x000001fa5adcbc50 points into unknown readable memory: 00 00 00 00 00 00 00 00


Registers:
RAX=0x000001fa5af46790, RBX=0x0000000000000000, RCX=0x0000000c0000000b, RDX=0x0000000000000040
RSP=0x0000002952dffa00, RBP=0x0000000000000002, RSI=0x000001fa5af46660, RDI=0x0000000000000000
R8 =0x0000000000000000, R9 =0x000001fa45fa0b90, R10=0x0000000000000000, R11=0x0000000000000246
R12=0x0000000000000000, R13=0x000001fa5afe9000, R14=0x0000000000000040, R15=0x000001fa5adcbc50
RIP=0x00007ff93aa53949, EFLAGS=0x0000000000010202

Top of Stack: (sp=0x0000002952dffa00)
0x0000002952dffa00:   000001fa5afe9000 000001fa5afe9000
0x0000002952dffa10:   0002c338e26d5ebc 00007ff93a9942d9
0x0000002952dffa20:   00007ff93ae0abc8 00007ff93aa9fc7d
0x0000002952dffa30:   0000000000000001 000001fa3dbc5fe0
0x0000002952dffa40:   000001fa3dbc5fe0 431bde82d7b634db
0x0000002952dffa50:   000001fa5adcbc50 0002c338e26d5ebc
0x0000002952dffa60:   000001fa3dbc5fe0 00007ff93aac5fe9
0x0000002952dffa70:   0000000000000001 0000000000000040
0x0000002952dffa80:   0000000000000032 0000000000000002
0x0000002952dffa90:   0000000000000000 0000000000000000
0x0000002952dffaa0:   0000000000000000 0000000000000000
0x0000002952dffab0:   0000000000000000 0000000000000000
0x0000002952dffac0:   0000000000000000 0000000000000000
0x0000002952dffad0:   000001fa5afe9000 0000000000000000
0x0000002952dffae0:   0000000000100000 0000002952dffcb0
0x0000002952dffaf0:   0000002952d00000 00007ff93aabe875 

Instructions: (pc=0x00007ff93aa53949)
0x00007ff93aa53929:   20 48 8b 35 67 23 3b 00 33 db 48 8b 06 39 18 7e
0x00007ff93aa53939:   27 48 89 7c 24 30 8b fb 48 8b 40 18 48 8b 0c 07
0x00007ff93aa53949:   48 8b 01 ff 50 08 48 8b 06 48 8d 7f 08 ff c3 3b
0x00007ff93aa53959:   18 7c e5 48 8b 7c 24 30 48 8b 5c 24 38 48 83 c4 


Stack slot to memory mapping:
stack at sp + 0 slots: 0x000001fa5afe9000 points into unknown readable memory: 18 92 c6 3a f9 7f 00 00
stack at sp + 1 slots: 0x000001fa5afe9000 points into unknown readable memory: 18 92 c6 3a f9 7f 00 00
stack at sp + 2 slots: 0x0002c338e26d5ebc is an unknown value
stack at sp + 3 slots: 0x00007ff93a9942d9 jvm.dll
stack at sp + 4 slots: 0x00007ff93ae0abc8 jvm.dll
stack at sp + 5 slots: 0x00007ff93aa9fc7d jvm.dll
stack at sp + 6 slots: 0x0000000000000001 is an unknown value
stack at sp + 7 slots: 0x000001fa3dbc5fe0 points into unknown readable memory: 01 00 00 00 00 00 00 00


---------------  P R O C E S S  ---------------

Threads class SMR info:
_java_thread_list=0x000001fa5afbfc70, length=12, elements={
0x000001fa3dbc9800, 0x000001fa594d6800, 0x000001fa59500000, 0x000001fa59eb2800,
0x000001fa59510800, 0x000001fa59515000, 0x000001fa5951c000, 0x000001fa5a00c000,
0x000001fa5a0b5800, 0x000001fa5af58000, 0x000001fa5af76000, 0x000001fa5afda800
}

Java Threads: ( => current thread )
  0x000001fa3dbc9800 JavaThread "main" [_thread_in_vm, id=8008, stack(0x0000002951a00000,0x0000002951b00000)]
  0x000001fa594d6800 JavaThread "Reference Handler" daemon [_thread_blocked, id=10508, stack(0x0000002952100000,0x0000002952200000)]
  0x000001fa59500000 JavaThread "Finalizer" daemon [_thread_blocked, id=3908, stack(0x0000002952200000,0x0000002952300000)]
  0x000001fa59eb2800 JavaThread "Signal Dispatcher" daemon [_thread_blocked, id=5280, stack(0x0000002952300000,0x0000002952400000)]
  0x000001fa59510800 JavaThread "Attach Listener" daemon [_thread_blocked, id=9208, stack(0x0000002952400000,0x0000002952500000)]
  0x000001fa59515000 JavaThread "C1 CompilerThread0" daemon [_thread_blocked, id=6800, stack(0x0000002952500000,0x0000002952600000)]
  0x000001fa5951c000 JavaThread "Sweeper thread" daemon [_thread_blocked, id=4996, stack(0x0000002952600000,0x0000002952700000)]
  0x000001fa5a00c000 JavaThread "Common-Cleaner" daemon [_thread_blocked, id=1672, stack(0x0000002952700000,0x0000002952800000)]
  0x000001fa5a0b5800 JavaThread "Service Thread" daemon [_thread_blocked, id=7872, stack(0x0000002952800000,0x0000002952900000)]
  0x000001fa5af58000 JavaThread "RMI TCP Accept-0" daemon [_thread_in_native, id=11112, stack(0x0000002952a00000,0x0000002952b00000)]
  0x000001fa5af76000 JavaThread "RMI TCP Accept-61167" daemon [_thread_blocked, id=3140, stack(0x0000002952b00000,0x0000002952c00000)]
  0x000001fa5afda800 JavaThread "RMI TCP Accept-0" daemon [_thread_in_native, id=8016, stack(0x0000002952c00000,0x0000002952d00000)]

Other Threads:
  0x000001fa594cf800 VMThread "VM Thread" [stack: 0x0000002952000000,0x0000002952100000] [id=3896]
=>0x000001fa5afe9000 WatcherThread [stack: 0x0000002952d00000,0x0000002952e00000] [id=10292]
  0x000001fa3dbe0000 GCTaskThread "GC Thread#0" [stack: 0x0000002951b00000,0x0000002951c00000] [id=4816]
  0x000001fa5a26d800 GCTaskThread "GC Thread#1" [stack: 0x0000002952900000,0x0000002952a00000] [id=2344]
  0x000001fa3dbfa800 ConcurrentGCThread "G1 Main Marker" [stack: 0x0000002951c00000,0x0000002951d00000] [id=10912]
  0x000001fa3dbfc800 ConcurrentGCThread "G1 Conc#0" [stack: 0x0000002951d00000,0x0000002951e00000] [id=9364]
  0x000001fa3dc4a800 ConcurrentGCThread "G1 Refine#0" [stack: 0x0000002951e00000,0x0000002951f00000] [id=1852]
  0x000001fa3dc4b800 ConcurrentGCThread "G1 Young RemSet Sampling" [stack: 0x0000002951f00000,0x0000002952000000] [id=632]

Threads with active compile tasks:

VM state:not at safepoint (normal execution)

VM Mutex/Monitor currently owned by a thread:  ([mutex/lock_event])
[0x000001fa3dbc5bf0] AdapterHandlerLibrary_lock - owner thread: 0x000001fa3dbc9800
[0x000001fa3dbc5fe0] PeriodicTask_lock - owner thread: 0x000001fa5afe9000

Heap address: 0x00000000c0c00000, size: 1012 MB, Compressed Oops mode: 32-bit
Narrow klass base: 0x0000000000000000, Narrow klass shift: 3
Compressed class space size: 1073741824 Address: 0x0000000100000000

Heap:
 garbage-first heap   total 65536K, used 21869K [0x00000000c0c00000, 0x0000000100000000)
  region size 1024K, 4 young (4096K), 2 survivors (2048K)
 Metaspace       used 12681K, capacity 13037K, committed 13312K, reserved 1060864K
  class space    used 1326K, capacity 1438K, committed 1536K, reserved 1048576K
Heap Regions: E=young(eden), S=young(survivor), O=old, HS=humongous(starts), HC=humongous(continues), CS=collection set, F=free, A=archive, TAMS=top-at-mark-start (previous, next)
|   0|0x00000000c0c00000, 0x00000000c0d00000, 0x00000000c0d00000|100%|HS|  |TAMS 0x00000000c0c00000, 0x00000000c0c00000| Complete 
|   1|0x00000000c0d00000, 0x00000000c0e00000, 0x00000000c0e00000|100%| O|  |TAMS 0x00000000c0d00000, 0x00000000c0d00000| Untracked 
|   2|0x00000000c0e00000, 0x00000000c0f00000, 0x00000000c0f00000|100%| O|  |TAMS 0x00000000c0e00000, 0x00000000c0e00000| Untracked 
|   3|0x00000000c0f00000, 0x00000000c1000000, 0x00000000c1000000|100%| O|  |TAMS 0x00000000c0f00000, 0x00000000c0f00000| Untracked 
|   4|0x00000000c1000000, 0x00000000c1100000, 0x00000000c1100000|100%| O|  |TAMS 0x00000000c1000000, 0x00000000c1000000| Untracked 
|   5|0x00000000c1100000, 0x00000000c1200000, 0x00000000c1200000|100%| O|  |TAMS 0x00000000c1100000, 0x00000000c1100000| Untracked 
|   6|0x00000000c1200000, 0x00000000c1300000, 0x00000000c1300000|100%| O|  |TAMS 0x00000000c1200000, 0x00000000c1200000| Untracked 
|   7|0x00000000c1300000, 0x00000000c1400000, 0x00000000c1400000|100%| O|  |TAMS 0x00000000c1300000, 0x00000000c1300000| Untracked 
|   8|0x00000000c1400000, 0x00000000c1500000, 0x00000000c1500000|100%| O|  |TAMS 0x00000000c1400000, 0x00000000c1400000| Untracked 
|   9|0x00000000c1500000, 0x00000000c1600000, 0x00000000c1600000|100%| O|  |TAMS 0x00000000c1500000, 0x00000000c1500000| Untracked 
|  10|0x00000000c1600000, 0x00000000c1700000, 0x00000000c1700000|100%| O|  |TAMS 0x00000000c1600000, 0x00000000c1600000| Untracked 
|  11|0x00000000c1700000, 0x00000000c1800000, 0x00000000c1800000|100%| O|  |TAMS 0x00000000c1700000, 0x00000000c1700000| Untracked 
|  12|0x00000000c1800000, 0x00000000c1900000, 0x00000000c1900000|100%| O|  |TAMS 0x00000000c1800000, 0x00000000c1800000| Untracked 
|  13|0x00000000c1900000, 0x00000000c1a00000, 0x00000000c1a00000|100%| O|  |TAMS 0x00000000c1900000, 0x00000000c1900000| Untracked 
|  14|0x00000000c1a00000, 0x00000000c1b00000, 0x00000000c1b00000|100%| O|  |TAMS 0x00000000c1a00000, 0x00000000c1a00000| Untracked 
|  15|0x00000000c1b00000, 0x00000000c1c00000, 0x00000000c1c00000|100%| O|  |TAMS 0x00000000c1b00000, 0x00000000c1b00000| Untracked 
|  16|0x00000000c1c00000, 0x00000000c1d00000, 0x00000000c1d00000|100%| O|  |TAMS 0x00000000c1c00000, 0x00000000c1c00000| Untracked 
|  17|0x00000000c1d00000, 0x00000000c1e00000, 0x00000000c1e00000|100%| O|  |TAMS 0x00000000c1d00000, 0x00000000c1d00000| Untracked 
|  18|0x00000000c1e00000, 0x00000000c1e5b600, 0x00000000c1f00000| 35%| O|  |TAMS 0x00000000c1e00000, 0x00000000c1e00000| Untracked 
|  19|0x00000000c1f00000, 0x00000000c1f00000, 0x00000000c2000000|  0%| F|  |TAMS 0x00000000c1f00000, 0x00000000c1f00000| Untracked 
|  20|0x00000000c2000000, 0x00000000c2000000, 0x00000000c2100000|  0%| F|  |TAMS 0x00000000c2000000, 0x00000000c2000000| Untracked 
|  21|0x00000000c2100000, 0x00000000c2100000, 0x00000000c2200000|  0%| F|  |TAMS 0x00000000c2100000, 0x00000000c2100000| Untracked 
|  22|0x00000000c2200000, 0x00000000c2200000, 0x00000000c2300000|  0%| F|  |TAMS 0x00000000c2200000, 0x00000000c2200000| Untracked 
|  23|0x00000000c2300000, 0x00000000c2300000, 0x00000000c2400000|  0%| F|  |TAMS 0x00000000c2300000, 0x00000000c2300000| Untracked 
|  24|0x00000000c2400000, 0x00000000c2400000, 0x00000000c2500000|  0%| F|  |TAMS 0x00000000c2400000, 0x00000000c2400000| Untracked 
|  25|0x00000000c2500000, 0x00000000c2500000, 0x00000000c2600000|  0%| F|  |TAMS 0x00000000c2500000, 0x00000000c2500000| Untracked 
|  26|0x00000000c2600000, 0x00000000c2600000, 0x00000000c2700000|  0%| F|  |TAMS 0x00000000c2600000, 0x00000000c2600000| Untracked 
|  27|0x00000000c2700000, 0x00000000c2700000, 0x00000000c2800000|  0%| F|  |TAMS 0x00000000c2700000, 0x00000000c2700000| Untracked 
|  28|0x00000000c2800000, 0x00000000c2800000, 0x00000000c2900000|  0%| F|  |TAMS 0x00000000c2800000, 0x00000000c2800000| Untracked 
|  29|0x00000000c2900000, 0x00000000c2900000, 0x00000000c2a00000|  0%| F|  |TAMS 0x00000000c2900000, 0x00000000c2900000| Untracked 
|  30|0x00000000c2a00000, 0x00000000c2a00000, 0x00000000c2b00000|  0%| F|  |TAMS 0x00000000c2a00000, 0x00000000c2a00000| Untracked 
|  31|0x00000000c2b00000, 0x00000000c2b00000, 0x00000000c2c00000|  0%| F|  |TAMS 0x00000000c2b00000, 0x00000000c2b00000| Untracked 
|  32|0x00000000c2c00000, 0x00000000c2c00000, 0x00000000c2d00000|  0%| F|  |TAMS 0x00000000c2c00000, 0x00000000c2c00000| Untracked 
|  33|0x00000000c2d00000, 0x00000000c2d00000, 0x00000000c2e00000|  0%| F|  |TAMS 0x00000000c2d00000, 0x00000000c2d00000| Untracked 
|  34|0x00000000c2e00000, 0x00000000c2e00000, 0x00000000c2f00000|  0%| F|  |TAMS 0x00000000c2e00000, 0x00000000c2e00000| Untracked 
|  35|0x00000000c2f00000, 0x00000000c2f00000, 0x00000000c3000000|  0%| F|  |TAMS 0x00000000c2f00000, 0x00000000c2f00000| Untracked 
|  36|0x00000000c3000000, 0x00000000c3000000, 0x00000000c3100000|  0%| F|  |TAMS 0x00000000c3000000, 0x00000000c3000000| Untracked 
|  37|0x00000000c3100000, 0x00000000c3100000, 0x00000000c3200000|  0%| F|  |TAMS 0x00000000c3100000, 0x00000000c3100000| Untracked 
|  38|0x00000000c3200000, 0x00000000c3200000, 0x00000000c3300000|  0%| F|  |TAMS 0x00000000c3200000, 0x00000000c3200000| Untracked 
|  39|0x00000000c3300000, 0x00000000c3300000, 0x00000000c3400000|  0%| F|  |TAMS 0x00000000c3300000, 0x00000000c3300000| Untracked 
|  40|0x00000000c3400000, 0x00000000c3400000, 0x00000000c3500000|  0%| F|  |TAMS 0x00000000c3400000, 0x00000000c3400000| Untracked 
|  41|0x00000000c3500000, 0x00000000c3500000, 0x00000000c3600000|  0%| F|  |TAMS 0x00000000c3500000, 0x00000000c3500000| Untracked 
|  42|0x00000000c3600000, 0x00000000c3600000, 0x00000000c3700000|  0%| F|  |TAMS 0x00000000c3600000, 0x00000000c3600000| Untracked 
|  43|0x00000000c3700000, 0x00000000c3700000, 0x00000000c3800000|  0%| F|  |TAMS 0x00000000c3700000, 0x00000000c3700000| Untracked 
|  44|0x00000000c3800000, 0x00000000c3800000, 0x00000000c3900000|  0%| F|  |TAMS 0x00000000c3800000, 0x00000000c3800000| Untracked 
|  45|0x00000000c3900000, 0x00000000c3900000, 0x00000000c3a00000|  0%| F|  |TAMS 0x00000000c3900000, 0x00000000c3900000| Untracked 
|  46|0x00000000c3a00000, 0x00000000c3a00000, 0x00000000c3b00000|  0%| F|  |TAMS 0x00000000c3a00000, 0x00000000c3a00000| Untracked 
|  47|0x00000000c3b00000, 0x00000000c3b00000, 0x00000000c3c00000|  0%| F|  |TAMS 0x00000000c3b00000, 0x00000000c3b00000| Untracked 
|  48|0x00000000c3c00000, 0x00000000c3c00000, 0x00000000c3d00000|  0%| F|  |TAMS 0x00000000c3c00000, 0x00000000c3c00000| Untracked 
|  49|0x00000000c3d00000, 0x00000000c3d00000, 0x00000000c3e00000|  0%| F|  |TAMS 0x00000000c3d00000, 0x00000000c3d00000| Untracked 
|  50|0x00000000c3e00000, 0x00000000c3f00000, 0x00000000c3f00000|100%| S|CS|TAMS 0x00000000c3e00000, 0x00000000c3e00000| Complete 
|  51|0x00000000c3f00000, 0x00000000c4000000, 0x00000000c4000000|100%| S|CS|TAMS 0x00000000c3f00000, 0x00000000c3f00000| Complete 
|  52|0x00000000c4000000, 0x00000000c4000000, 0x00000000c4100000|  0%| F|  |TAMS 0x00000000c4000000, 0x00000000c4000000| Untracked 
|  53|0x00000000c4100000, 0x00000000c4100000, 0x00000000c4200000|  0%| F|  |TAMS 0x00000000c4100000, 0x00000000c4100000| Untracked 
|  54|0x00000000c4200000, 0x00000000c4200000, 0x00000000c4300000|  0%| F|  |TAMS 0x00000000c4200000, 0x00000000c4200000| Untracked 
|  55|0x00000000c4300000, 0x00000000c4300000, 0x00000000c4400000|  0%| F|  |TAMS 0x00000000c4300000, 0x00000000c4300000| Untracked 
|  56|0x00000000c4400000, 0x00000000c4400000, 0x00000000c4500000|  0%| F|  |TAMS 0x00000000c4400000, 0x00000000c4400000| Untracked 
|  57|0x00000000c4500000, 0x00000000c4500000, 0x00000000c4600000|  0%| F|  |TAMS 0x00000000c4500000, 0x00000000c4500000| Untracked 
|  58|0x00000000c4600000, 0x00000000c4600000, 0x00000000c4700000|  0%| F|  |TAMS 0x00000000c4600000, 0x00000000c4600000| Untracked 
|  59|0x00000000c4700000, 0x00000000c4700000, 0x00000000c4800000|  0%| F|  |TAMS 0x00000000c4700000, 0x00000000c4700000| Untracked 
|  60|0x00000000c4800000, 0x00000000c4800000, 0x00000000c4900000|  0%| F|  |TAMS 0x00000000c4800000, 0x00000000c4800000| Untracked 
|  61|0x00000000c4900000, 0x00000000c4900000, 0x00000000c4a00000|  0%| F|  |TAMS 0x00000000c4900000, 0x00000000c4900000| Untracked 
|  62|0x00000000c4a00000, 0x00000000c4a00800, 0x00000000c4b00000|  0%| E|  |TAMS 0x00000000c4a00000, 0x00000000c4a00000| Complete 
|  63|0x00000000c4b00000, 0x00000000c4c00000, 0x00000000c4c00000|100%| E|CS|TAMS 0x00000000c4b00000, 0x00000000c4b00000| Complete 

Card table byte_map: [0x000001fa3d970000,0x000001fa3db70000] _byte_map_base: 0x000001fa3d36a000

Marking Bits (Prev, Next): (CMBitMap*) 0x000001fa3dbf5c78, (CMBitMap*) 0x000001fa3dbf5cb0
 Prev Bits: [0x000001fa551a0000, 0x000001fa56170000)
 Next Bits: [0x000001fa56170000, 0x000001fa57140000)

Polling page: 0x000001fa3bb60000

Metaspace:

Usage:
  Non-class:     11.33 MB capacity,    11.09 MB ( 98%) used,   214.13 KB (  2%) free+waste,    30.06 KB ( <1%) overhead. 
      Class:      1.40 MB capacity,     1.30 MB ( 92%) used,    96.20 KB (  7%) free+waste,    14.94 KB (  1%) overhead. 
       Both:     12.73 MB capacity,    12.38 MB ( 97%) used,   310.33 KB (  2%) free+waste,    45.00 KB ( <1%) overhead. 

Virtual space:
  Non-class space:       12.00 MB reserved,      11.50 MB ( 96%) committed 
      Class space:        1.00 GB reserved,       1.50 MB ( <1%) committed 
             Both:        1.01 GB reserved,      13.00 MB (  1%) committed 

Chunk freelists:
   Non-Class:  6.13 KB
       Class:  256 bytes
        Both:  6.38 KB

CodeHeap 'non-profiled nmethods': size=239488Kb used=1589Kb max_used=1589Kb free=237898Kb
 bounds [0x000001fa465c0000, 0x000001fa46830000, 0x000001fa54fa0000]
CodeHeap 'non-nmethods': size=6272Kb used=1094Kb max_used=1094Kb free=5177Kb
 bounds [0x000001fa45fa0000, 0x000001fa46210000, 0x000001fa465c0000]
 total_blobs=1562 nmethods=1148 adapters=326
 compilation: enabled
              stopped_count=0, restarted_count=0
 full_count=0

Compilation events (10 events):
Event: 3.582 Thread 0x000001fa59515000 nmethod 1081 0x000001fa4672d790 code [0x000001fa4672d920, 0x000001fa4672da38]
Event: 3.587 Thread 0x000001fa59515000 1082       1       java.lang.ClassLoader::checkName (37 bytes)
Event: 3.587 Thread 0x000001fa59515000 nmethod 1082 0x000001fa4672da90 code [0x000001fa4672dc60, 0x000001fa4672df80]
Event: 3.589 Thread 0x000001fa59515000 1083       1       jdk.internal.loader.URLClassPath$Loader::getBaseURL (5 bytes)
Event: 3.589 Thread 0x000001fa59515000 nmethod 1083 0x000001fa4672e190 code [0x000001fa4672e320, 0x000001fa4672e438]
Event: 3.590 Thread 0x000001fa59515000 1084   !   1       java.util.zip.ZipFile$ZipFileInputStream::read (135 bytes)
Event: 3.590 Thread 0x000001fa59515000 nmethod 1084 0x000001fa4672e490 code [0x000001fa4672e680, 0x000001fa4672ebc0]
Event: 3.590 Thread 0x000001fa59515000 1085       1       java.util.zip.ZipFile::ensureOpenOrZipException (18 bytes)
Event: 3.591 Thread 0x000001fa59515000 nmethod 1085 0x000001fa4672ef10 code [0x000001fa4672f0c0, 0x000001fa4672f250]
Event: 3.591 Thread 0x000001fa59515000 1086       1       java.util.zip.ZipFile$ZipFileInputStream::initDataOffset (109 bytes)

GC Heap History (7 events):
Event: 0.930 GC heap before
{Heap before GC invocations=0 (full 0):
 garbage-first heap   total 65536K, used 8192K [0x00000000c0c00000, 0x0000000100000000)
  region size 1024K, 7 young (7168K), 0 survivors (0K)
 Metaspace       used 6078K, capacity 6170K, committed 6272K, reserved 1056768K
  class space    used 538K, capacity 567K, committed 640K, reserved 1048576K
}
Event: 0.939 GC heap after
{Heap after GC invocations=1 (full 0):
 garbage-first heap   total 65536K, used 5546K [0x00000000c0c00000, 0x0000000100000000)
  region size 1024K, 1 young (1024K), 1 survivors (1024K)
 Metaspace       used 6078K, capacity 6170K, committed 6272K, reserved 1056768K
  class space    used 538K, capacity 567K, committed 640K, reserved 1048576K
}
Event: 1.018 GC heap before
{Heap before GC invocations=1 (full 0):
 garbage-first heap   total 65536K, used 8618K [0x00000000c0c00000, 0x0000000100000000)
  region size 1024K, 5 young (5120K), 1 survivors (1024K)
 Metaspace       used 6078K, capacity 6170K, committed 6272K, reserved 1056768K
  class space    used 538K, capacity 567K, committed 640K, reserved 1048576K
}
Event: 1.025 GC heap after
{Heap after GC invocations=2 (full 0):
 garbage-first heap   total 65536K, used 9276K [0x00000000c0c00000, 0x0000000100000000)
  region size 1024K, 1 young (1024K), 1 survivors (1024K)
 Metaspace       used 6078K, capacity 6170K, committed 6272K, reserved 1056768K
  class space    used 538K, capacity 567K, committed 640K, reserved 1048576K
}
Event: 1.123 GC heap before
{Heap before GC invocations=2 (full 0):
 garbage-first heap   total 65536K, used 16444K [0x00000000c0c00000, 0x0000000100000000)
  region size 1024K, 9 young (9216K), 1 survivors (1024K)
 Metaspace       used 6080K, capacity 6170K, committed 6272K, reserved 1056768K
  class space    used 538K, capacity 567K, committed 640K, reserved 1048576K
}
Event: 1.135 GC heap after
{Heap after GC invocations=3 (full 0):
 garbage-first heap   total 65536K, used 16955K [0x00000000c0c00000, 0x0000000100000000)
  region size 1024K, 2 young (2048K), 2 survivors (2048K)
 Metaspace       used 6080K, capacity 6170K, committed 6272K, reserved 1056768K
  class space    used 538K, capacity 567K, committed 640K, reserved 1048576K
}
Event: 3.591 GC heap before
{Heap before GC invocations=3 (full 0):
 garbage-first heap   total 65536K, used 26171K [0x00000000c0c00000, 0x0000000100000000)
  region size 1024K, 12 young (12288K), 2 survivors (2048K)
 Metaspace       used 12324K, capacity 12621K, committed 12672K, reserved 1060864K
  class space    used 1289K, capacity 1406K, committed 1408K, reserved 1048576K
}

Deoptimization events (0 events):
No events

Classes redefined (0 events):
No events

Internal exceptions (10 events):
Event: 2.212 Thread 0x000001fa3dbc9800 Exception <a 'java/lang/NoSuchMethodError'{0x00000000c45077b0}: java.lang.invoke.DirectMethodHandle$Holder.invokeSpecialIFC(Ljava/lang/Object;Ljava/lang/Object;Ljava/lang/Object;)I> (0x00000000c45077b0) thrown at [./open/src/hotspot/share/interpreter/link
Event: 2.621 Thread 0x000001fa3dbc9800 Exception <a 'java/lang/NoSuchMethodError'{0x00000000c456f848}: java.lang.invoke.DirectMethodHandle$Holder.invokeStatic(Ljava/lang/Object;IIII)Ljava/lang/Object;> (0x00000000c456f848) thrown at [./open/src/hotspot/share/interpreter/linkResolver.cpp, line 
Event: 2.621 Thread 0x000001fa3dbc9800 Exception <a 'java/lang/NoSuchMethodError'{0x00000000c4572960}: java.lang.invoke.DirectMethodHandle$Holder.invokeStaticInit(Ljava/lang/Object;IIII)Ljava/lang/Object;> (0x00000000c4572960) thrown at [./open/src/hotspot/share/interpreter/linkResolver.cpp, l
Event: 3.210 Thread 0x000001fa3dbc9800 Exception <a 'java/lang/NoSuchMethodError'{0x00000000c45f8e38}: java.lang.invoke.DirectMethodHandle$Holder.invokeStatic(Ljava/lang/Object;Ljava/lang/Object;IIII)Ljava/lang/Object;> (0x00000000c45f8e38) thrown at [./open/src/hotspot/share/interpreter/linkR
Event: 3.210 Thread 0x000001fa3dbc9800 Exception <a 'java/lang/NoSuchMethodError'{0x00000000c45fc630}: java.lang.invoke.DirectMethodHandle$Holder.invokeStaticInit(Ljava/lang/Object;Ljava/lang/Object;IIII)Ljava/lang/Object;> (0x00000000c45fc630) thrown at [./open/src/hotspot/share/interpreter/l
Event: 3.364 Thread 0x000001fa3dbc9800 Exception <a 'java/lang/ClassNotFoundException'{0x00000000c441a2f0}: javax/management/remote/rmi/RMIServerImpl_Skel> (0x00000000c441a2f0) thrown at [./open/src/hotspot/share/classfile/systemDictionary.cpp, line 228]
Event: 3.475 Thread 0x000001fa3dbc9800 Exception <a 'java/lang/ClassNotFoundException'{0x00000000c44d6420}: jdk/internal/agent/resources/spi/agentProvider> (0x00000000c44d6420) thrown at [./open/src/hotspot/share/classfile/systemDictionary.cpp, line 228]
Event: 3.494 Thread 0x000001fa3dbc9800 Exception <a 'java/lang/NoSuchMethodError'{0x00000000c432c138}: java.lang.invoke.DirectMethodHandle$Holder.invokeStatic(Ljava/lang/Object;Ljava/lang/Object;Ljava/lang/Object;Ljava/lang/Object;Ljava/lang/Object;Ljava/lang/Object;Ljava/lang/Object;Ljava/lan
Event: 3.495 Thread 0x000001fa3dbc9800 Exception <a 'java/lang/NoSuchMethodError'{0x00000000c4338bd8}: java.lang.invoke.DirectMethodHandle$Holder.invokeStatic(Ljava/lang/Object;Ljava/lang/Object;Ljava/lang/Object;Ljava/lang/Object;Ljava/lang/Object;Ljava/lang/Object;Ljava/lang/Object;Ljava/lan
Event: 3.498 Thread 0x000001fa3dbc9800 Exception <a 'java/lang/NoSuchMethodError'{0x00000000c43526b0}: java.lang.invoke.DelegatingMethodHandle$Holder.reinvoke_L(Ljava/lang/Object;ILjava/lang/Object;)Ljava/lang/Object;> (0x00000000c43526b0) thrown at [./open/src/hotspot/share/interpreter/linkRe

Events (10 events):
Event: 3.588 loading class ch/qos/logback/classic/util/ContextInitializer done
Event: 3.588 loading class ch/qos/logback/core/util/StatusListenerConfigHelper
Event: 3.588 loading class ch/qos/logback/core/util/StatusListenerConfigHelper done
Event: 3.589 loading class ch/qos/logback/core/util/OptionHelper
Event: 3.589 loading class ch/qos/logback/core/util/OptionHelper done
Event: 3.590 loading class ch/qos/logback/core/util/Loader
Event: 3.590 loading class ch/qos/logback/core/util/Loader done
Event: 3.590 loading class ch/qos/logback/core/util/Loader$1
Event: 3.590 loading class ch/qos/logback/core/util/Loader$1 done
Event: 3.591 Executing VM operation: G1CollectForAllocation


Dynamic libraries:
0x00007ff72e090000 - 0x00007ff72e0d7000 	C:\Program Files\Java\jdk-11.0.7\bin\javaw.exe
0x00007ff97c1d0000 - 0x00007ff97c3c6000 	C:\WINDOWS\SYSTEM32\ntdll.dll
0x00007ff97bf20000 - 0x00007ff97bfdd000 	C:\WINDOWS\System32\KERNEL32.DLL
0x00007ff979d00000 - 0x00007ff979fc8000 	C:\WINDOWS\System32\KERNELBASE.dll
0x00007ff976e80000 - 0x00007ff976f10000 	C:\WINDOWS\SYSTEM32\apphelp.dll
0x00007ff944670000 - 0x00007ff944b04000 	C:\WINDOWS\SYSTEM32\AcLayers.DLL
0x00007ff97c040000 - 0x00007ff97c0de000 	C:\WINDOWS\System32\msvcrt.dll
0x00007ff97b340000 - 0x00007ff97b4e0000 	C:\WINDOWS\System32\USER32.dll
0x00007ff979cd0000 - 0x00007ff979cf2000 	C:\WINDOWS\System32\win32u.dll
0x00007ff97ad10000 - 0x00007ff97ad3a000 	C:\WINDOWS\System32\GDI32.dll
0x00007ff979a10000 - 0x00007ff979b19000 	C:\WINDOWS\System32\gdi32full.dll
0x00007ff979b80000 - 0x00007ff979c1d000 	C:\WINDOWS\System32\msvcp_win.dll
0x00007ff979fd0000 - 0x00007ff97a0d0000 	C:\WINDOWS\System32\ucrtbase.dll
0x00007ff97bfe0000 - 0x00007ff97c035000 	C:\WINDOWS\System32\SHLWAPI.dll
0x00007ff97ad40000 - 0x00007ff97adec000 	C:\WINDOWS\System32\ADVAPI32.dll
0x00007ff97b4f0000 - 0x00007ff97b58b000 	C:\WINDOWS\System32\sechost.dll
0x00007ff97b210000 - 0x00007ff97b334000 	C:\WINDOWS\System32\RPCRT4.dll
0x000001fa3bae0000 - 0x000001fa3bae3000 	C:\WINDOWS\SYSTEM32\sfc.dll
0x00007ff957e30000 - 0x00007ff957ebe000 	C:\WINDOWS\SYSTEM32\WINSPOOL.DRV
0x00007ff964e90000 - 0x00007ff964ea2000 	C:\WINDOWS\SYSTEM32\sfc_os.DLL
0x00007ff97ab30000 - 0x00007ff97ab60000 	C:\WINDOWS\System32\IMM32.DLL
0x00007ff96bd00000 - 0x00007ff96bf9b000 	C:\WINDOWS\WinSxS\amd64_microsoft.windows.common-controls_6595b64144ccf1df_6.0.19041.488_none_ca04af081b815d21\COMCTL32.dll
0x00007ff9688e0000 - 0x00007ff9688ea000 	C:\WINDOWS\SYSTEM32\VERSION.dll
0x00007ff96b960000 - 0x00007ff96b976000 	C:\Program Files\Java\jdk-11.0.7\bin\vcruntime140.dll
0x00007ff9554d0000 - 0x00007ff95557a000 	C:\Program Files\Java\jdk-11.0.7\bin\msvcp140.dll
0x00007ff93a360000 - 0x00007ff93aec1000 	C:\Program Files\Java\jdk-11.0.7\bin\server\jvm.dll
0x00007ff97adf0000 - 0x00007ff97adf8000 	C:\WINDOWS\System32\PSAPI.DLL
0x00007ff968810000 - 0x00007ff968819000 	C:\WINDOWS\SYSTEM32\WSOCK32.dll
0x00007ff96ff60000 - 0x00007ff96ff87000 	C:\WINDOWS\SYSTEM32\WINMM.dll
0x00007ff97a370000 - 0x00007ff97a3db000 	C:\WINDOWS\System32\WS2_32.dll
0x00007ff9781f0000 - 0x00007ff978202000 	C:\WINDOWS\SYSTEM32\kernel.appcore.dll
0x00007ff96c160000 - 0x00007ff96c171000 	C:\Program Files\Java\jdk-11.0.7\bin\verify.dll
0x00007ff967810000 - 0x00007ff9679f4000 	C:\WINDOWS\SYSTEM32\DBGHELP.DLL
0x00007ff9677e0000 - 0x00007ff96780c000 	C:\WINDOWS\SYSTEM32\dbgcore.DLL
0x00007ff979910000 - 0x00007ff97998f000 	C:\WINDOWS\System32\bcryptPrimitives.dll
0x00007ff96baf0000 - 0x00007ff96bb19000 	C:\Program Files\Java\jdk-11.0.7\bin\java.dll
0x00007ff972460000 - 0x00007ff97246a000 	C:\Program Files\Java\jdk-11.0.7\bin\jimage.dll
0x00007ff96bcb0000 - 0x00007ff96bcc6000 	C:\Program Files\Java\jdk-11.0.7\bin\zip.dll
0x00007ff97a3e0000 - 0x00007ff97ab21000 	C:\WINDOWS\System32\SHELL32.dll
0x00007ff977730000 - 0x00007ff977ec5000 	C:\WINDOWS\SYSTEM32\windows.storage.dll
0x00007ff97aeb0000 - 0x00007ff97b205000 	C:\WINDOWS\System32\combase.dll
0x00007ff979380000 - 0x00007ff9793ac000 	C:\WINDOWS\SYSTEM32\Wldp.dll
0x00007ff97c0e0000 - 0x00007ff97c18e000 	C:\WINDOWS\System32\SHCORE.dll
0x00007ff979840000 - 0x00007ff979866000 	C:\WINDOWS\SYSTEM32\profapi.dll
0x00007ff96bc50000 - 0x00007ff96bc69000 	C:\Program Files\Java\jdk-11.0.7\bin\net.dll
0x00007ff96e8b0000 - 0x00007ff96e9b0000 	C:\WINDOWS\SYSTEM32\WINHTTP.dll
0x00007ff979100000 - 0x00007ff97916a000 	C:\WINDOWS\system32\mswsock.dll
0x00007ff96bad0000 - 0x00007ff96bae3000 	C:\Program Files\Java\jdk-11.0.7\bin\nio.dll
0x00007ff975240000 - 0x00007ff975249000 	C:\Program Files\Java\jdk-11.0.7\bin\management.dll
0x00007ff96b9b0000 - 0x00007ff96b9bc000 	C:\Program Files\Java\jdk-11.0.7\bin\management_ext.dll
0x00007ff9723f0000 - 0x00007ff972407000 	C:\WINDOWS\system32\napinsp.dll
0x00007ff970620000 - 0x00007ff97063b000 	C:\WINDOWS\system32\pnrpnsp.dll
0x00007ff962900000 - 0x00007ff962915000 	C:\WINDOWS\system32\wshbth.dll
0x00007ff9751f0000 - 0x00007ff97520d000 	C:\WINDOWS\system32\NLAapi.dll
0x00007ff978da0000 - 0x00007ff978ddb000 	C:\WINDOWS\SYSTEM32\IPHLPAPI.DLL
0x00007ff978df0000 - 0x00007ff978ebb000 	C:\WINDOWS\SYSTEM32\DNSAPI.dll
0x00007ff97a290000 - 0x00007ff97a298000 	C:\WINDOWS\System32\NSI.dll
0x00007ff96def0000 - 0x00007ff96df02000 	C:\WINDOWS\System32\winrnr.dll
0x00007ff96e8a0000 - 0x00007ff96e8aa000 	C:\Windows\System32\rasadhlp.dll
0x00007ff96eba0000 - 0x00007ff96ec1f000 	C:\WINDOWS\System32\fwpuclnt.dll
0x00007ff9799e0000 - 0x00007ff979a07000 	C:\WINDOWS\System32\bcrypt.dll
0x00007ff9792d0000 - 0x00007ff9792e8000 	C:\WINDOWS\SYSTEM32\CRYPTSP.dll
0x00007ff978a20000 - 0x00007ff978a54000 	C:\WINDOWS\system32\rsaenh.dll
0x00007ff9797c0000 - 0x00007ff9797ee000 	C:\WINDOWS\SYSTEM32\USERENV.dll
0x00007ff9792f0000 - 0x00007ff9792fc000 	C:\WINDOWS\SYSTEM32\CRYPTBASE.dll
0x00007ff96f8c0000 - 0x00007ff96f8d7000 	C:\WINDOWS\SYSTEM32\dhcpcsvc6.DLL
0x00007ff970170000 - 0x00007ff97018d000 	C:\WINDOWS\SYSTEM32\dhcpcsvc.DLL

dbghelp: loaded successfully - version: 4.0.5 - missing functions: none
symbol engine: initialized successfully - sym options: 0x614 - pdb path: .;C:\Program Files\Java\jdk-11.0.7\bin;C:\WINDOWS\SYSTEM32;C:\WINDOWS\WinSxS\amd64_microsoft.windows.common-controls_6595b64144ccf1df_6.0.19041.488_none_ca04af081b815d21;C:\Program Files\Java\jdk-11.0.7\bin\server

VM Arguments:
jvm_args: -Dcom.sun.management.jmxremote -Dcom.sun.management.jmxremote.port=61167 -Dcom.sun.management.jmxremote.authenticate=false -Dcom.sun.management.jmxremote.ssl=false -Djava.rmi.server.hostname=localhost -Dspring.jmx.enabled=true -Dspring.application.admin.enabled=true -Xverify:none -XX:TieredStopAtLevel=1 -Dspring.boot.project.name=cursomc -Dfile.encoding=UTF-8 
java_command: com.mkwinformatica.cursomc.CursomcApplication --spring.output.ansi.enabled=always
java_class_path (initial): C:\temp\ws-sts\cursomc\target\classes;C:\Users\Marcos\.m2\repository\org\springframework\boot\spring-boot-starter-web\2.3.3.RELEASE\spring-boot-starter-web-2.3.3.RELEASE.jar;C:\Users\Marcos\.m2\repository\org\springframework\boot\spring-boot-starter\2.3.3.RELEASE\spring-boot-starter-2.3.3.RELEASE.jar;C:\Users\Marcos\.m2\repository\org\springframework\boot\spring-boot-starter-logging\2.3.3.RELEASE\spring-boot-starter-logging-2.3.3.RELEASE.jar;C:\Users\Marcos\.m2\repository\ch\qos\logback\logback-classic\1.2.3\logback-classic-1.2.3.jar;C:\Users\Marcos\.m2\repository\ch\qos\logback\logback-core\1.2.3\logback-core-1.2.3.jar;C:\Users\Marcos\.m2\repository\org\apache\logging\log4j\log4j-to-slf4j\2.13.3\log4j-to-slf4j-2.13.3.jar;C:\Users\Marcos\.m2\repository\org\apache\logging\log4j\log4j-api\2.13.3\log4j-api-2.13.3.jar;C:\Users\Marcos\.m2\repository\org\slf4j\jul-to-slf4j\1.7.30\jul-to-slf4j-1.7.30.jar;C:\Users\Marcos\.m2\repository\jakarta\annotation\jakarta.annotation-api\1.3.5\jakarta.annotation-api-1.3.5.jar;C:\Users\Marcos\.m2\repository\org\yaml\snakeyaml\1.26\snakeyaml-1.26.jar;C:\Users\Marcos\.m2\repository\org\springframework\boot\spring-boot-starter-json\2.3.3.RELEASE\spring-boot-starter-json-2.3.3.RELEASE.jar;C:\Users\Marcos\.m2\repository\com\fasterxml\jackson\datatype\jackson-datatype-jdk8\2.11.2\jackson-datatype-jdk8-2.11.2.jar;C:\Users\Marcos\.m2\repository\com\fasterxml\jackson\datatype\jackson-datatype-jsr310\2.11.2\jackson-datatype-jsr310-2.11.2.jar;C:\Users\Marcos\.m2\repository\com\fasterxml\jackson\module\jackson-module-parameter-names\2.11.2\jackson-module-parameter-names-2.11.2.jar;C:\Users\Marcos\.m2\repository\org\springframework\boot\spring-boot-starter-tomcat\2.3.3.RELEASE\spring-boot-starter-tomcat-2.3.3.RELEASE.jar;C:\Users\Marcos\.m2\repository\org\apache\tomcat\embed\tomcat-embed-core\9.0.37\tomcat-embed-core-9.0.37.jar;C:\Users\Marcos\.m2\repository\org\glassfish\jakarta.el\3.0.3\jakarta.el-3.0.3.jar;C:\Users\M
Launcher Type: SUN_STANDARD

[Global flags]
     bool BytecodeVerificationLocal                = false                                     {product} {command line}
     bool BytecodeVerificationRemote               = false                                     {product} {command line}
     intx CICompilerCount                          = 2                                         {product} {ergonomic}
     uint ConcGCThreads                            = 1                                         {product} {ergonomic}
     uint G1ConcRefinementThreads                  = 2                                         {product} {ergonomic}
   size_t G1HeapRegionSize                         = 1048576                                   {product} {ergonomic}
    uintx GCDrainStackTargetSize                   = 64                                        {product} {ergonomic}
   size_t InitialHeapSize                          = 67108864                                  {product} {ergonomic}
     bool ManagementServer                         = true                                      {product} {command line}
   size_t MarkStackSize                            = 4194304                                   {product} {ergonomic}
   size_t MaxHeapSize                              = 1061158912                                {product} {ergonomic}
   size_t MaxNewSize                               = 636485632                                 {product} {ergonomic}
   size_t MinHeapDeltaBytes                        = 1048576                                   {product} {ergonomic}
    uintx NonNMethodCodeHeapSize                   = 6396312                                {pd product} {ergonomic}
    uintx NonProfiledCodeHeapSize                  = 245261928                              {pd product} {ergonomic}
    uintx ProfiledCodeHeapSize                     = 0                                      {pd product} {ergonomic}
    uintx ReservedCodeCacheSize                    = 251658240                              {pd product} {ergonomic}
     bool SegmentedCodeCache                       = true                                      {product} {ergonomic}
     intx TieredStopAtLevel                        = 1                                         {product} {command line}
     bool UseCompressedClassPointers               = true                                 {lp64_product} {ergonomic}
     bool UseCompressedOops                        = true                                 {lp64_product} {ergonomic}
     bool UseG1GC                                  = true                                      {product} {ergonomic}
     bool UseLargePagesIndividualAllocation        = false                                  {pd product} {ergonomic}

Logging:
Log output configuration:
 #0: stdout all=warning uptime,level,tags
 #1: stderr all=off uptime,level,tags

Environment Variables:
JAVA_HOME=C:\Program Files\Java\jdk-11.0.7
PATH=C:/Program Files/Java/jdk-11.0.7/bin/server;C:/Program Files/Java/jdk-11.0.7/bin;C:\Python38\Scripts\;C:\Python38\;C:\WINDOWS\system32;C:\WINDOWS;C:\WINDOWS\System32\Wbem;C:\WINDOWS\System32\WindowsPowerShell\v1.0\;C:\WINDOWS\System32\OpenSSH\;C:\Program Files\Git\cmd;C:\Program Files\Java\jdk-11.0.7\bin;C:\ProgramData\chocolatey\bin;C:\Program Files\nodejs\;C:\xampp\mysql\bin;C:\Users\Marcos\AppData\Local\Microsoft\WindowsApps;C:\Program Files\heroku\bin;C:\Users\Marcos\AppData\Local\Programs\Microsoft VS Code\bin;C:\Users\Marcos\AppData\Roaming\npm;C:\Program Files\Spring Toll Suite 4;
USERNAME=Marcos
OS=Windows_NT
PROCESSOR_IDENTIFIER=Intel64 Family 6 Model 23 Stepping 10, GenuineIntel



---------------  S Y S T E M  ---------------

OS: Windows 10 , 64 bit Build 19041 (10.0.19041.546)

CPU:total 2 (initial active 2) (2 cores per cpu, 1 threads per core) family 6 model 23 stepping 10, cmov, cx8, fxsr, mmx, sse, sse2, sse3, ssse3, sse4.1, tsc

Memory: 4k page, system-wide physical 4047M (302M free)
TotalPageFile size 7631M (AvailPageFile size 860M)
current process WorkingSet (physical memory assigned to process): 78M, peak: 78M
current process commit charge ("private bytes"): 151M, peak: 151M

vm_info: Java HotSpot(TM) 64-Bit Server VM (11.0.7+8-LTS) for windows-amd64 JRE (11.0.7+8-LTS), built on Mar 12 2020 02:04:32 by "mach5one" with MS VC++ 15.5 (VS2017)

END.
