#
# A fatal error has been detected by the Java Runtime Environment:
#
#  EXCEPTION_ACCESS_VIOLATION (0xc0000005) at pc=0x00007ffb3283a550, pid=9272, tid=5172
#
# JRE version: Java(TM) SE Runtime Environment 18.9 (11.0.7+8) (build 11.0.7+8-LTS)
# Java VM: Java HotSpot(TM) 64-Bit Server VM 18.9 (11.0.7+8-LTS, mixed mode, tiered, compressed oops, g1 gc, windows-amd64)
# Problematic frame:
# V  [jvm.dll+0x66a550]
#
# No core dump will be written. Minidumps are not enabled by default on client versions of Windows
#
# If you would like to submit a bug report, please visit:
#   https://bugreport.java.com/bugreport/crash.jsp
#

---------------  S U M M A R Y ------------

Command Line: -Dcom.sun.management.jmxremote -Dcom.sun.management.jmxremote.port=52666 -Dcom.sun.management.jmxremote.authenticate=false -Dcom.sun.management.jmxremote.ssl=false -Djava.rmi.server.hostname=localhost -Dspring.jmx.enabled=true -Dspring.application.admin.enabled=true -Xverify:none -XX:TieredStopAtLevel=1 -Dspring.boot.project.name=cursomc -Dfile.encoding=UTF-8 com.mkwinformatica.cursomc.CursomcApplication --spring.output.ansi.enabled=always

Host: Intel(R) Core(TM)2 Duo CPU     P7550  @ 2.26GHz, 2 cores, 3G,  Windows 10 , 64 bit Build 19041 (10.0.19041.662)
Time: Mon Dec  7 15:01:07 2020 E. South America Standard Time elapsed time: 21 seconds (0d 0h 0m 21s)

---------------  T H R E A D  ---------------

Current thread (0x000002a2ca79d000):  VMThread "VM Thread" [stack: 0x000000b70b100000,0x000000b70b200000] [id=5172]

Stack: [0x000000b70b100000,0x000000b70b200000],  sp=0x000000b70b1fea30,  free space=1018k
Native frames: (J=compiled Java code, j=interpreted, Vv=VM code, C=native code)
V  [jvm.dll+0x66a550]
V  [jvm.dll+0x1e70e5]
V  [jvm.dll+0x736fe0]
V  [jvm.dll+0x2ff999]
V  [jvm.dll+0x2fe5cc]
V  [jvm.dll+0x7aa5c8]
V  [jvm.dll+0x7a9d5c]
V  [jvm.dll+0x7a80e7]
V  [jvm.dll+0x7a8910]
V  [jvm.dll+0x7a8c17]
V  [jvm.dll+0x75e875]
V  [jvm.dll+0x660b26]
C  [ucrtbase.dll+0x214c2]
C  [KERNEL32.DLL+0x17034]
C  [ntdll.dll+0x4d0d1]


siginfo: EXCEPTION_ACCESS_VIOLATION (0xc0000005), reading address 0x000000080000001f


Register to memory mapping:

RIP=0x00007ffb3283a550 jvm.dll
RAX=0x000002a2cba1ca40 points into unknown readable memory: 07 00 00 00 08 00 00 00
RBX=0x0000000800000007 is an unknown value
RCX=0x0 is NULL
RDX=0x0000000000000002 is an unknown value
RSP=0x000000b70b1fea30 points into unknown readable memory: 00 f6 6a ae a2 02 00 00
RBP=0x000000b70b1fec00 points into unknown readable memory: 00 ef 1f 0b b7 00 00 00
RSI=0x0 is NULL
RDI=0x0 is NULL
R8 =0x000002a2cb8ed610 points into unknown readable memory: 6d 00 00 00 00 00 00 00
R9 =0x0000000000000008 is an unknown value
R10=0x0 is NULL
R11=0x000000b70b1fea98 points into unknown readable memory: e5 70 3b 32 fb 7f 00 00
R12=0x000002a2ae766a01 points into unknown readable memory: 00 00 00 00 00 00 00
R13=0x000002a2ca79a1c0 points into unknown readable memory: d0 2b 7c ca a2 02 00 00
R14=0x000000000000048e is an unknown value
R15=0x0000000000000001 is an unknown value


Registers:
RAX=0x000002a2cba1ca40, RBX=0x0000000800000007, RCX=0x0000000000000000, RDX=0x0000000000000002
RSP=0x000000b70b1fea30, RBP=0x000000b70b1fec00, RSI=0x0000000000000000, RDI=0x0000000000000000
R8 =0x000002a2cb8ed610, R9 =0x0000000000000008, R10=0x0000000000000000, R11=0x000000b70b1fea98
R12=0x000002a2ae766a01, R13=0x000002a2ca79a1c0, R14=0x000000000000048e, R15=0x0000000000000001
RIP=0x00007ffb3283a550, EFLAGS=0x0000000000010202

Top of Stack: (sp=0x000000b70b1fea30)
0x000000b70b1fea30:   000002a2ae6af600 0000000000000001
0x000000b70b1fea40:   0000000000000001 0000000000000001
0x000000b70b1fea50:   000002a2ae763270 0000000000000001
0x000000b70b1fea60:   000000000000048e 000002a2ae766a01
0x000000b70b1fea70:   0000000000000000 000000b70b1fec00
0x000000b70b1fea80:   000002a2ae763270 00000000000003d8
0x000000b70b1fea90:   000002a2cba38c60 00007ffb323b70e5
0x000000b70b1feaa0:   000002a2cb8ed610 000002a200000000
0x000000b70b1feab0:   0000000000000000 000002a2ca79a1c0
0x000000b70b1feac0:   404e000000000000 000000b70b1feb60
0x000000b70b1fead0:   000002a2ae6cb450 00007ffb323d3b54
0x000000b70b1feae0:   000002a2ae6af780 000002a20000000b
0x000000b70b1feaf0:   000000b70b1fec00 0000000000000000
0x000000b70b1feb00:   000002a2ae6af780 0000000000000000
0x000000b70b1feb10:   000002a2ae766630 000002a2ae766620
0x000000b70b1feb20:   000002a2ae766a08 00007ffb32906fe0 

Instructions: (pc=0x00007ffb3283a550)
0x00007ffb3283a530:   24 80 00 00 00 49 8b 40 08 48 8b 1c 01 48 85 db
0x00007ffb3283a540:   0f 84 a9 01 00 00 4c 8b ac 24 88 00 00 00 66 90
0x00007ffb3283a550:   48 8b 53 18 0f b6 42 4b 84 c0 75 06 83 7b 20 01
0x00007ffb3283a560:   75 3c 48 8b 7b 28 48 85 ff 74 33 48 83 7f 08 01 


Stack slot to memory mapping:
stack at sp + 0 slots: 0x000002a2ae6af600 points into unknown readable memory: 00 00 00 00 00 00 00 00
stack at sp + 1 slots: 0x0000000000000001 is an unknown value
stack at sp + 2 slots: 0x0000000000000001 is an unknown value
stack at sp + 3 slots: 0x0000000000000001 is an unknown value
stack at sp + 4 slots: 0x000002a2ae763270 points into unknown readable memory: 00 00 00 00 00 00 00 00
stack at sp + 5 slots: 0x0000000000000001 is an unknown value
stack at sp + 6 slots: 0x000000000000048e is an unknown value
stack at sp + 7 slots: 0x000002a2ae766a01 points into unknown readable memory: 00 00 00 00 00 00 00

VM_Operation (0x000000b70adff8c0): CGC_Operation, mode: safepoint, requested by thread 0x000002a2ae6d0000


---------------  P R O C E S S  ---------------

Threads class SMR info:
_java_thread_list=0x000002a2cfd5c750, length=25, elements={
0x000002a2ae69e000, 0x000002a2ca7a0000, 0x000002a2ca7cb800, 0x000002a2ca81f800,
0x000002a2ca820800, 0x000002a2ca824800, 0x000002a2ca830800, 0x000002a2caae5800,
0x000002a2cab7b800, 0x000002a2cba32800, 0x000002a2cba31000, 0x000002a2cba9c800,
0x000002a2cbb2b000, 0x000002a2cbb67800, 0x000002a2cbba2800, 0x000002a2cbcb5800,
0x000002a2cbeed800, 0x000002a2cbe13800, 0x000002a2ceb73800, 0x000002a2ceb72800,
0x000002a2ceb72000, 0x000002a2ceb71000, 0x000002a2ceb75000, 0x000002a2ceb76000,
0x000002a2ceb70800
}

Java Threads: ( => current thread )
  0x000002a2ae69e000 JavaThread "main" [_thread_blocked, id=6960, stack(0x000000b70ab00000,0x000000b70ac00000)]
  0x000002a2ca7a0000 JavaThread "Reference Handler" daemon [_thread_blocked, id=5200, stack(0x000000b70b200000,0x000000b70b300000)]
  0x000002a2ca7cb800 JavaThread "Finalizer" daemon [_thread_blocked, id=6320, stack(0x000000b70b300000,0x000000b70b400000)]
  0x000002a2ca81f800 JavaThread "Signal Dispatcher" daemon [_thread_blocked, id=11856, stack(0x000000b70b400000,0x000000b70b500000)]
  0x000002a2ca820800 JavaThread "Attach Listener" daemon [_thread_blocked, id=11844, stack(0x000000b70b500000,0x000000b70b600000)]
  0x000002a2ca824800 JavaThread "C1 CompilerThread0" daemon [_thread_blocked, id=9988, stack(0x000000b70b600000,0x000000b70b700000)]
  0x000002a2ca830800 JavaThread "Sweeper thread" daemon [_thread_blocked, id=7076, stack(0x000000b70b700000,0x000000b70b800000)]
  0x000002a2caae5800 JavaThread "Common-Cleaner" daemon [_thread_blocked, id=10128, stack(0x000000b70b800000,0x000000b70b900000)]
  0x000002a2cab7b800 JavaThread "Service Thread" daemon [_thread_blocked, id=8948, stack(0x000000b70b900000,0x000000b70ba00000)]
  0x000002a2cba32800 JavaThread "RMI TCP Accept-0" daemon [_thread_in_native, id=952, stack(0x000000b70bb00000,0x000000b70bc00000)]
  0x000002a2cba31000 JavaThread "RMI TCP Accept-52666" daemon [_thread_in_native, id=10336, stack(0x000000b70bc00000,0x000000b70bd00000)]
  0x000002a2cba9c800 JavaThread "RMI TCP Accept-0" daemon [_thread_in_native, id=7772, stack(0x000000b70bd00000,0x000000b70be00000)]
  0x000002a2cbb2b000 JavaThread "RMI TCP Connection(1)-127.0.0.1" daemon [_thread_in_native, id=9236, stack(0x000000b70bf00000,0x000000b70c000000)]
  0x000002a2cbb67800 JavaThread "RMI Scheduler(0)" daemon [_thread_blocked, id=7192, stack(0x000000b70c000000,0x000000b70c100000)]
  0x000002a2cbba2800 JavaThread "RMI TCP Connection(2)-127.0.0.1" daemon [_thread_blocked, id=3588, stack(0x000000b70c100000,0x000000b70c200000)]
  0x000002a2cbcb5800 JavaThread "JMX server connection timeout 18" daemon [_thread_blocked, id=10388, stack(0x000000b70c200000,0x000000b70c300000)]
  0x000002a2cbeed800 JavaThread "Thread-0" [_thread_blocked, id=2252, stack(0x000000b70c300000,0x000000b70c400000)]
  0x000002a2cbe13800 JavaThread "restartedMain" [_thread_blocked, id=6464, stack(0x000000b70c400000,0x000000b70c500000)]
  0x000002a2ceb73800 JavaThread "mysql-cj-abandoned-connection-cleanup" daemon [_thread_blocked, id=7244, stack(0x000000b70c500000,0x000000b70c600000)]
  0x000002a2ceb72800 JavaThread "HikariPool-1 housekeeper" daemon [_thread_blocked, id=5540, stack(0x000000b70c700000,0x000000b70c800000)]
  0x000002a2ceb72000 JavaThread "Catalina-utility-1" [_thread_blocked, id=6536, stack(0x000000b70c900000,0x000000b70ca00000)]
  0x000002a2ceb71000 JavaThread "Catalina-utility-2" [_thread_blocked, id=10664, stack(0x000000b70ca00000,0x000000b70cb00000)]
  0x000002a2ceb75000 JavaThread "container-0" [_thread_blocked, id=9336, stack(0x000000b70cb00000,0x000000b70cc00000)]
  0x000002a2ceb76000 JavaThread "task-1" [_thread_blocked, id=3496, stack(0x000000b70cc00000,0x000000b70cd00000)]
  0x000002a2ceb70800 JavaThread "java-sdk-http-connection-reaper" daemon [_thread_blocked, id=2392, stack(0x000000b70cd00000,0x000000b70ce00000)]

Other Threads:
=>0x000002a2ca79d000 VMThread "VM Thread" [stack: 0x000000b70b100000,0x000000b70b200000] [id=5172]
  0x000002a2cbaad000 WatcherThread [stack: 0x000000b70be00000,0x000000b70bf00000] [id=4512]
  0x000002a2ae6b5000 GCTaskThread "GC Thread#0" [stack: 0x000000b70ac00000,0x000000b70ad00000] [id=4840]
  0x000002a2cad59800 GCTaskThread "GC Thread#1" [stack: 0x000000b70ba00000,0x000000b70bb00000] [id=5360]
  0x000002a2ae6d0000 ConcurrentGCThread "G1 Main Marker" [stack: 0x000000b70ad00000,0x000000b70ae00000] [id=8364]
  0x000002a2ae6d2000 ConcurrentGCThread "G1 Conc#0" [stack: 0x000000b70ae00000,0x000000b70af00000] [id=6244]
  0x000002a2ae71c000 ConcurrentGCThread "G1 Refine#0" [stack: 0x000000b70af00000,0x000000b70b000000] [id=7308]
  0x000002a2ae71d000 ConcurrentGCThread "G1 Young RemSet Sampling" [stack: 0x000000b70b000000,0x000000b70b100000] [id=9188]

Threads with active compile tasks:

VM state:at safepoint (normal execution)

VM Mutex/Monitor currently owned by a thread:  ([mutex/lock_event])
[0x000002a2ae699930] Threads_lock - owner thread: 0x000002a2ca79d000
[0x000002a2ae6986a0] Heap_lock - owner thread: 0x000002a2ae6d0000

Heap address: 0x00000000c0c00000, size: 1012 MB, Compressed Oops mode: 32-bit
Narrow klass base: 0x0000000000000000, Narrow klass shift: 3
Compressed class space size: 1073741824 Address: 0x0000000100000000

Heap:
 garbage-first heap   total 147456K, used 45568K [0x00000000c0c00000, 0x0000000100000000)
  region size 1024K, 8 young (8192K), 4 survivors (4096K)
 Metaspace       used 58667K, capacity 60248K, committed 60464K, reserved 1101824K
  class space    used 7670K, capacity 8265K, committed 8320K, reserved 1048576K
Heap Regions: E=young(eden), S=young(survivor), O=old, HS=humongous(starts), HC=humongous(continues), CS=collection set, F=free, A=archive, TAMS=top-at-mark-start (previous, next)
|   0|0x00000000c0c00000, 0x00000000c0d00000, 0x00000000c0d00000|100%|HS|  |TAMS 0x00000000c0d00000, 0x00000000c0d00000| Complete 
|   1|0x00000000c0d00000, 0x00000000c0e00000, 0x00000000c0e00000|100%| O|  |TAMS 0x00000000c0e00000, 0x00000000c0e00000| Untracked 
|   2|0x00000000c0e00000, 0x00000000c0f00000, 0x00000000c0f00000|100%| O|  |TAMS 0x00000000c0f00000, 0x00000000c0f00000| Untracked 
|   3|0x00000000c0f00000, 0x00000000c1000000, 0x00000000c1000000|100%| O|  |TAMS 0x00000000c1000000, 0x00000000c1000000| Untracked 
|   4|0x00000000c1000000, 0x00000000c1100000, 0x00000000c1100000|100%| O|  |TAMS 0x00000000c1100000, 0x00000000c1100000| Untracked 
|   5|0x00000000c1100000, 0x00000000c1200000, 0x00000000c1200000|100%| O|  |TAMS 0x00000000c1200000, 0x00000000c1200000| Untracked 
|   6|0x00000000c1200000, 0x00000000c1300000, 0x00000000c1300000|100%| O|  |TAMS 0x00000000c1300000, 0x00000000c1300000| Untracked 
|   7|0x00000000c1300000, 0x00000000c1400000, 0x00000000c1400000|100%| O|  |TAMS 0x00000000c1400000, 0x00000000c1400000| Untracked 
|   8|0x00000000c1400000, 0x00000000c1500000, 0x00000000c1500000|100%| O|  |TAMS 0x00000000c1500000, 0x00000000c1500000| Untracked 
|   9|0x00000000c1500000, 0x00000000c1600000, 0x00000000c1600000|100%| O|  |TAMS 0x00000000c1600000, 0x00000000c1600000| Untracked 
|  10|0x00000000c1600000, 0x00000000c1700000, 0x00000000c1700000|100%| O|  |TAMS 0x00000000c1700000, 0x00000000c1700000| Untracked 
|  11|0x00000000c1700000, 0x00000000c1800000, 0x00000000c1800000|100%| O|  |TAMS 0x00000000c1800000, 0x00000000c1800000| Untracked 
|  12|0x00000000c1800000, 0x00000000c1900000, 0x00000000c1900000|100%| O|  |TAMS 0x00000000c1900000, 0x00000000c1900000| Untracked 
|  13|0x00000000c1900000, 0x00000000c1a00000, 0x00000000c1a00000|100%| O|  |TAMS 0x00000000c1a00000, 0x00000000c1a00000| Untracked 
|  14|0x00000000c1a00000, 0x00000000c1b00000, 0x00000000c1b00000|100%| O|  |TAMS 0x00000000c1b00000, 0x00000000c1b00000| Untracked 
|  15|0x00000000c1b00000, 0x00000000c1c00000, 0x00000000c1c00000|100%| O|  |TAMS 0x00000000c1c00000, 0x00000000c1c00000| Untracked 
|  16|0x00000000c1c00000, 0x00000000c1d00000, 0x00000000c1d00000|100%| O|  |TAMS 0x00000000c1d00000, 0x00000000c1d00000| Untracked 
|  17|0x00000000c1d00000, 0x00000000c1e00000, 0x00000000c1e00000|100%| O|  |TAMS 0x00000000c1e00000, 0x00000000c1e00000| Untracked 
|  18|0x00000000c1e00000, 0x00000000c1f00000, 0x00000000c1f00000|100%| O|  |TAMS 0x00000000c1f00000, 0x00000000c1f00000| Untracked 
|  19|0x00000000c1f00000, 0x00000000c2000000, 0x00000000c2000000|100%| O|  |TAMS 0x00000000c2000000, 0x00000000c2000000| Untracked 
|  20|0x00000000c2000000, 0x00000000c2100000, 0x00000000c2100000|100%| O|  |TAMS 0x00000000c2100000, 0x00000000c2100000| Untracked 
|  21|0x00000000c2100000, 0x00000000c2200000, 0x00000000c2200000|100%| O|  |TAMS 0x00000000c2200000, 0x00000000c2200000| Untracked 
|  22|0x00000000c2200000, 0x00000000c2300000, 0x00000000c2300000|100%| O|  |TAMS 0x00000000c2300000, 0x00000000c2300000| Untracked 
|  23|0x00000000c2300000, 0x00000000c2400000, 0x00000000c2400000|100%| O|  |TAMS 0x00000000c2324400, 0x00000000c2400000| Untracked 
|  24|0x00000000c2400000, 0x00000000c2500000, 0x00000000c2500000|100%| O|  |TAMS 0x00000000c2400000, 0x00000000c2500000| Untracked 
|  25|0x00000000c2500000, 0x00000000c2600000, 0x00000000c2600000|100%| O|  |TAMS 0x00000000c2500000, 0x00000000c2600000| Untracked 
|  26|0x00000000c2600000, 0x00000000c2700000, 0x00000000c2700000|100%| O|  |TAMS 0x00000000c2600000, 0x00000000c2700000| Untracked 
|  27|0x00000000c2700000, 0x00000000c2800000, 0x00000000c2800000|100%| O|  |TAMS 0x00000000c2700000, 0x00000000c2800000| Untracked 
|  28|0x00000000c2800000, 0x00000000c2900000, 0x00000000c2900000|100%| O|  |TAMS 0x00000000c2800000, 0x00000000c2900000| Untracked 
|  29|0x00000000c2900000, 0x00000000c2a00000, 0x00000000c2a00000|100%| O|  |TAMS 0x00000000c2900000, 0x00000000c2a00000| Untracked 
|  30|0x00000000c2a00000, 0x00000000c2b00000, 0x00000000c2b00000|100%| O|  |TAMS 0x00000000c2a00000, 0x00000000c2b00000| Untracked 
|  31|0x00000000c2b00000, 0x00000000c2c00000, 0x00000000c2c00000|100%| O|  |TAMS 0x00000000c2b00000, 0x00000000c2c00000| Untracked 
|  32|0x00000000c2c00000, 0x00000000c2d00000, 0x00000000c2d00000|100%| O|  |TAMS 0x00000000c2c00000, 0x00000000c2d00000| Untracked 
|  33|0x00000000c2d00000, 0x00000000c2e00000, 0x00000000c2e00000|100%| O|  |TAMS 0x00000000c2d00000, 0x00000000c2e00000| Untracked 
|  34|0x00000000c2e00000, 0x00000000c2f00000, 0x00000000c2f00000|100%| O|  |TAMS 0x00000000c2e00000, 0x00000000c2f00000| Untracked 
|  35|0x00000000c2f00000, 0x00000000c3000000, 0x00000000c3000000|100%| O|  |TAMS 0x00000000c2f00000, 0x00000000c3000000| Untracked 
|  36|0x00000000c3000000, 0x00000000c3100000, 0x00000000c3100000|100%| O|  |TAMS 0x00000000c3000000, 0x00000000c3100000| Untracked 
|  37|0x00000000c3100000, 0x00000000c3200000, 0x00000000c3200000|100%| O|  |TAMS 0x00000000c3100000, 0x00000000c3200000| Untracked 
|  38|0x00000000c3200000, 0x00000000c3200000, 0x00000000c3300000|  0%| F|  |TAMS 0x00000000c3200000, 0x00000000c3200000| Untracked 
|  39|0x00000000c3300000, 0x00000000c3300000, 0x00000000c3400000|  0%| F|  |TAMS 0x00000000c3300000, 0x00000000c3300000| Untracked 
|  40|0x00000000c3400000, 0x00000000c3400000, 0x00000000c3500000|  0%| F|  |TAMS 0x00000000c3400000, 0x00000000c3400000| Untracked 
|  41|0x00000000c3500000, 0x00000000c3500000, 0x00000000c3600000|  0%| F|  |TAMS 0x00000000c3500000, 0x00000000c3500000| Untracked 
|  42|0x00000000c3600000, 0x00000000c3600000, 0x00000000c3700000|  0%| F|  |TAMS 0x00000000c3600000, 0x00000000c3600000| Untracked 
|  43|0x00000000c3700000, 0x00000000c3700000, 0x00000000c3800000|  0%| F|  |TAMS 0x00000000c3700000, 0x00000000c3700000| Untracked 
|  44|0x00000000c3800000, 0x00000000c3800000, 0x00000000c3900000|  0%| F|  |TAMS 0x00000000c3800000, 0x00000000c3800000| Untracked 
|  45|0x00000000c3900000, 0x00000000c3900000, 0x00000000c3a00000|  0%| F|  |TAMS 0x00000000c3900000, 0x00000000c3900000| Untracked 
|  46|0x00000000c3a00000, 0x00000000c3a00000, 0x00000000c3b00000|  0%| F|  |TAMS 0x00000000c3a00000, 0x00000000c3a00000| Untracked 
|  47|0x00000000c3b00000, 0x00000000c3b00000, 0x00000000c3c00000|  0%| F|  |TAMS 0x00000000c3b00000, 0x00000000c3b00000| Untracked 
|  48|0x00000000c3c00000, 0x00000000c3c00000, 0x00000000c3d00000|  0%| F|  |TAMS 0x00000000c3c00000, 0x00000000c3c00000| Untracked 
|  49|0x00000000c3d00000, 0x00000000c3d00000, 0x00000000c3e00000|  0%| F|  |TAMS 0x00000000c3d00000, 0x00000000c3d00000| Untracked 
|  50|0x00000000c3e00000, 0x00000000c3e00000, 0x00000000c3f00000|  0%| F|  |TAMS 0x00000000c3e00000, 0x00000000c3e00000| Untracked 
|  51|0x00000000c3f00000, 0x00000000c3f00000, 0x00000000c4000000|  0%| F|  |TAMS 0x00000000c3f00000, 0x00000000c3f00000| Untracked 
|  52|0x00000000c4000000, 0x00000000c4000000, 0x00000000c4100000|  0%| F|  |TAMS 0x00000000c4000000, 0x00000000c4000000| Untracked 
|  53|0x00000000c4100000, 0x00000000c4100000, 0x00000000c4200000|  0%| F|  |TAMS 0x00000000c4100000, 0x00000000c4100000| Untracked 
|  54|0x00000000c4200000, 0x00000000c4200000, 0x00000000c4300000|  0%| F|  |TAMS 0x00000000c4200000, 0x00000000c4200000| Untracked 
|  55|0x00000000c4300000, 0x00000000c4300000, 0x00000000c4400000|  0%| F|  |TAMS 0x00000000c4300000, 0x00000000c4300000| Untracked 
|  56|0x00000000c4400000, 0x00000000c4400000, 0x00000000c4500000|  0%| F|  |TAMS 0x00000000c4400000, 0x00000000c4400000| Untracked 
|  57|0x00000000c4500000, 0x00000000c4500000, 0x00000000c4600000|  0%| F|  |TAMS 0x00000000c4500000, 0x00000000c4500000| Untracked 
|  58|0x00000000c4600000, 0x00000000c4600000, 0x00000000c4700000|  0%| F|  |TAMS 0x00000000c4600000, 0x00000000c4600000| Untracked 
|  59|0x00000000c4700000, 0x00000000c4700000, 0x00000000c4800000|  0%| F|  |TAMS 0x00000000c4700000, 0x00000000c4700000| Untracked 
|  60|0x00000000c4800000, 0x00000000c4800000, 0x00000000c4900000|  0%| F|  |TAMS 0x00000000c4800000, 0x00000000c4800000| Untracked 
|  61|0x00000000c4900000, 0x00000000c4900000, 0x00000000c4a00000|  0%| F|  |TAMS 0x00000000c4900000, 0x00000000c4900000| Untracked 
|  62|0x00000000c4a00000, 0x00000000c4a00000, 0x00000000c4b00000|  0%| F|  |TAMS 0x00000000c4a00000, 0x00000000c4a00000| Untracked 
|  63|0x00000000c4b00000, 0x00000000c4b00000, 0x00000000c4c00000|  0%| F|  |TAMS 0x00000000c4b00000, 0x00000000c4b00000| Untracked 
|  64|0x00000000c4c00000, 0x00000000c4c00000, 0x00000000c4d00000|  0%| F|  |TAMS 0x00000000c4c00000, 0x00000000c4c00000| Untracked 
|  65|0x00000000c4d00000, 0x00000000c4d00000, 0x00000000c4e00000|  0%| F|  |TAMS 0x00000000c4d00000, 0x00000000c4d00000| Untracked 
|  66|0x00000000c4e00000, 0x00000000c4e00000, 0x00000000c4f00000|  0%| F|  |TAMS 0x00000000c4e00000, 0x00000000c4e00000| Untracked 
|  67|0x00000000c4f00000, 0x00000000c4f00000, 0x00000000c5000000|  0%| F|  |TAMS 0x00000000c4f00000, 0x00000000c4f00000| Untracked 
|  68|0x00000000c5000000, 0x00000000c5000000, 0x00000000c5100000|  0%| F|  |TAMS 0x00000000c5000000, 0x00000000c5000000| Untracked 
|  69|0x00000000c5100000, 0x00000000c5100000, 0x00000000c5200000|  0%| F|  |TAMS 0x00000000c5100000, 0x00000000c5100000| Untracked 
|  70|0x00000000c5200000, 0x00000000c5200000, 0x00000000c5300000|  0%| F|  |TAMS 0x00000000c5200000, 0x00000000c5200000| Untracked 
|  71|0x00000000c5300000, 0x00000000c5300000, 0x00000000c5400000|  0%| F|  |TAMS 0x00000000c5300000, 0x00000000c5300000| Untracked 
|  72|0x00000000c5400000, 0x00000000c5400000, 0x00000000c5500000|  0%| F|  |TAMS 0x00000000c5400000, 0x00000000c5400000| Untracked 
|  73|0x00000000c5500000, 0x00000000c5500000, 0x00000000c5600000|  0%| F|  |TAMS 0x00000000c5500000, 0x00000000c5500000| Untracked 
|  74|0x00000000c5600000, 0x00000000c5600000, 0x00000000c5700000|  0%| F|  |TAMS 0x00000000c5600000, 0x00000000c5600000| Untracked 
|  75|0x00000000c5700000, 0x00000000c5700000, 0x00000000c5800000|  0%| F|  |TAMS 0x00000000c5700000, 0x00000000c5700000| Untracked 
|  76|0x00000000c5800000, 0x00000000c5800000, 0x00000000c5900000|  0%| F|  |TAMS 0x00000000c5800000, 0x00000000c5800000| Untracked 
|  77|0x00000000c5900000, 0x00000000c5900000, 0x00000000c5a00000|  0%| F|  |TAMS 0x00000000c5900000, 0x00000000c5900000| Untracked 
|  78|0x00000000c5a00000, 0x00000000c5a00000, 0x00000000c5b00000|  0%| F|  |TAMS 0x00000000c5a00000, 0x00000000c5a00000| Untracked 
|  79|0x00000000c5b00000, 0x00000000c5b00000, 0x00000000c5c00000|  0%| F|  |TAMS 0x00000000c5b00000, 0x00000000c5b00000| Untracked 
|  80|0x00000000c5c00000, 0x00000000c5c00000, 0x00000000c5d00000|  0%| F|  |TAMS 0x00000000c5c00000, 0x00000000c5c00000| Untracked 
|  81|0x00000000c5d00000, 0x00000000c5d00000, 0x00000000c5e00000|  0%| F|  |TAMS 0x00000000c5d00000, 0x00000000c5d00000| Untracked 
|  82|0x00000000c5e00000, 0x00000000c5e00000, 0x00000000c5f00000|  0%| F|  |TAMS 0x00000000c5e00000, 0x00000000c5e00000| Untracked 
|  83|0x00000000c5f00000, 0x00000000c5f00000, 0x00000000c6000000|  0%| F|  |TAMS 0x00000000c5f00000, 0x00000000c5f00000| Untracked 
|  84|0x00000000c6000000, 0x00000000c6000000, 0x00000000c6100000|  0%| F|  |TAMS 0x00000000c6000000, 0x00000000c6000000| Untracked 
|  85|0x00000000c6100000, 0x00000000c6100000, 0x00000000c6200000|  0%| F|  |TAMS 0x00000000c6100000, 0x00000000c6100000| Untracked 
|  86|0x00000000c6200000, 0x00000000c6200000, 0x00000000c6300000|  0%| F|  |TAMS 0x00000000c6200000, 0x00000000c6200000| Untracked 
|  87|0x00000000c6300000, 0x00000000c6300000, 0x00000000c6400000|  0%| F|  |TAMS 0x00000000c6300000, 0x00000000c6300000| Untracked 
|  88|0x00000000c6400000, 0x00000000c6400000, 0x00000000c6500000|  0%| F|  |TAMS 0x00000000c6400000, 0x00000000c6400000| Untracked 
|  89|0x00000000c6500000, 0x00000000c6500000, 0x00000000c6600000|  0%| F|  |TAMS 0x00000000c6500000, 0x00000000c6500000| Untracked 
|  90|0x00000000c6600000, 0x00000000c6600000, 0x00000000c6700000|  0%| F|  |TAMS 0x00000000c6600000, 0x00000000c6600000| Untracked 
|  91|0x00000000c6700000, 0x00000000c6700000, 0x00000000c6800000|  0%| F|  |TAMS 0x00000000c6700000, 0x00000000c6700000| Untracked 
|  92|0x00000000c6800000, 0x00000000c6800000, 0x00000000c6900000|  0%| F|  |TAMS 0x00000000c6800000, 0x00000000c6800000| Untracked 
|  93|0x00000000c6900000, 0x00000000c6900000, 0x00000000c6a00000|  0%| F|  |TAMS 0x00000000c6900000, 0x00000000c6900000| Untracked 
|  94|0x00000000c6a00000, 0x00000000c6a00000, 0x00000000c6b00000|  0%| F|  |TAMS 0x00000000c6a00000, 0x00000000c6a00000| Untracked 
|  95|0x00000000c6b00000, 0x00000000c6b00000, 0x00000000c6c00000|  0%| F|  |TAMS 0x00000000c6b00000, 0x00000000c6b00000| Untracked 
|  96|0x00000000c6c00000, 0x00000000c6c00000, 0x00000000c6d00000|  0%| F|  |TAMS 0x00000000c6c00000, 0x00000000c6c00000| Untracked 
|  97|0x00000000c6d00000, 0x00000000c6d00000, 0x00000000c6e00000|  0%| F|  |TAMS 0x00000000c6d00000, 0x00000000c6d00000| Untracked 
|  98|0x00000000c6e00000, 0x00000000c6e80000, 0x00000000c6f00000| 50%| S|CS|TAMS 0x00000000c6e00000, 0x00000000c6e00000| Complete 
|  99|0x00000000c6f00000, 0x00000000c7000000, 0x00000000c7000000|100%| S|CS|TAMS 0x00000000c6f00000, 0x00000000c6f00000| Complete 
| 100|0x00000000c7000000, 0x00000000c7100000, 0x00000000c7100000|100%| S|CS|TAMS 0x00000000c7000000, 0x00000000c7000000| Complete 
| 101|0x00000000c7100000, 0x00000000c7200000, 0x00000000c7200000|100%| S|CS|TAMS 0x00000000c7100000, 0x00000000c7100000| Complete 
| 102|0x00000000c7200000, 0x00000000c7200000, 0x00000000c7300000|  0%| F|  |TAMS 0x00000000c7200000, 0x00000000c7200000| Untracked 
| 103|0x00000000c7300000, 0x00000000c7300000, 0x00000000c7400000|  0%| F|  |TAMS 0x00000000c7300000, 0x00000000c7300000| Untracked 
| 104|0x00000000c7400000, 0x00000000c7400000, 0x00000000c7500000|  0%| F|  |TAMS 0x00000000c7400000, 0x00000000c7400000| Untracked 
| 105|0x00000000c7500000, 0x00000000c7500000, 0x00000000c7600000|  0%| F|  |TAMS 0x00000000c7500000, 0x00000000c7500000| Untracked 
| 106|0x00000000c7600000, 0x00000000c7600000, 0x00000000c7700000|  0%| F|  |TAMS 0x00000000c7600000, 0x00000000c7600000| Untracked 
| 107|0x00000000c7700000, 0x00000000c7700000, 0x00000000c7800000|  0%| F|  |TAMS 0x00000000c7700000, 0x00000000c7700000| Untracked 
| 108|0x00000000c7800000, 0x00000000c7800000, 0x00000000c7900000|  0%| F|  |TAMS 0x00000000c7800000, 0x00000000c7800000| Untracked 
| 109|0x00000000c7900000, 0x00000000c7900000, 0x00000000c7a00000|  0%| F|  |TAMS 0x00000000c7900000, 0x00000000c7900000| Untracked 
| 110|0x00000000c7a00000, 0x00000000c7a00000, 0x00000000c7b00000|  0%| F|  |TAMS 0x00000000c7a00000, 0x00000000c7a00000| Untracked 
| 111|0x00000000c7b00000, 0x00000000c7b00000, 0x00000000c7c00000|  0%| F|  |TAMS 0x00000000c7b00000, 0x00000000c7b00000| Untracked 
| 112|0x00000000c7c00000, 0x00000000c7c00000, 0x00000000c7d00000|  0%| F|  |TAMS 0x00000000c7c00000, 0x00000000c7c00000| Untracked 
| 113|0x00000000c7d00000, 0x00000000c7d00000, 0x00000000c7e00000|  0%| F|  |TAMS 0x00000000c7d00000, 0x00000000c7d00000| Untracked 
| 114|0x00000000c7e00000, 0x00000000c7e00000, 0x00000000c7f00000|  0%| F|  |TAMS 0x00000000c7e00000, 0x00000000c7e00000| Untracked 
| 115|0x00000000c7f00000, 0x00000000c7f00000, 0x00000000c8000000|  0%| F|  |TAMS 0x00000000c7f00000, 0x00000000c7f00000| Untracked 
| 116|0x00000000c8000000, 0x00000000c8000000, 0x00000000c8100000|  0%| F|  |TAMS 0x00000000c8000000, 0x00000000c8000000| Untracked 
| 117|0x00000000c8100000, 0x00000000c8100000, 0x00000000c8200000|  0%| F|  |TAMS 0x00000000c8100000, 0x00000000c8100000| Untracked 
| 118|0x00000000c8200000, 0x00000000c8200000, 0x00000000c8300000|  0%| F|  |TAMS 0x00000000c8200000, 0x00000000c8200000| Untracked 
| 119|0x00000000c8300000, 0x00000000c8300000, 0x00000000c8400000|  0%| F|  |TAMS 0x00000000c8300000, 0x00000000c8300000| Untracked 
| 120|0x00000000c8400000, 0x00000000c8400000, 0x00000000c8500000|  0%| F|  |TAMS 0x00000000c8400000, 0x00000000c8400000| Untracked 
| 121|0x00000000c8500000, 0x00000000c8500000, 0x00000000c8600000|  0%| F|  |TAMS 0x00000000c8500000, 0x00000000c8500000| Untracked 
| 122|0x00000000c8600000, 0x00000000c8600000, 0x00000000c8700000|  0%| F|  |TAMS 0x00000000c8600000, 0x00000000c8600000| Untracked 
| 123|0x00000000c8700000, 0x00000000c8700000, 0x00000000c8800000|  0%| F|  |TAMS 0x00000000c8700000, 0x00000000c8700000| Untracked 
| 124|0x00000000c8800000, 0x00000000c8800000, 0x00000000c8900000|  0%| F|  |TAMS 0x00000000c8800000, 0x00000000c8800000| Untracked 
| 125|0x00000000c8900000, 0x00000000c8900000, 0x00000000c8a00000|  0%| F|  |TAMS 0x00000000c8900000, 0x00000000c8900000| Untracked 
| 126|0x00000000c8a00000, 0x00000000c8a00000, 0x00000000c8b00000|  0%| F|  |TAMS 0x00000000c8a00000, 0x00000000c8a00000| Untracked 
| 127|0x00000000c8b00000, 0x00000000c8b00000, 0x00000000c8c00000|  0%| F|  |TAMS 0x00000000c8b00000, 0x00000000c8b00000| Untracked 
| 128|0x00000000c8c00000, 0x00000000c8c00000, 0x00000000c8d00000|  0%| F|  |TAMS 0x00000000c8c00000, 0x00000000c8c00000| Untracked 
| 129|0x00000000c8d00000, 0x00000000c8d00000, 0x00000000c8e00000|  0%| F|  |TAMS 0x00000000c8d00000, 0x00000000c8d00000| Untracked 
| 130|0x00000000c8e00000, 0x00000000c8e00000, 0x00000000c8f00000|  0%| F|  |TAMS 0x00000000c8e00000, 0x00000000c8e00000| Untracked 
| 131|0x00000000c8f00000, 0x00000000c8f00000, 0x00000000c9000000|  0%| F|  |TAMS 0x00000000c8f00000, 0x00000000c8f00000| Untracked 
| 132|0x00000000c9000000, 0x00000000c9000000, 0x00000000c9100000|  0%| F|  |TAMS 0x00000000c9000000, 0x00000000c9000000| Untracked 
| 133|0x00000000c9100000, 0x00000000c9100000, 0x00000000c9200000|  0%| F|  |TAMS 0x00000000c9100000, 0x00000000c9100000| Untracked 
| 134|0x00000000c9200000, 0x00000000c9200000, 0x00000000c9300000|  0%| F|  |TAMS 0x00000000c9200000, 0x00000000c9200000| Untracked 
| 135|0x00000000c9300000, 0x00000000c9300000, 0x00000000c9400000|  0%| F|  |TAMS 0x00000000c9300000, 0x00000000c9300000| Untracked 
| 136|0x00000000c9400000, 0x00000000c9400000, 0x00000000c9500000|  0%| F|  |TAMS 0x00000000c9400000, 0x00000000c9400000| Untracked 
| 137|0x00000000c9500000, 0x00000000c9500000, 0x00000000c9600000|  0%| F|  |TAMS 0x00000000c9500000, 0x00000000c9500000| Untracked 
| 138|0x00000000c9600000, 0x00000000c9600000, 0x00000000c9700000|  0%| F|  |TAMS 0x00000000c9600000, 0x00000000c9600000| Untracked 
| 139|0x00000000c9700000, 0x00000000c9700000, 0x00000000c9800000|  0%| F|  |TAMS 0x00000000c9700000, 0x00000000c9700000| Untracked 
| 140|0x00000000c9800000, 0x00000000c9880800, 0x00000000c9900000| 50%| E|  |TAMS 0x00000000c9800000, 0x00000000c9800000| Complete 
| 141|0x00000000c9900000, 0x00000000c9a00000, 0x00000000c9a00000|100%| E|CS|TAMS 0x00000000c9900000, 0x00000000c9900000| Complete 
| 142|0x00000000c9a00000, 0x00000000c9b00000, 0x00000000c9b00000|100%| E|CS|TAMS 0x00000000c9a00000, 0x00000000c9a00000| Complete 
| 143|0x00000000c9b00000, 0x00000000c9c00000, 0x00000000c9c00000|100%| E|CS|TAMS 0x00000000c9b00000, 0x00000000c9b00000| Complete 

Card table byte_map: [0x000002a2ae470000,0x000002a2ae670000] _byte_map_base: 0x000002a2ade6a000

Marking Bits (Prev, Next): (CMBitMap*) 0x000002a2ae6cb468, (CMBitMap*) 0x000002a2ae6cb4a0
 Prev Bits: [0x000002a2c5ca0000, 0x000002a2c6c70000)
 Next Bits: [0x000002a2c6c70000, 0x000002a2c7c40000)

Polling page: 0x000002a2ac520000

Metaspace:

Usage:
  Non-class:     50.76 MB capacity,    49.80 MB ( 98%) used,   807.72 KB (  2%) free+waste,   179.19 KB ( <1%) overhead. 
      Class:      8.07 MB capacity,     7.49 MB ( 93%) used,   507.39 KB (  6%) free+waste,    86.69 KB (  1%) overhead. 
       Both:     58.84 MB capacity,    57.29 MB ( 97%) used,     1.28 MB (  2%) free+waste,   265.88 KB ( <1%) overhead. 

Virtual space:
  Non-class space:       52.00 MB reserved,      50.92 MB ( 98%) committed 
      Class space:        1.00 GB reserved,       8.13 MB ( <1%) committed 
             Both:        1.05 GB reserved,      59.05 MB (  5%) committed 

Chunk freelists:
   Non-Class:  4.13 KB
       Class:  2.88 KB
        Both:  7.00 KB

CodeHeap 'non-profiled nmethods': size=239488Kb used=9080Kb max_used=9080Kb free=230407Kb
 bounds [0x000002a2b70c0000, 0x000002a2b79a0000, 0x000002a2c5aa0000]
CodeHeap 'non-nmethods': size=6272Kb used=1230Kb max_used=1230Kb free=5041Kb
 bounds [0x000002a2b6aa0000, 0x000002a2b6d10000, 0x000002a2b70c0000]
 total_blobs=6294 nmethods=5630 adapters=538
 compilation: enabled
              stopped_count=0, restarted_count=0
 full_count=0

Compilation events (10 events):
Event: 20.611 Thread 0x000002a2ca824800 5664       1       java.util.concurrent.ConcurrentHashMap::containsKey (14 bytes)
Event: 20.612 Thread 0x000002a2ca824800 nmethod 5664 0x000002a2b799b590 code [0x000002a2b799b740, 0x000002a2b799b890]
Event: 20.915 Thread 0x000002a2ca824800 5665       1       java.util.regex.Pattern$Ques::match (196 bytes)
Event: 20.915 Thread 0x000002a2ca824800 nmethod 5665 0x000002a2b799b910 code [0x000002a2b799bb40, 0x000002a2b799c020]
Event: 20.916 Thread 0x000002a2ca824800 5666       1       java.util.regex.Matcher::getSubSequence (12 bytes)
Event: 20.916 Thread 0x000002a2ca824800 nmethod 5666 0x000002a2b799c290 code [0x000002a2b799c440, 0x000002a2b799c590]
Event: 20.934 Thread 0x000002a2ca824800 5667   !   1       java.util.concurrent.ConcurrentHashMap::replaceNode (437 bytes)
Event: 20.936 Thread 0x000002a2ca824800 nmethod 5667 0x000002a2b799c610 code [0x000002a2b799c8a0, 0x000002a2b799d660]
Event: 20.978 Thread 0x000002a2ca824800 5668       1       java.util.concurrent.ConcurrentHashMap::isEmpty (15 bytes)
Event: 20.978 Thread 0x000002a2ca824800 nmethod 5668 0x000002a2b799de90 code [0x000002a2b799e040, 0x000002a2b799e190]

GC Heap History (10 events):
Event: 14.921 GC heap before
{Heap before GC invocations=17 (full 0):
 garbage-first heap   total 122880K, used 93229K [0x00000000c0c00000, 0x0000000100000000)
  region size 1024K, 67 young (68608K), 6 survivors (6144K)
 Metaspace       used 37436K, capacity 38804K, committed 38960K, reserved 1083392K
  class space    used 4733K, capacity 5248K, committed 5248K, reserved 1048576K
}
Event: 14.943 GC heap after
{Heap after GC invocations=18 (full 0):
 garbage-first heap   total 122880K, used 33148K [0x00000000c0c00000, 0x0000000100000000)
  region size 1024K, 6 young (6144K), 6 survivors (6144K)
 Metaspace       used 37436K, capacity 38804K, committed 38960K, reserved 1083392K
  class space    used 4733K, capacity 5248K, committed 5248K, reserved 1048576K
}
Event: 17.633 GC heap before
{Heap before GC invocations=18 (full 0):
 garbage-first heap   total 122880K, used 95612K [0x00000000c0c00000, 0x0000000100000000)
  region size 1024K, 68 young (69632K), 6 survivors (6144K)
 Metaspace       used 43919K, capacity 45326K, committed 45488K, reserved 1089536K
  class space    used 5575K, capacity 6133K, committed 6144K, reserved 1048576K
}
Event: 17.660 GC heap after
{Heap after GC invocations=19 (full 0):
 garbage-first heap   total 122880K, used 37009K [0x00000000c0c00000, 0x0000000100000000)
  region size 1024K, 7 young (7168K), 7 survivors (7168K)
 Metaspace       used 43919K, capacity 45326K, committed 45488K, reserved 1089536K
  class space    used 5575K, capacity 6133K, committed 6144K, reserved 1048576K
}
Event: 19.095 GC heap before
{Heap before GC invocations=19 (full 0):
 garbage-first heap   total 122880K, used 98449K [0x00000000c0c00000, 0x0000000100000000)
  region size 1024K, 67 young (68608K), 7 survivors (7168K)
 Metaspace       used 51214K, capacity 52797K, committed 52912K, reserved 1095680K
  class space    used 6554K, capacity 7157K, committed 7168K, reserved 1048576K
}
Event: 19.121 GC heap after
{Heap after GC invocations=20 (full 0):
 garbage-first heap   total 122880K, used 38912K [0x00000000c0c00000, 0x0000000100000000)
  region size 1024K, 7 young (7168K), 7 survivors (7168K)
 Metaspace       used 51214K, capacity 52797K, committed 52912K, reserved 1095680K
  class space    used 6554K, capacity 7157K, committed 7168K, reserved 1048576K
}
Event: 20.289 GC heap before
{Heap before GC invocations=20 (full 0):
 garbage-first heap   total 122880K, used 99328K [0x00000000c0c00000, 0x0000000100000000)
  region size 1024K, 67 young (68608K), 7 survivors (7168K)
 Metaspace       used 57565K, capacity 59180K, committed 59312K, reserved 1099776K
  class space    used 7491K, capacity 8100K, committed 8192K, reserved 1048576K
}
Event: 20.321 GC heap after
{Heap after GC invocations=21 (full 0):
 garbage-first heap   total 122880K, used 42076K [0x00000000c0c00000, 0x0000000100000000)
  region size 1024K, 6 young (6144K), 6 survivors (6144K)
 Metaspace       used 57565K, capacity 59180K, committed 59312K, reserved 1099776K
  class space    used 7491K, capacity 8100K, committed 8192K, reserved 1048576K
}
Event: 20.869 GC heap before
{Heap before GC invocations=21 (full 0):
 garbage-first heap   total 122880K, used 59484K [0x00000000c0c00000, 0x0000000100000000)
  region size 1024K, 24 young (24576K), 6 survivors (6144K)
 Metaspace       used 58542K, capacity 60120K, committed 60208K, reserved 1101824K
  class space    used 7652K, capacity 8265K, committed 8320K, reserved 1048576K
}
Event: 20.891 GC heap after
{Heap after GC invocations=22 (full 0):
 garbage-first heap   total 147456K, used 42496K [0x00000000c0c00000, 0x0000000100000000)
  region size 1024K, 4 young (4096K), 4 survivors (4096K)
 Metaspace       used 58542K, capacity 60120K, committed 60208K, reserved 1101824K
  class space    used 7652K, capacity 8265K, committed 8320K, reserved 1048576K
}

Deoptimization events (0 events):
No events

Classes redefined (0 events):
No events

Internal exceptions (10 events):
Event: 16.359 Thread 0x000002a2cbe13800 Exception <a 'java/lang/ClassNotFoundException'{0x00000000c6060208}: org/springframework/beans/factory/AwareCustomizer> (0x00000000c6060208) thrown at [./open/src/hotspot/share/classfile/systemDictionary.cpp, line 228]
Event: 16.401 Thread 0x000002a2cbe13800 Exception <a 'java/lang/ClassNotFoundException'{0x00000000c5ea9178}: org/springframework/web/context/ServletContextAwareCustomizer> (0x00000000c5ea9178) thrown at [./open/src/hotspot/share/classfile/systemDictionary.cpp, line 228]
Event: 16.405 Thread 0x000002a2cbe13800 Exception <a 'java/lang/ClassNotFoundException'{0x00000000c5ecea70}: org/springframework/beans/factory/AwareCustomizer> (0x00000000c5ecea70) thrown at [./open/src/hotspot/share/classfile/systemDictionary.cpp, line 228]
Event: 17.161 Thread 0x000002a2cbe13800 Exception <a 'java/io/FileNotFoundException'{0x00000000c5476e00}> (0x00000000c5476e00) thrown at [./open/src/hotspot/share/prims/jni.cpp, line 611]
Event: 17.161 Thread 0x000002a2cbe13800 Exception <a 'java/io/FileNotFoundException'{0x00000000c5477b78}> (0x00000000c5477b78) thrown at [./open/src/hotspot/share/prims/jni.cpp, line 611]
Event: 19.062 Thread 0x000002a2ceb76000 Exception <a 'java/lang/NoSuchMethodError'{0x00000000c4982500}: java.lang.invoke.DirectMethodHandle$Holder.newInvokeSpecial(Ljava/lang/Object;Ljava/lang/Object;ILjava/lang/Object;Ljava/lang/Object;)Ljava/lang/Object;> (0x00000000c4982500) thrown at [./ope
Event: 19.123 Thread 0x000002a2cbe13800 Exception <a 'java/lang/NoSuchMethodError'{0x00000000c837d160}: java.lang.invoke.DirectMethodHandle$Holder.invokeStaticInit(Ljava/lang/Object;Ljava/lang/Object;Ljava/lang/Object;Ljava/lang/Object;)I> (0x00000000c837d160) thrown at [./open/src/hotspot/shar
Event: 19.165 Thread 0x000002a2cbe13800 Exception <a 'sun/nio/fs/WindowsException'{0x00000000c83afa10}> (0x00000000c83afa10) thrown at [./open/src/hotspot/share/prims/jni.cpp, line 611]
Event: 20.541 Thread 0x000002a2ceb76000 Exception <a 'java/lang/NoSuchMethodError'{0x00000000c76ee640}: java.lang.invoke.DirectMethodHandle$Holder.invokeInterface(Ljava/lang/Object;Ljava/lang/Object;)V> (0x00000000c76ee640) thrown at [./open/src/hotspot/share/interpreter/linkResolver.cpp, line 
Event: 20.733 Thread 0x000002a2ceb76000 Exception <a 'java/lang/NoSuchMethodError'{0x00000000c738a630}: java.lang.invoke.DirectMethodHandle$Holder.invokeStaticInit(Ljava/lang/Object;Ljava/lang/Object;Ljava/lang/Object;Ljava/lang/Object;II)Ljava/lang/Object;> (0x00000000c738a630) thrown at [./op

Events (10 events):
Event: 20.956 loading class java/io/ObjectInputStream$GetField done
Event: 20.956 loading class java/io/ObjectInputValidation
Event: 20.959 loading class java/io/ObjectInputValidation done
Event: 20.959 loading class java/io/NotActiveException
Event: 20.979 loading class java/awt/image/BufferedImage
Event: 20.982 Executing VM operation: CGC_Operation
Event: 20.990 loading class java/io/NotActiveException done
Event: 20.990 loading class java/io/InvalidObjectException
Event: 20.991 loading class java/awt/image/WritableRenderedImage
Event: 20.998 loading class java/io/InvalidObjectException done


Dynamic libraries:
0x00007ff656270000 - 0x00007ff6562b7000 	C:\Program Files\Java\jdk-11.0.7\bin\javaw.exe
0x00007ffb68ab0000 - 0x00007ffb68ca6000 	C:\WINDOWS\SYSTEM32\ntdll.dll
0x00007ffb680f0000 - 0x00007ffb681ad000 	C:\WINDOWS\System32\KERNEL32.DLL
0x00007ffb662f0000 - 0x00007ffb665b9000 	C:\WINDOWS\System32\KERNELBASE.dll
0x00007ffb670a0000 - 0x00007ffb6714c000 	C:\WINDOWS\System32\ADVAPI32.dll
0x00007ffb67ad0000 - 0x00007ffb67b6e000 	C:\WINDOWS\System32\msvcrt.dll
0x00007ffb67180000 - 0x00007ffb6721c000 	C:\WINDOWS\System32\sechost.dll
0x00007ffb67c40000 - 0x00007ffb67d6b000 	C:\WINDOWS\System32\RPCRT4.dll
0x00007ffb67f50000 - 0x00007ffb680f0000 	C:\WINDOWS\System32\USER32.dll
0x00007ffb667f0000 - 0x00007ffb66812000 	C:\WINDOWS\System32\win32u.dll
0x00007ffb67150000 - 0x00007ffb6717a000 	C:\WINDOWS\System32\GDI32.dll
0x00007ffb665c0000 - 0x00007ffb666c9000 	C:\WINDOWS\System32\gdi32full.dll
0x00007ffb66750000 - 0x00007ffb667ed000 	C:\WINDOWS\System32\msvcp_win.dll
0x00007ffb661f0000 - 0x00007ffb662f0000 	C:\WINDOWS\System32\ucrtbase.dll
0x00007ffb519d0000 - 0x00007ffb51c6b000 	C:\WINDOWS\WinSxS\amd64_microsoft.windows.common-controls_6595b64144ccf1df_6.0.19041.488_none_ca04af081b815d21\COMCTL32.dll
0x00007ffb5d460000 - 0x00007ffb5d46a000 	C:\WINDOWS\SYSTEM32\VERSION.dll
0x00007ffb67f20000 - 0x00007ffb67f50000 	C:\WINDOWS\System32\IMM32.DLL
0x00007ffb5ecd0000 - 0x00007ffb5ece6000 	C:\Program Files\Java\jdk-11.0.7\bin\vcruntime140.dll
0x00007ffb5ec20000 - 0x00007ffb5ecca000 	C:\Program Files\Java\jdk-11.0.7\bin\msvcp140.dll
0x00007ffb321d0000 - 0x00007ffb32d31000 	C:\Program Files\Java\jdk-11.0.7\bin\server\jvm.dll
0x00007ffb688c0000 - 0x00007ffb688c8000 	C:\WINDOWS\System32\PSAPI.DLL
0x00007ffb59510000 - 0x00007ffb59519000 	C:\WINDOWS\SYSTEM32\WSOCK32.dll
0x00007ffb5fba0000 - 0x00007ffb5fbc7000 	C:\WINDOWS\SYSTEM32\WINMM.dll
0x00007ffb68760000 - 0x00007ffb687cb000 	C:\WINDOWS\System32\WS2_32.dll
0x00007ffb64dd0000 - 0x00007ffb64de2000 	C:\WINDOWS\SYSTEM32\kernel.appcore.dll
0x00007ffb639f0000 - 0x00007ffb63a01000 	C:\Program Files\Java\jdk-11.0.7\bin\verify.dll
0x00007ffb56eb0000 - 0x00007ffb57094000 	C:\WINDOWS\SYSTEM32\DBGHELP.DLL
0x00007ffb56e80000 - 0x00007ffb56eac000 	C:\WINDOWS\SYSTEM32\dbgcore.DLL
0x00007ffb666d0000 - 0x00007ffb66750000 	C:\WINDOWS\System32\bcryptPrimitives.dll
0x00007ffb5f3c0000 - 0x00007ffb5f3e9000 	C:\Program Files\Java\jdk-11.0.7\bin\java.dll
0x00007ffb639e0000 - 0x00007ffb639ea000 	C:\Program Files\Java\jdk-11.0.7\bin\jimage.dll
0x00007ffb5f8f0000 - 0x00007ffb5f906000 	C:\Program Files\Java\jdk-11.0.7\bin\zip.dll
0x00007ffb67360000 - 0x00007ffb67aa2000 	C:\WINDOWS\System32\SHELL32.dll
0x00007ffb64230000 - 0x00007ffb649c5000 	C:\WINDOWS\SYSTEM32\windows.storage.dll
0x00007ffb68260000 - 0x00007ffb685b6000 	C:\WINDOWS\System32\combase.dll
0x00007ffb65c60000 - 0x00007ffb65c8c000 	C:\WINDOWS\SYSTEM32\Wldp.dll
0x00007ffb681b0000 - 0x00007ffb6825e000 	C:\WINDOWS\System32\SHCORE.dll
0x00007ffb66b70000 - 0x00007ffb66bc5000 	C:\WINDOWS\System32\shlwapi.dll
0x00007ffb66120000 - 0x00007ffb66146000 	C:\WINDOWS\SYSTEM32\profapi.dll
0x00007ffb5f000000 - 0x00007ffb5f019000 	C:\Program Files\Java\jdk-11.0.7\bin\net.dll
0x00007ffb5cf70000 - 0x00007ffb5d070000 	C:\WINDOWS\SYSTEM32\WINHTTP.dll
0x00007ffb659e0000 - 0x00007ffb65a4a000 	C:\WINDOWS\system32\mswsock.dll
0x00007ffb5eed0000 - 0x00007ffb5eee3000 	C:\Program Files\Java\jdk-11.0.7\bin\nio.dll
0x00007ffb60d20000 - 0x00007ffb60d29000 	C:\Program Files\Java\jdk-11.0.7\bin\management.dll
0x00007ffb608f0000 - 0x00007ffb608fc000 	C:\Program Files\Java\jdk-11.0.7\bin\management_ext.dll
0x00007ffb4a490000 - 0x00007ffb4a4a7000 	C:\WINDOWS\system32\napinsp.dll
0x00007ffb3a490000 - 0x00007ffb3a4ab000 	C:\WINDOWS\system32\pnrpnsp.dll
0x00007ffb4af30000 - 0x00007ffb4af45000 	C:\WINDOWS\system32\wshbth.dll
0x00007ffb62d00000 - 0x00007ffb62d1d000 	C:\WINDOWS\system32\NLAapi.dll
0x00007ffb65680000 - 0x00007ffb656bb000 	C:\WINDOWS\SYSTEM32\IPHLPAPI.DLL
0x00007ffb65720000 - 0x00007ffb657eb000 	C:\WINDOWS\SYSTEM32\DNSAPI.dll
0x00007ffb688d0000 - 0x00007ffb688d8000 	C:\WINDOWS\System32\NSI.dll
0x00007ffb3a470000 - 0x00007ffb3a482000 	C:\WINDOWS\System32\winrnr.dll
0x00007ffb5c3b0000 - 0x00007ffb5c3ba000 	C:\Windows\System32\rasadhlp.dll
0x00007ffb5d070000 - 0x00007ffb5d0ef000 	C:\WINDOWS\System32\fwpuclnt.dll
0x00007ffb66870000 - 0x00007ffb66897000 	C:\WINDOWS\System32\bcrypt.dll
0x00007ffb65bb0000 - 0x00007ffb65bc8000 	C:\WINDOWS\SYSTEM32\CRYPTSP.dll
0x00007ffb65300000 - 0x00007ffb65334000 	C:\WINDOWS\system32\rsaenh.dll
0x00007ffb660e0000 - 0x00007ffb6610e000 	C:\WINDOWS\SYSTEM32\USERENV.dll
0x00007ffb65bd0000 - 0x00007ffb65bdc000 	C:\WINDOWS\SYSTEM32\CRYPTBASE.dll
0x00007ffb5f120000 - 0x00007ffb5f137000 	C:\WINDOWS\SYSTEM32\dhcpcsvc6.DLL
0x00007ffb5f1f0000 - 0x00007ffb5f20d000 	C:\WINDOWS\SYSTEM32\dhcpcsvc.DLL
0x00007ffb5f8a0000 - 0x00007ffb5f8ae000 	C:\Program Files\Java\jdk-11.0.7\bin\sunmscapi.dll
0x00007ffb669b0000 - 0x00007ffb66b0d000 	C:\WINDOWS\System32\CRYPT32.dll
0x00007ffb65cd0000 - 0x00007ffb65cf7000 	C:\WINDOWS\SYSTEM32\ncrypt.dll
0x00007ffb65c90000 - 0x00007ffb65ccb000 	C:\WINDOWS\SYSTEM32\NTASN1.dll
0x00007ffb5ebf0000 - 0x00007ffb5ec16000 	C:\Program Files\Java\jdk-11.0.7\bin\sunec.dll

dbghelp: loaded successfully - version: 4.0.5 - missing functions: none
symbol engine: initialized successfully - sym options: 0x614 - pdb path: .;C:\Program Files\Java\jdk-11.0.7\bin;C:\WINDOWS\SYSTEM32;C:\WINDOWS\WinSxS\amd64_microsoft.windows.common-controls_6595b64144ccf1df_6.0.19041.488_none_ca04af081b815d21;C:\Program Files\Java\jdk-11.0.7\bin\server

VM Arguments:
jvm_args: -Dcom.sun.management.jmxremote -Dcom.sun.management.jmxremote.port=52666 -Dcom.sun.management.jmxremote.authenticate=false -Dcom.sun.management.jmxremote.ssl=false -Djava.rmi.server.hostname=localhost -Dspring.jmx.enabled=true -Dspring.application.admin.enabled=true -Xverify:none -XX:TieredStopAtLevel=1 -Dspring.boot.project.name=cursomc -Dfile.encoding=UTF-8 
java_command: com.mkwinformatica.cursomc.CursomcApplication --spring.output.ansi.enabled=always
java_class_path (initial): C:\temp\ws-sts\cursomc\target\classes;C:\Users\Marcos\.m2\repository\org\springframework\boot\spring-boot-starter-web\2.3.3.RELEASE\spring-boot-starter-web-2.3.3.RELEASE.jar;C:\Users\Marcos\.m2\repository\org\springframework\boot\spring-boot-starter\2.3.3.RELEASE\spring-boot-starter-2.3.3.RELEASE.jar;C:\Users\Marcos\.m2\repository\org\springframework\boot\spring-boot-starter-logging\2.3.3.RELEASE\spring-boot-starter-logging-2.3.3.RELEASE.jar;C:\Users\Marcos\.m2\repository\ch\qos\logback\logback-classic\1.2.3\logback-classic-1.2.3.jar;C:\Users\Marcos\.m2\repository\ch\qos\logback\logback-core\1.2.3\logback-core-1.2.3.jar;C:\Users\Marcos\.m2\repository\org\apache\logging\log4j\log4j-to-slf4j\2.13.3\log4j-to-slf4j-2.13.3.jar;C:\Users\Marcos\.m2\repository\org\apache\logging\log4j\log4j-api\2.13.3\log4j-api-2.13.3.jar;C:\Users\Marcos\.m2\repository\org\slf4j\jul-to-slf4j\1.7.30\jul-to-slf4j-1.7.30.jar;C:\Users\Marcos\.m2\repository\jakarta\annotation\jakarta.annotation-api\1.3.5\jakarta.annotation-api-1.3.5.jar;C:\Users\Marcos\.m2\repository\org\yaml\snakeyaml\1.26\snakeyaml-1.26.jar;C:\Users\Marcos\.m2\repository\org\springframework\boot\spring-boot-starter-json\2.3.3.RELEASE\spring-boot-starter-json-2.3.3.RELEASE.jar;C:\Users\Marcos\.m2\repository\com\fasterxml\jackson\datatype\jackson-datatype-jdk8\2.11.2\jackson-datatype-jdk8-2.11.2.jar;C:\Users\Marcos\.m2\repository\com\fasterxml\jackson\datatype\jackson-datatype-jsr310\2.11.2\jackson-datatype-jsr310-2.11.2.jar;C:\Users\Marcos\.m2\repository\com\fasterxml\jackson\module\jackson-module-parameter-names\2.11.2\jackson-module-parameter-names-2.11.2.jar;C:\Users\Marcos\.m2\repository\org\springframework\boot\spring-boot-starter-tomcat\2.3.3.RELEASE\spring-boot-starter-tomcat-2.3.3.RELEASE.jar;C:\Users\Marcos\.m2\repository\org\apache\tomcat\embed\tomcat-embed-core\9.0.37\tomcat-embed-core-9.0.37.jar;C:\Users\Marcos\.m2\repository\org\glassfish\jakarta.el\3.0.3\jakarta.el-3.0.3.jar;C:\Users\M
Launcher Type: SUN_STANDARD

[Global flags]
     bool BytecodeVerificationLocal                = false                                     {product} {command line}
     bool BytecodeVerificationRemote               = false                                     {product} {command line}
     intx CICompilerCount                          = 2                                         {product} {ergonomic}
     uint ConcGCThreads                            = 1                                         {product} {ergonomic}
     uint G1ConcRefinementThreads                  = 2                                         {product} {ergonomic}
   size_t G1HeapRegionSize                         = 1048576                                   {product} {ergonomic}
    uintx GCDrainStackTargetSize                   = 64                                        {product} {ergonomic}
   size_t InitialHeapSize                          = 67108864                                  {product} {ergonomic}
     bool ManagementServer                         = true                                      {product} {command line}
   size_t MarkStackSize                            = 4194304                                   {product} {ergonomic}
   size_t MaxHeapSize                              = 1061158912                                {product} {ergonomic}
   size_t MaxNewSize                               = 636485632                                 {product} {ergonomic}
   size_t MinHeapDeltaBytes                        = 1048576                                   {product} {ergonomic}
    uintx NonNMethodCodeHeapSize                   = 6396312                                {pd product} {ergonomic}
    uintx NonProfiledCodeHeapSize                  = 245261928                              {pd product} {ergonomic}
    uintx ProfiledCodeHeapSize                     = 0                                      {pd product} {ergonomic}
    uintx ReservedCodeCacheSize                    = 251658240                              {pd product} {ergonomic}
     bool SegmentedCodeCache                       = true                                      {product} {ergonomic}
     intx TieredStopAtLevel                        = 1                                         {product} {command line}
     bool UseCompressedClassPointers               = true                                 {lp64_product} {ergonomic}
     bool UseCompressedOops                        = true                                 {lp64_product} {ergonomic}
     bool UseG1GC                                  = true                                      {product} {ergonomic}
     bool UseLargePagesIndividualAllocation        = false                                  {pd product} {ergonomic}

Logging:
Log output configuration:
 #0: stdout all=warning uptime,level,tags
 #1: stderr all=off uptime,level,tags

Environment Variables:
JAVA_HOME=C:\Program Files\Java\jdk-11.0.7
PATH=C:/Program Files/Java/jdk-11.0.7/bin/server;C:/Program Files/Java/jdk-11.0.7/bin;C:\Python38\Scripts\;C:\Python38\;C:\WINDOWS\system32;C:\WINDOWS;C:\WINDOWS\System32\Wbem;C:\WINDOWS\System32\WindowsPowerShell\v1.0\;C:\WINDOWS\System32\OpenSSH\;C:\Program Files\Git\cmd;C:\Program Files\Java\jdk-11.0.7\bin;C:\ProgramData\chocolatey\bin;C:\Program Files\nodejs\;C:\xampp\mysql\bin;C:\Users\Marcos\AppData\Local\Microsoft\WindowsApps;C:\Program Files\heroku\bin;C:\Users\Marcos\AppData\Local\Programs\Microsoft VS Code\bin;C:\Users\Marcos\AppData\Roaming\npm;C:\Program Files\Spring Toll Suite 4;
USERNAME=Marcos
OS=Windows_NT
PROCESSOR_IDENTIFIER=Intel64 Family 6 Model 23 Stepping 10, GenuineIntel



---------------  S Y S T E M  ---------------

OS: Windows 10 , 64 bit Build 19041 (10.0.19041.662)

CPU:total 2 (initial active 2) (2 cores per cpu, 1 threads per core) family 6 model 23 stepping 10, cmov, cx8, fxsr, mmx, sse, sse2, sse3, ssse3, sse4.1, tsc

Memory: 4k page, system-wide physical 4047M (302M free)
TotalPageFile size 7759M (AvailPageFile size 1299M)
current process WorkingSet (physical memory assigned to process): 246M, peak: 246M
current process commit charge ("private bytes"): 319M, peak: 319M

vm_info: Java HotSpot(TM) 64-Bit Server VM (11.0.7+8-LTS) for windows-amd64 JRE (11.0.7+8-LTS), built on Mar 12 2020 02:04:32 by "mach5one" with MS VC++ 15.5 (VS2017)

END.
