#
# A fatal error has been detected by the Java Runtime Environment:
#
#  EXCEPTION_ACCESS_VIOLATION (0xc0000005) at pc=0x00007ffef6b63949, pid=10868, tid=10204
#
# JRE version: Java(TM) SE Runtime Environment 18.9 (11.0.7+8) (build 11.0.7+8-LTS)
# Java VM: Java HotSpot(TM) 64-Bit Server VM 18.9 (11.0.7+8-LTS, mixed mode, tiered, compressed oops, g1 gc, windows-amd64)
# Problematic frame:
# V  [jvm.dll+0x6f3949]
#
# No core dump will be written. Minidumps are not enabled by default on client versions of Windows
#
# If you would like to submit a bug report, please visit:
#   https://bugreport.java.com/bugreport/crash.jsp
#

---------------  S U M M A R Y ------------

Command Line: -Dcom.sun.management.jmxremote -Dcom.sun.management.jmxremote.port=49842 -Dcom.sun.management.jmxremote.authenticate=false -Dcom.sun.management.jmxremote.ssl=false -Djava.rmi.server.hostname=localhost -Dspring.jmx.enabled=true -Dspring.application.admin.enabled=true -Xverify:none -XX:TieredStopAtLevel=1 -Dspring.boot.project.name=cursomc -Dfile.encoding=UTF-8 com.mkwinformatica.cursomc.CursomcApplication --spring.output.ansi.enabled=always

Host: Intel(R) Core(TM)2 Duo CPU     P7550  @ 2.26GHz, 2 cores, 3G,  Windows 10 , 64 bit Build 19041 (10.0.19041.546)
Time: Thu Dec  3 10:21:37 2020 E. South America Standard Time elapsed time: 1 seconds (0d 0h 0m 1s)

---------------  T H R E A D  ---------------

Current thread (0x0000013b7dba5800):  WatcherThread [stack: 0x0000002d8db00000,0x0000002d8dc00000] [id=10204]

Stack: [0x0000002d8db00000,0x0000002d8dc00000],  sp=0x0000002d8dbff510,  free space=1021k
Native frames: (J=compiled Java code, j=interpreted, Vv=VM code, C=native code)
V  [jvm.dll+0x6f3949]
V  [jvm.dll+0x73fc7d]
V  [jvm.dll+0x765fe9]
V  [jvm.dll+0x75e875]
V  [jvm.dll+0x660b26]
C  [ucrtbase.dll+0x214c2]
C  [KERNEL32.DLL+0x17034]
C  [ntdll.dll+0x4cec1]


siginfo: EXCEPTION_ACCESS_VIOLATION (0xc0000005), reading address 0x0000000400000003


Register to memory mapping:

RIP=0x00007ffef6b63949 jvm.dll
RAX=0x0000013b7db0a320 points into unknown readable memory: 03 00 00 00 04 00 00 00
RBX=0x0 is NULL
RCX=0x0000000400000003 is an unknown value
RDX=0x000000000000003d is an unknown value
RSP=0x0000002d8dbff510 points into unknown readable memory: 00 58 ba 7d 3b 01 00 00
RBP=0x0000000000000002 is an unknown value
RSI=0x0000013b7db0a1a0 points into unknown readable memory: 70 4b ba 7d 3b 01 00 00
RDI=0x0 is NULL
R8 =0x0 is NULL
R9 =0x0000013b68a80b90 is at begin+0 in a stub
StubRoutines::atomic_cmpxchg_long [0x0000013b68a80b90, 0x0000013b68a80b99[ (9 bytes)
R10=0x0 is NULL
R11=0x0000000000000246 is an unknown value
R12=0x0 is NULL
R13=0x0000013b7dba5800 points into unknown readable memory: 18 92 d7 f6 fe 7f 00 00
R14=0x000000000000003d is an unknown value
R15=0x0000013b7d9f37a0 points into unknown readable memory: 00 00 00 00 00 00 00 00


Registers:
RAX=0x0000013b7db0a320, RBX=0x0000000000000000, RCX=0x0000000400000003, RDX=0x000000000000003d
RSP=0x0000002d8dbff510, RBP=0x0000000000000002, RSI=0x0000013b7db0a1a0, RDI=0x0000000000000000
R8 =0x0000000000000000, R9 =0x0000013b68a80b90, R10=0x0000000000000000, R11=0x0000000000000246
R12=0x0000000000000000, R13=0x0000013b7dba5800, R14=0x000000000000003d, R15=0x0000013b7d9f37a0
RIP=0x00007ffef6b63949, EFLAGS=0x0000000000010202

Top of Stack: (sp=0x0000002d8dbff510)
0x0000002d8dbff510:   0000013b7dba5800 0000013b7dba5800
0x0000002d8dbff520:   00007c253261654c 00007ffef6aa42d9
0x0000002d8dbff530:   00007ffef6f1abc8 00007ffef6bafc7d
0x0000002d8dbff540:   0000000000000001 0000013b606a35d0
0x0000002d8dbff550:   0000013b606a35d0 431bde82d7b634db
0x0000002d8dbff560:   0000013b7d9f37a0 00007c253261654c
0x0000002d8dbff570:   0000013b606a35d0 00007ffef6bd5fe9
0x0000002d8dbff580:   0000000000000001 000000000000003d
0x0000002d8dbff590:   0000000000000032 0000000000000002
0x0000002d8dbff5a0:   0000000000000000 0000000000000000
0x0000002d8dbff5b0:   0000000000000000 0000000000000000
0x0000002d8dbff5c0:   0000000000000000 0000000000000000
0x0000002d8dbff5d0:   0000000000000000 0000000000000000
0x0000002d8dbff5e0:   0000013b7dba5800 0000000000000000
0x0000002d8dbff5f0:   0000000000100000 0000002d8dbff9c0
0x0000002d8dbff600:   0000002d8db00000 00007ffef6bce875 

Instructions: (pc=0x00007ffef6b63949)
0x00007ffef6b63929:   20 48 8b 35 67 23 3b 00 33 db 48 8b 06 39 18 7e
0x00007ffef6b63939:   27 48 89 7c 24 30 8b fb 48 8b 40 18 48 8b 0c 07
0x00007ffef6b63949:   48 8b 01 ff 50 08 48 8b 06 48 8d 7f 08 ff c3 3b
0x00007ffef6b63959:   18 7c e5 48 8b 7c 24 30 48 8b 5c 24 38 48 83 c4 


Stack slot to memory mapping:
stack at sp + 0 slots: 0x0000013b7dba5800 points into unknown readable memory: 18 92 d7 f6 fe 7f 00 00
stack at sp + 1 slots: 0x0000013b7dba5800 points into unknown readable memory: 18 92 d7 f6 fe 7f 00 00
stack at sp + 2 slots: 0x00007c253261654c is an unknown value
stack at sp + 3 slots: 0x00007ffef6aa42d9 jvm.dll
stack at sp + 4 slots: 0x00007ffef6f1abc8 jvm.dll
stack at sp + 5 slots: 0x00007ffef6bafc7d jvm.dll
stack at sp + 6 slots: 0x0000000000000001 is an unknown value
stack at sp + 7 slots: 0x0000013b606a35d0 points into unknown readable memory: 01 00 00 00 00 00 00 00


---------------  P R O C E S S  ---------------

Threads class SMR info:
_java_thread_list=0x0000013b7db93d20, length=12, elements={
0x0000013b606a8800, 0x0000013b7c0c8000, 0x0000013b7c0d1800, 0x0000013b7ca72800,
0x0000013b7c0e1800, 0x0000013b7c0e2800, 0x0000013b7c108000, 0x0000013b60735800,
0x0000013b7cc71800, 0x0000013b7db03000, 0x0000013b7db2f000, 0x0000013b7db26800
}

Java Threads: ( => current thread )
  0x0000013b606a8800 JavaThread "main" [_thread_blocked, id=10012, stack(0x0000002d8c800000,0x0000002d8c900000)]
  0x0000013b7c0c8000 JavaThread "Reference Handler" daemon [_thread_blocked, id=7468, stack(0x0000002d8cf00000,0x0000002d8d000000)]
  0x0000013b7c0d1800 JavaThread "Finalizer" daemon [_thread_blocked, id=5492, stack(0x0000002d8d000000,0x0000002d8d100000)]
  0x0000013b7ca72800 JavaThread "Signal Dispatcher" daemon [_thread_blocked, id=11176, stack(0x0000002d8d100000,0x0000002d8d200000)]
  0x0000013b7c0e1800 JavaThread "Attach Listener" daemon [_thread_blocked, id=7984, stack(0x0000002d8d200000,0x0000002d8d300000)]
  0x0000013b7c0e2800 JavaThread "C1 CompilerThread0" daemon [_thread_in_vm, id=7724, stack(0x0000002d8d300000,0x0000002d8d400000)]
  0x0000013b7c108000 JavaThread "Sweeper thread" daemon [_thread_blocked, id=9020, stack(0x0000002d8d400000,0x0000002d8d500000)]
  0x0000013b60735800 JavaThread "Common-Cleaner" daemon [_thread_blocked, id=6944, stack(0x0000002d8d500000,0x0000002d8d600000)]
  0x0000013b7cc71800 JavaThread "Service Thread" daemon [_thread_blocked, id=8852, stack(0x0000002d8d600000,0x0000002d8d700000)]
  0x0000013b7db03000 JavaThread "RMI TCP Accept-0" daemon [_thread_in_native, id=7764, stack(0x0000002d8d800000,0x0000002d8d900000)]
  0x0000013b7db2f000 JavaThread "RMI TCP Accept-49842" daemon [_thread_blocked, id=8668, stack(0x0000002d8d900000,0x0000002d8da00000)]
  0x0000013b7db26800 JavaThread "RMI TCP Accept-0" daemon [_thread_in_native, id=6528, stack(0x0000002d8da00000,0x0000002d8db00000)]

Other Threads:
  0x0000013b7c0a0000 VMThread "VM Thread" [stack: 0x0000002d8ce00000,0x0000002d8cf00000] [id=5240]
=>0x0000013b7dba5800 WatcherThread [stack: 0x0000002d8db00000,0x0000002d8dc00000] [id=10204]
  0x0000013b606bf000 GCTaskThread "GC Thread#0" [stack: 0x0000002d8c900000,0x0000002d8ca00000] [id=10228]
  0x0000013b7ce2c000 GCTaskThread "GC Thread#1" [stack: 0x0000002d8d700000,0x0000002d8d800000] [id=4616]
  0x0000013b606da000 ConcurrentGCThread "G1 Main Marker" [stack: 0x0000002d8ca00000,0x0000002d8cb00000] [id=1116]
  0x0000013b606dc000 ConcurrentGCThread "G1 Conc#0" [stack: 0x0000002d8cb00000,0x0000002d8cc00000] [id=7948]
  0x0000013b60729800 ConcurrentGCThread "G1 Refine#0" [stack: 0x0000002d8cc00000,0x0000002d8cd00000] [id=7332]
  0x0000013b6072c000 ConcurrentGCThread "G1 Young RemSet Sampling" [stack: 0x0000002d8cd00000,0x0000002d8ce00000] [id=7564]

Threads with active compile tasks:
C1 CompilerThread01064       1       java.lang.StringCoding$Result::with (12 bytes)

VM state:synchronizing (normal execution)

VM Mutex/Monitor currently owned by a thread:  ([mutex/lock_event])
[0x0000013b606a4590] Threads_lock - owner thread: 0x0000013b7c0a0000
[0x0000013b606a4f20] Heap_lock - owner thread: 0x0000013b606a8800
[0x0000013b606a35d0] PeriodicTask_lock - owner thread: 0x0000013b7dba5800

Heap address: 0x00000000c0c00000, size: 1012 MB, Compressed Oops mode: 32-bit
Narrow klass base: 0x0000000000000000, Narrow klass shift: 3
Compressed class space size: 1073741824 Address: 0x0000000100000000

Heap:
 garbage-first heap   total 65536K, used 26336K [0x00000000c0c00000, 0x0000000100000000)
  region size 1024K, 12 young (12288K), 2 survivors (2048K)
 Metaspace       used 12323K, capacity 12625K, committed 12672K, reserved 1060864K
  class space    used 1288K, capacity 1406K, committed 1408K, reserved 1048576K
Heap Regions: E=young(eden), S=young(survivor), O=old, HS=humongous(starts), HC=humongous(continues), CS=collection set, F=free, A=archive, TAMS=top-at-mark-start (previous, next)
|   0|0x00000000c0c00000, 0x00000000c0d00000, 0x00000000c0d00000|100%|HS|  |TAMS 0x00000000c0c00000, 0x00000000c0c00000| Complete 
|   1|0x00000000c0d00000, 0x00000000c0e00000, 0x00000000c0e00000|100%| O|  |TAMS 0x00000000c0d00000, 0x00000000c0d00000| Untracked 
|   2|0x00000000c0e00000, 0x00000000c0f00000, 0x00000000c0f00000|100%| O|  |TAMS 0x00000000c0e00000, 0x00000000c0e00000| Untracked 
|   3|0x00000000c0f00000, 0x00000000c1000000, 0x00000000c1000000|100%| O|  |TAMS 0x00000000c0f00000, 0x00000000c0f00000| Untracked 
|   4|0x00000000c1000000, 0x00000000c1100000, 0x00000000c1100000|100%| O|  |TAMS 0x00000000c1000000, 0x00000000c1000000| Untracked 
|   5|0x00000000c1100000, 0x00000000c1200000, 0x00000000c1200000|100%| O|  |TAMS 0x00000000c1100000, 0x00000000c1100000| Untracked 
|   6|0x00000000c1200000, 0x00000000c1300000, 0x00000000c1300000|100%| O|  |TAMS 0x00000000c1200000, 0x00000000c1200000| Untracked 
|   7|0x00000000c1300000, 0x00000000c1400000, 0x00000000c1400000|100%| O|  |TAMS 0x00000000c1300000, 0x00000000c1300000| Untracked 
|   8|0x00000000c1400000, 0x00000000c1500000, 0x00000000c1500000|100%| O|  |TAMS 0x00000000c1400000, 0x00000000c1400000| Untracked 
|   9|0x00000000c1500000, 0x00000000c1600000, 0x00000000c1600000|100%| O|  |TAMS 0x00000000c1500000, 0x00000000c1500000| Untracked 
|  10|0x00000000c1600000, 0x00000000c1700000, 0x00000000c1700000|100%| O|  |TAMS 0x00000000c1600000, 0x00000000c1600000| Untracked 
|  11|0x00000000c1700000, 0x00000000c1800000, 0x00000000c1800000|100%| O|  |TAMS 0x00000000c1700000, 0x00000000c1700000| Untracked 
|  12|0x00000000c1800000, 0x00000000c1900000, 0x00000000c1900000|100%| O|  |TAMS 0x00000000c1800000, 0x00000000c1800000| Untracked 
|  13|0x00000000c1900000, 0x00000000c1a00000, 0x00000000c1a00000|100%| O|  |TAMS 0x00000000c1900000, 0x00000000c1900000| Untracked 
|  14|0x00000000c1a00000, 0x00000000c1ab8000, 0x00000000c1b00000| 71%| O|  |TAMS 0x00000000c1a00000, 0x00000000c1a00000| Untracked 
|  15|0x00000000c1b00000, 0x00000000c1b00000, 0x00000000c1c00000|  0%| F|  |TAMS 0x00000000c1b00000, 0x00000000c1b00000| Untracked 
|  16|0x00000000c1c00000, 0x00000000c1c00000, 0x00000000c1d00000|  0%| F|  |TAMS 0x00000000c1c00000, 0x00000000c1c00000| Untracked 
|  17|0x00000000c1d00000, 0x00000000c1d00000, 0x00000000c1e00000|  0%| F|  |TAMS 0x00000000c1d00000, 0x00000000c1d00000| Untracked 
|  18|0x00000000c1e00000, 0x00000000c1e00000, 0x00000000c1f00000|  0%| F|  |TAMS 0x00000000c1e00000, 0x00000000c1e00000| Untracked 
|  19|0x00000000c1f00000, 0x00000000c1f00000, 0x00000000c2000000|  0%| F|  |TAMS 0x00000000c1f00000, 0x00000000c1f00000| Untracked 
|  20|0x00000000c2000000, 0x00000000c2000000, 0x00000000c2100000|  0%| F|  |TAMS 0x00000000c2000000, 0x00000000c2000000| Untracked 
|  21|0x00000000c2100000, 0x00000000c2100000, 0x00000000c2200000|  0%| F|  |TAMS 0x00000000c2100000, 0x00000000c2100000| Untracked 
|  22|0x00000000c2200000, 0x00000000c2200000, 0x00000000c2300000|  0%| F|  |TAMS 0x00000000c2200000, 0x00000000c2200000| Untracked 
|  23|0x00000000c2300000, 0x00000000c2300000, 0x00000000c2400000|  0%| F|  |TAMS 0x00000000c2300000, 0x00000000c2300000| Untracked 
|  24|0x00000000c2400000, 0x00000000c2400000, 0x00000000c2500000|  0%| F|  |TAMS 0x00000000c2400000, 0x00000000c2400000| Untracked 
|  25|0x00000000c2500000, 0x00000000c2500000, 0x00000000c2600000|  0%| F|  |TAMS 0x00000000c2500000, 0x00000000c2500000| Untracked 
|  26|0x00000000c2600000, 0x00000000c2600000, 0x00000000c2700000|  0%| F|  |TAMS 0x00000000c2600000, 0x00000000c2600000| Untracked 
|  27|0x00000000c2700000, 0x00000000c2700000, 0x00000000c2800000|  0%| F|  |TAMS 0x00000000c2700000, 0x00000000c2700000| Untracked 
|  28|0x00000000c2800000, 0x00000000c2800000, 0x00000000c2900000|  0%| F|  |TAMS 0x00000000c2800000, 0x00000000c2800000| Untracked 
|  29|0x00000000c2900000, 0x00000000c2900000, 0x00000000c2a00000|  0%| F|  |TAMS 0x00000000c2900000, 0x00000000c2900000| Untracked 
|  30|0x00000000c2a00000, 0x00000000c2a00000, 0x00000000c2b00000|  0%| F|  |TAMS 0x00000000c2a00000, 0x00000000c2a00000| Untracked 
|  31|0x00000000c2b00000, 0x00000000c2b00000, 0x00000000c2c00000|  0%| F|  |TAMS 0x00000000c2b00000, 0x00000000c2b00000| Untracked 
|  32|0x00000000c2c00000, 0x00000000c2c00000, 0x00000000c2d00000|  0%| F|  |TAMS 0x00000000c2c00000, 0x00000000c2c00000| Untracked 
|  33|0x00000000c2d00000, 0x00000000c2d00000, 0x00000000c2e00000|  0%| F|  |TAMS 0x00000000c2d00000, 0x00000000c2d00000| Untracked 
|  34|0x00000000c2e00000, 0x00000000c2e00000, 0x00000000c2f00000|  0%| F|  |TAMS 0x00000000c2e00000, 0x00000000c2e00000| Untracked 
|  35|0x00000000c2f00000, 0x00000000c2f00000, 0x00000000c3000000|  0%| F|  |TAMS 0x00000000c2f00000, 0x00000000c2f00000| Untracked 
|  36|0x00000000c3000000, 0x00000000c3000000, 0x00000000c3100000|  0%| F|  |TAMS 0x00000000c3000000, 0x00000000c3000000| Untracked 
|  37|0x00000000c3100000, 0x00000000c3100000, 0x00000000c3200000|  0%| F|  |TAMS 0x00000000c3100000, 0x00000000c3100000| Untracked 
|  38|0x00000000c3200000, 0x00000000c3200000, 0x00000000c3300000|  0%| F|  |TAMS 0x00000000c3200000, 0x00000000c3200000| Untracked 
|  39|0x00000000c3300000, 0x00000000c3300000, 0x00000000c3400000|  0%| F|  |TAMS 0x00000000c3300000, 0x00000000c3300000| Untracked 
|  40|0x00000000c3400000, 0x00000000c3400000, 0x00000000c3500000|  0%| F|  |TAMS 0x00000000c3400000, 0x00000000c3400000| Untracked 
|  41|0x00000000c3500000, 0x00000000c3500000, 0x00000000c3600000|  0%| F|  |TAMS 0x00000000c3500000, 0x00000000c3500000| Untracked 
|  42|0x00000000c3600000, 0x00000000c3600000, 0x00000000c3700000|  0%| F|  |TAMS 0x00000000c3600000, 0x00000000c3600000| Untracked 
|  43|0x00000000c3700000, 0x00000000c3700000, 0x00000000c3800000|  0%| F|  |TAMS 0x00000000c3700000, 0x00000000c3700000| Untracked 
|  44|0x00000000c3800000, 0x00000000c3800000, 0x00000000c3900000|  0%| F|  |TAMS 0x00000000c3800000, 0x00000000c3800000| Untracked 
|  45|0x00000000c3900000, 0x00000000c3900000, 0x00000000c3a00000|  0%| F|  |TAMS 0x00000000c3900000, 0x00000000c3900000| Untracked 
|  46|0x00000000c3a00000, 0x00000000c3a00000, 0x00000000c3b00000|  0%| F|  |TAMS 0x00000000c3a00000, 0x00000000c3a00000| Untracked 
|  47|0x00000000c3b00000, 0x00000000c3b00000, 0x00000000c3c00000|  0%| F|  |TAMS 0x00000000c3b00000, 0x00000000c3b00000| Untracked 
|  48|0x00000000c3c00000, 0x00000000c3c00000, 0x00000000c3d00000|  0%| F|  |TAMS 0x00000000c3c00000, 0x00000000c3c00000| Untracked 
|  49|0x00000000c3d00000, 0x00000000c3d00000, 0x00000000c3e00000|  0%| F|  |TAMS 0x00000000c3d00000, 0x00000000c3d00000| Untracked 
|  50|0x00000000c3e00000, 0x00000000c3e00000, 0x00000000c3f00000|  0%| F|  |TAMS 0x00000000c3e00000, 0x00000000c3e00000| Untracked 
|  51|0x00000000c3f00000, 0x00000000c3f00000, 0x00000000c4000000|  0%| F|  |TAMS 0x00000000c3f00000, 0x00000000c3f00000| Untracked 
|  52|0x00000000c4000000, 0x00000000c4100000, 0x00000000c4100000|100%| E|CS|TAMS 0x00000000c4000000, 0x00000000c4000000| Complete 
|  53|0x00000000c4100000, 0x00000000c4200000, 0x00000000c4200000|100%| S|CS|TAMS 0x00000000c4100000, 0x00000000c4100000| Complete 
|  54|0x00000000c4200000, 0x00000000c4300000, 0x00000000c4300000|100%| S|CS|TAMS 0x00000000c4200000, 0x00000000c4200000| Complete 
|  55|0x00000000c4300000, 0x00000000c4400000, 0x00000000c4400000|100%| E|CS|TAMS 0x00000000c4300000, 0x00000000c4300000| Complete 
|  56|0x00000000c4400000, 0x00000000c4500000, 0x00000000c4500000|100%| E|CS|TAMS 0x00000000c4400000, 0x00000000c4400000| Complete 
|  57|0x00000000c4500000, 0x00000000c4600000, 0x00000000c4600000|100%| E|CS|TAMS 0x00000000c4500000, 0x00000000c4500000| Complete 
|  58|0x00000000c4600000, 0x00000000c4700000, 0x00000000c4700000|100%| E|CS|TAMS 0x00000000c4600000, 0x00000000c4600000| Complete 
|  59|0x00000000c4700000, 0x00000000c4800000, 0x00000000c4800000|100%| E|CS|TAMS 0x00000000c4700000, 0x00000000c4700000| Complete 
|  60|0x00000000c4800000, 0x00000000c4900000, 0x00000000c4900000|100%| E|CS|TAMS 0x00000000c4800000, 0x00000000c4800000| Complete 
|  61|0x00000000c4900000, 0x00000000c4a00000, 0x00000000c4a00000|100%| E|CS|TAMS 0x00000000c4900000, 0x00000000c4900000| Complete 
|  62|0x00000000c4a00000, 0x00000000c4b00000, 0x00000000c4b00000|100%| E|  |TAMS 0x00000000c4a00000, 0x00000000c4a00000| Complete 
|  63|0x00000000c4b00000, 0x00000000c4c00000, 0x00000000c4c00000|100%| E|CS|TAMS 0x00000000c4b00000, 0x00000000c4b00000| Complete 

Card table byte_map: [0x0000013b77a80000,0x0000013b77c80000] _byte_map_base: 0x0000013b7747a000

Marking Bits (Prev, Next): (CMBitMap*) 0x0000013b606d53e8, (CMBitMap*) 0x0000013b606d5420
 Prev Bits: [0x0000013b77e80000, 0x0000013b78e50000)
 Next Bits: [0x0000013b78e50000, 0x0000013b79e20000)

Polling page: 0x0000013b5e5f0000

Metaspace:

Usage:
  Non-class:     10.96 MB capacity,    10.78 MB ( 98%) used,   154.10 KB (  1%) free+waste,    29.75 KB ( <1%) overhead. 
      Class:      1.37 MB capacity,     1.26 MB ( 92%) used,   102.93 KB (  7%) free+waste,    14.88 KB (  1%) overhead. 
       Both:     12.33 MB capacity,    12.03 MB ( 98%) used,   257.03 KB (  2%) free+waste,    44.63 KB ( <1%) overhead. 

Virtual space:
  Non-class space:       12.00 MB reserved,      11.00 MB ( 92%) committed 
      Class space:        1.00 GB reserved,       1.38 MB ( <1%) committed 
             Both:        1.01 GB reserved,      12.38 MB (  1%) committed 

Chunk freelists:
   Non-Class:  5.63 KB
       Class:  256 bytes
        Both:  5.88 KB

CodeHeap 'non-profiled nmethods': size=239488Kb used=1444Kb max_used=1444Kb free=238044Kb
 bounds [0x0000013b690a0000, 0x0000013b69310000, 0x0000013b77a80000]
CodeHeap 'non-nmethods': size=6272Kb used=1088Kb max_used=1088Kb free=5183Kb
 bounds [0x0000013b68a80000, 0x0000013b68cf0000, 0x0000013b690a0000]
 total_blobs=1476 nmethods=1063 adapters=326
 compilation: enabled
              stopped_count=0, restarted_count=0
 full_count=0

Compilation events (10 events):
Event: 1.673 Thread 0x0000013b7c0e2800 1054       1       java.lang.invoke.ClassSpecializer$Factory::chooseFieldName (32 bytes)
Event: 1.673 Thread 0x0000013b7c0e2800 nmethod 1054 0x0000013b69203a10 code [0x0000013b69203c20, 0x0000013b69204040]
Event: 1.673 Thread 0x0000013b7c0e2800 1057       1       java.lang.invoke.MethodHandles$Lookup::checkField (56 bytes)
Event: 1.674 Thread 0x0000013b7c0e2800 nmethod 1057 0x0000013b69204490 code [0x0000013b69204640, 0x0000013b69204820]
Event: 1.675 Thread 0x0000013b7c0e2800 1061   !   1       java.util.concurrent.ConcurrentHashMap::computeIfAbsent (576 bytes)
Event: 1.678 Thread 0x0000013b7c0e2800 nmethod 1061 0x0000013b69204d10 code [0x0000013b69205020, 0x0000013b692065f0]
Event: 1.678 Thread 0x0000013b7c0e2800 1063  s!   1       jdk.internal.loader.URLClassPath::getLoader (194 bytes)
Event: 1.680 Thread 0x0000013b7c0e2800 nmethod 1063 0x0000013b69207290 code [0x0000013b69207540, 0x0000013b692082d0]
Event: 1.680 Thread 0x0000013b7c0e2800 1062       1       java.lang.invoke.LambdaForm$MH/0x00000001000ae440::invoke (31 bytes)
Event: 1.681 Thread 0x0000013b7c0e2800 nmethod 1062 0x0000013b69208b90 code [0x0000013b69208d40, 0x0000013b69208ee0]

GC Heap History (6 events):
Event: 0.749 GC heap before
{Heap before GC invocations=0 (full 0):
 garbage-first heap   total 65536K, used 8192K [0x00000000c0c00000, 0x0000000100000000)
  region size 1024K, 7 young (7168K), 0 survivors (0K)
 Metaspace       used 6087K, capacity 6174K, committed 6272K, reserved 1056768K
  class space    used 538K, capacity 567K, committed 640K, reserved 1048576K
}
Event: 0.757 GC heap after
{Heap after GC invocations=1 (full 0):
 garbage-first heap   total 65536K, used 5651K [0x00000000c0c00000, 0x0000000100000000)
  region size 1024K, 1 young (1024K), 1 survivors (1024K)
 Metaspace       used 6087K, capacity 6174K, committed 6272K, reserved 1056768K
  class space    used 538K, capacity 567K, committed 640K, reserved 1048576K
}
Event: 0.823 GC heap before
{Heap before GC invocations=1 (full 0):
 garbage-first heap   total 65536K, used 8723K [0x00000000c0c00000, 0x0000000100000000)
  region size 1024K, 5 young (5120K), 1 survivors (1024K)
 Metaspace       used 6087K, capacity 6174K, committed 6272K, reserved 1056768K
  class space    used 538K, capacity 567K, committed 640K, reserved 1048576K
}
Event: 0.830 GC heap after
{Heap after GC invocations=2 (full 0):
 garbage-first heap   total 65536K, used 9373K [0x00000000c0c00000, 0x0000000100000000)
  region size 1024K, 1 young (1024K), 1 survivors (1024K)
 Metaspace       used 6087K, capacity 6174K, committed 6272K, reserved 1056768K
  class space    used 538K, capacity 567K, committed 640K, reserved 1048576K
}
Event: 0.917 GC heap before
{Heap before GC invocations=2 (full 0):
 garbage-first heap   total 65536K, used 16541K [0x00000000c0c00000, 0x0000000100000000)
  region size 1024K, 9 young (9216K), 1 survivors (1024K)
 Metaspace       used 6089K, capacity 6174K, committed 6272K, reserved 1056768K
  class space    used 538K, capacity 567K, committed 640K, reserved 1048576K
}
Event: 0.925 GC heap after
{Heap after GC invocations=3 (full 0):
 garbage-first heap   total 65536K, used 17120K [0x00000000c0c00000, 0x0000000100000000)
  region size 1024K, 2 young (2048K), 2 survivors (2048K)
 Metaspace       used 6089K, capacity 6174K, committed 6272K, reserved 1056768K
  class space    used 538K, capacity 567K, committed 640K, reserved 1048576K
}

Deoptimization events (0 events):
No events

Classes redefined (0 events):
No events

Internal exceptions (10 events):
Event: 1.222 Thread 0x0000013b606a8800 Exception <a 'java/lang/NoSuchMethodError'{0x00000000c4507250}: java.lang.invoke.DirectMethodHandle$Holder.invokeSpecialIFC(Ljava/lang/Object;Ljava/lang/Object;Ljava/lang/Object;)I> (0x00000000c4507250) thrown at [./open/src/hotspot/share/interpreter/link
Event: 1.252 Thread 0x0000013b606a8800 Exception <a 'java/lang/NoSuchMethodError'{0x00000000c456f530}: java.lang.invoke.DirectMethodHandle$Holder.invokeStatic(Ljava/lang/Object;IIII)Ljava/lang/Object;> (0x00000000c456f530) thrown at [./open/src/hotspot/share/interpreter/linkResolver.cpp, line 
Event: 1.252 Thread 0x0000013b606a8800 Exception <a 'java/lang/NoSuchMethodError'{0x00000000c4572648}: java.lang.invoke.DirectMethodHandle$Holder.invokeStaticInit(Ljava/lang/Object;IIII)Ljava/lang/Object;> (0x00000000c4572648) thrown at [./open/src/hotspot/share/interpreter/linkResolver.cpp, l
Event: 1.587 Thread 0x0000013b606a8800 Exception <a 'java/lang/NoSuchMethodError'{0x00000000c45fb3d8}: java.lang.invoke.DirectMethodHandle$Holder.invokeStatic(Ljava/lang/Object;Ljava/lang/Object;IIII)Ljava/lang/Object;> (0x00000000c45fb3d8) thrown at [./open/src/hotspot/share/interpreter/linkR
Event: 1.587 Thread 0x0000013b606a8800 Exception <a 'java/lang/NoSuchMethodError'{0x00000000c45fec88}: java.lang.invoke.DirectMethodHandle$Holder.invokeStaticInit(Ljava/lang/Object;Ljava/lang/Object;IIII)Ljava/lang/Object;> (0x00000000c45fec88) thrown at [./open/src/hotspot/share/interpreter/l
Event: 1.602 Thread 0x0000013b606a8800 Exception <a 'java/lang/ClassNotFoundException'{0x00000000c441c890}: javax/management/remote/rmi/RMIServerImpl_Skel> (0x00000000c441c890) thrown at [./open/src/hotspot/share/classfile/systemDictionary.cpp, line 228]
Event: 1.660 Thread 0x0000013b606a8800 Exception <a 'java/lang/ClassNotFoundException'{0x00000000c44d88a8}: jdk/internal/agent/resources/spi/agentProvider> (0x00000000c44d88a8) thrown at [./open/src/hotspot/share/classfile/systemDictionary.cpp, line 228]
Event: 1.670 Thread 0x0000013b606a8800 Exception <a 'java/lang/NoSuchMethodError'{0x00000000c432e358}: java.lang.invoke.DirectMethodHandle$Holder.invokeStatic(Ljava/lang/Object;Ljava/lang/Object;Ljava/lang/Object;Ljava/lang/Object;Ljava/lang/Object;Ljava/lang/Object;Ljava/lang/Object;Ljava/lan
Event: 1.671 Thread 0x0000013b606a8800 Exception <a 'java/lang/NoSuchMethodError'{0x00000000c433adc8}: java.lang.invoke.DirectMethodHandle$Holder.invokeStatic(Ljava/lang/Object;Ljava/lang/Object;Ljava/lang/Object;Ljava/lang/Object;Ljava/lang/Object;Ljava/lang/Object;Ljava/lang/Object;Ljava/lan
Event: 1.674 Thread 0x0000013b606a8800 Exception <a 'java/lang/NoSuchMethodError'{0x00000000c43548a0}: java.lang.invoke.DelegatingMethodHandle$Holder.reinvoke_L(Ljava/lang/Object;ILjava/lang/Object;)Ljava/lang/Object;> (0x00000000c43548a0) thrown at [./open/src/hotspot/share/interpreter/linkRe

Events (10 events):
Event: 1.717 loading class ch/qos/logback/classic/util/ContextSelectorStaticBinder done
Event: 1.717 loading class ch/qos/logback/classic/util/ContextInitializer
Event: 1.717 loading class ch/qos/logback/classic/util/ContextInitializer done
Event: 1.718 loading class ch/qos/logback/core/util/StatusListenerConfigHelper
Event: 1.718 loading class ch/qos/logback/core/util/StatusListenerConfigHelper done
Event: 1.719 loading class ch/qos/logback/core/util/OptionHelper
Event: 1.719 loading class ch/qos/logback/core/util/OptionHelper done
Event: 1.719 loading class ch/qos/logback/core/util/Loader
Event: 1.719 loading class ch/qos/logback/core/util/Loader done
Event: 1.720 Executing VM operation: G1CollectForAllocation


Dynamic libraries:
0x00007ff748aa0000 - 0x00007ff748ae7000 	C:\Program Files\Java\jdk-11.0.7\bin\javaw.exe
0x00007fff379d0000 - 0x00007fff37bc6000 	C:\WINDOWS\SYSTEM32\ntdll.dll
0x00007fff36e20000 - 0x00007fff36edd000 	C:\WINDOWS\System32\KERNEL32.DLL
0x00007fff35660000 - 0x00007fff35928000 	C:\WINDOWS\System32\KERNELBASE.dll
0x00007fff328f0000 - 0x00007fff32980000 	C:\WINDOWS\SYSTEM32\apphelp.dll
0x00007fff11280000 - 0x00007fff11714000 	C:\WINDOWS\SYSTEM32\AcLayers.DLL
0x00007fff37860000 - 0x00007fff378fe000 	C:\WINDOWS\System32\msvcrt.dll
0x00007fff36c80000 - 0x00007fff36e20000 	C:\WINDOWS\System32\USER32.dll
0x00007fff353a0000 - 0x00007fff353c2000 	C:\WINDOWS\System32\win32u.dll
0x00007fff36c50000 - 0x00007fff36c7a000 	C:\WINDOWS\System32\GDI32.dll
0x00007fff35210000 - 0x00007fff35319000 	C:\WINDOWS\System32\gdi32full.dll
0x00007fff355c0000 - 0x00007fff3565d000 	C:\WINDOWS\System32\msvcp_win.dll
0x00007fff35110000 - 0x00007fff35210000 	C:\WINDOWS\System32\ucrtbase.dll
0x00007fff37490000 - 0x00007fff374e5000 	C:\WINDOWS\System32\SHLWAPI.dll
0x00007fff369c0000 - 0x00007fff36a6c000 	C:\WINDOWS\System32\ADVAPI32.dll
0x00007fff36ef0000 - 0x00007fff36f8b000 	C:\WINDOWS\System32\sechost.dll
0x00007fff36a70000 - 0x00007fff36b94000 	C:\WINDOWS\System32\RPCRT4.dll
0x0000013b5e3a0000 - 0x0000013b5e3a3000 	C:\WINDOWS\SYSTEM32\sfc.dll
0x00007fff262f0000 - 0x00007fff2637e000 	C:\WINDOWS\SYSTEM32\WINSPOOL.DRV
0x00007fff28d30000 - 0x00007fff28d42000 	C:\WINDOWS\SYSTEM32\sfc_os.DLL
0x00007fff36250000 - 0x00007fff36280000 	C:\WINDOWS\System32\IMM32.DLL
0x00007fff216f0000 - 0x00007fff2198b000 	C:\WINDOWS\WinSxS\amd64_microsoft.windows.common-controls_6595b64144ccf1df_6.0.19041.488_none_ca04af081b815d21\COMCTL32.dll
0x00007fff2a2d0000 - 0x00007fff2a2da000 	C:\WINDOWS\SYSTEM32\VERSION.dll
0x00007fff2e9e0000 - 0x00007fff2e9f6000 	C:\Program Files\Java\jdk-11.0.7\bin\vcruntime140.dll
0x00007fff20950000 - 0x00007fff209fa000 	C:\Program Files\Java\jdk-11.0.7\bin\msvcp140.dll
0x00007ffef6470000 - 0x00007ffef6fd1000 	C:\Program Files\Java\jdk-11.0.7\bin\server\jvm.dll
0x00007fff36ee0000 - 0x00007fff36ee8000 	C:\WINDOWS\System32\PSAPI.DLL
0x00007fff26d20000 - 0x00007fff26d29000 	C:\WINDOWS\SYSTEM32\WSOCK32.dll
0x00007fff2b7b0000 - 0x00007fff2b7d7000 	C:\WINDOWS\SYSTEM32\WINMM.dll
0x00007fff37420000 - 0x00007fff3748b000 	C:\WINDOWS\System32\WS2_32.dll
0x00007fff339f0000 - 0x00007fff33a02000 	C:\WINDOWS\SYSTEM32\kernel.appcore.dll
0x00007fff2ebf0000 - 0x00007fff2ec01000 	C:\Program Files\Java\jdk-11.0.7\bin\verify.dll
0x00007fff26d60000 - 0x00007fff26f44000 	C:\WINDOWS\SYSTEM32\DBGHELP.DLL
0x00007fff26d30000 - 0x00007fff26d5c000 	C:\WINDOWS\SYSTEM32\dbgcore.DLL
0x00007fff35320000 - 0x00007fff3539f000 	C:\WINDOWS\System32\bcryptPrimitives.dll
0x00007fff299e0000 - 0x00007fff29a09000 	C:\Program Files\Java\jdk-11.0.7\bin\java.dll
0x00007fff2fc60000 - 0x00007fff2fc6a000 	C:\Program Files\Java\jdk-11.0.7\bin\jimage.dll
0x00007fff24280000 - 0x00007fff24296000 	C:\Program Files\Java\jdk-11.0.7\bin\zip.dll
0x00007fff35b00000 - 0x00007fff36241000 	C:\WINDOWS\System32\SHELL32.dll
0x00007fff33210000 - 0x00007fff339a5000 	C:\WINDOWS\SYSTEM32\windows.storage.dll
0x00007fff374f0000 - 0x00007fff37845000 	C:\WINDOWS\System32\combase.dll
0x00007fff34b10000 - 0x00007fff34b3c000 	C:\WINDOWS\SYSTEM32\Wldp.dll
0x00007fff36ba0000 - 0x00007fff36c4e000 	C:\WINDOWS\System32\SHCORE.dll
0x00007fff34fd0000 - 0x00007fff34ff6000 	C:\WINDOWS\SYSTEM32\profapi.dll
0x00007fff22c20000 - 0x00007fff22c39000 	C:\Program Files\Java\jdk-11.0.7\bin\net.dll
0x00007fff2a9e0000 - 0x00007fff2aae0000 	C:\WINDOWS\SYSTEM32\WINHTTP.dll
0x00007fff34890000 - 0x00007fff348fa000 	C:\WINDOWS\system32\mswsock.dll
0x00007fff22c00000 - 0x00007fff22c13000 	C:\Program Files\Java\jdk-11.0.7\bin\nio.dll
0x00007fff328d0000 - 0x00007fff328d9000 	C:\Program Files\Java\jdk-11.0.7\bin\management.dll
0x00007fff30310000 - 0x00007fff3031c000 	C:\Program Files\Java\jdk-11.0.7\bin\management_ext.dll
0x00007fff29dc0000 - 0x00007fff29dd7000 	C:\WINDOWS\system32\napinsp.dll
0x00007fff22b00000 - 0x00007fff22b1b000 	C:\WINDOWS\system32\pnrpnsp.dll
0x00007fff1a1f0000 - 0x00007fff1a205000 	C:\WINDOWS\system32\wshbth.dll
0x00007fff30ae0000 - 0x00007fff30afd000 	C:\WINDOWS\system32\NLAapi.dll
0x00007fff34520000 - 0x00007fff3455b000 	C:\WINDOWS\SYSTEM32\IPHLPAPI.DLL
0x00007fff34560000 - 0x00007fff3462b000 	C:\WINDOWS\SYSTEM32\DNSAPI.dll
0x00007fff37850000 - 0x00007fff37858000 	C:\WINDOWS\System32\NSI.dll
0x00007fff21fe0000 - 0x00007fff21ff2000 	C:\WINDOWS\System32\winrnr.dll
0x00007fff2a950000 - 0x00007fff2a95a000 	C:\Windows\System32\rasadhlp.dll
0x00007fff2ac50000 - 0x00007fff2accf000 	C:\WINDOWS\System32\fwpuclnt.dll
0x00007fff35530000 - 0x00007fff35557000 	C:\WINDOWS\System32\bcrypt.dll
0x00007fff34a60000 - 0x00007fff34a78000 	C:\WINDOWS\SYSTEM32\CRYPTSP.dll
0x00007fff341c0000 - 0x00007fff341f4000 	C:\WINDOWS\system32\rsaenh.dll
0x00007fff34f50000 - 0x00007fff34f7e000 	C:\WINDOWS\SYSTEM32\USERENV.dll
0x00007fff34a80000 - 0x00007fff34a8c000 	C:\WINDOWS\SYSTEM32\CRYPTBASE.dll
0x00007fff2b2a0000 - 0x00007fff2b2b7000 	C:\WINDOWS\SYSTEM32\dhcpcsvc6.DLL
0x00007fff2bb50000 - 0x00007fff2bb6d000 	C:\WINDOWS\SYSTEM32\dhcpcsvc.DLL

dbghelp: loaded successfully - version: 4.0.5 - missing functions: none
symbol engine: initialized successfully - sym options: 0x614 - pdb path: .;C:\Program Files\Java\jdk-11.0.7\bin;C:\WINDOWS\SYSTEM32;C:\WINDOWS\WinSxS\amd64_microsoft.windows.common-controls_6595b64144ccf1df_6.0.19041.488_none_ca04af081b815d21;C:\Program Files\Java\jdk-11.0.7\bin\server

VM Arguments:
jvm_args: -Dcom.sun.management.jmxremote -Dcom.sun.management.jmxremote.port=49842 -Dcom.sun.management.jmxremote.authenticate=false -Dcom.sun.management.jmxremote.ssl=false -Djava.rmi.server.hostname=localhost -Dspring.jmx.enabled=true -Dspring.application.admin.enabled=true -Xverify:none -XX:TieredStopAtLevel=1 -Dspring.boot.project.name=cursomc -Dfile.encoding=UTF-8 
java_command: com.mkwinformatica.cursomc.CursomcApplication --spring.output.ansi.enabled=always
java_class_path (initial): C:\temp\ws-sts\cursomc\target\classes;C:\Users\Marcos\.m2\repository\org\springframework\boot\spring-boot-starter-web\2.3.3.RELEASE\spring-boot-starter-web-2.3.3.RELEASE.jar;C:\Users\Marcos\.m2\repository\org\springframework\boot\spring-boot-starter\2.3.3.RELEASE\spring-boot-starter-2.3.3.RELEASE.jar;C:\Users\Marcos\.m2\repository\org\springframework\boot\spring-boot-starter-logging\2.3.3.RELEASE\spring-boot-starter-logging-2.3.3.RELEASE.jar;C:\Users\Marcos\.m2\repository\ch\qos\logback\logback-classic\1.2.3\logback-classic-1.2.3.jar;C:\Users\Marcos\.m2\repository\ch\qos\logback\logback-core\1.2.3\logback-core-1.2.3.jar;C:\Users\Marcos\.m2\repository\org\apache\logging\log4j\log4j-to-slf4j\2.13.3\log4j-to-slf4j-2.13.3.jar;C:\Users\Marcos\.m2\repository\org\apache\logging\log4j\log4j-api\2.13.3\log4j-api-2.13.3.jar;C:\Users\Marcos\.m2\repository\org\slf4j\jul-to-slf4j\1.7.30\jul-to-slf4j-1.7.30.jar;C:\Users\Marcos\.m2\repository\jakarta\annotation\jakarta.annotation-api\1.3.5\jakarta.annotation-api-1.3.5.jar;C:\Users\Marcos\.m2\repository\org\yaml\snakeyaml\1.26\snakeyaml-1.26.jar;C:\Users\Marcos\.m2\repository\org\springframework\boot\spring-boot-starter-json\2.3.3.RELEASE\spring-boot-starter-json-2.3.3.RELEASE.jar;C:\Users\Marcos\.m2\repository\com\fasterxml\jackson\datatype\jackson-datatype-jdk8\2.11.2\jackson-datatype-jdk8-2.11.2.jar;C:\Users\Marcos\.m2\repository\com\fasterxml\jackson\datatype\jackson-datatype-jsr310\2.11.2\jackson-datatype-jsr310-2.11.2.jar;C:\Users\Marcos\.m2\repository\com\fasterxml\jackson\module\jackson-module-parameter-names\2.11.2\jackson-module-parameter-names-2.11.2.jar;C:\Users\Marcos\.m2\repository\org\springframework\boot\spring-boot-starter-tomcat\2.3.3.RELEASE\spring-boot-starter-tomcat-2.3.3.RELEASE.jar;C:\Users\Marcos\.m2\repository\org\apache\tomcat\embed\tomcat-embed-core\9.0.37\tomcat-embed-core-9.0.37.jar;C:\Users\Marcos\.m2\repository\org\glassfish\jakarta.el\3.0.3\jakarta.el-3.0.3.jar;C:\Users\M
Launcher Type: SUN_STANDARD

[Global flags]
     bool BytecodeVerificationLocal                = false                                     {product} {command line}
     bool BytecodeVerificationRemote               = false                                     {product} {command line}
     intx CICompilerCount                          = 2                                         {product} {ergonomic}
     uint ConcGCThreads                            = 1                                         {product} {ergonomic}
     uint G1ConcRefinementThreads                  = 2                                         {product} {ergonomic}
   size_t G1HeapRegionSize                         = 1048576                                   {product} {ergonomic}
    uintx GCDrainStackTargetSize                   = 64                                        {product} {ergonomic}
   size_t InitialHeapSize                          = 67108864                                  {product} {ergonomic}
     bool ManagementServer                         = true                                      {product} {command line}
   size_t MarkStackSize                            = 4194304                                   {product} {ergonomic}
   size_t MaxHeapSize                              = 1061158912                                {product} {ergonomic}
   size_t MaxNewSize                               = 636485632                                 {product} {ergonomic}
   size_t MinHeapDeltaBytes                        = 1048576                                   {product} {ergonomic}
    uintx NonNMethodCodeHeapSize                   = 6396312                                {pd product} {ergonomic}
    uintx NonProfiledCodeHeapSize                  = 245261928                              {pd product} {ergonomic}
    uintx ProfiledCodeHeapSize                     = 0                                      {pd product} {ergonomic}
    uintx ReservedCodeCacheSize                    = 251658240                              {pd product} {ergonomic}
     bool SegmentedCodeCache                       = true                                      {product} {ergonomic}
     intx TieredStopAtLevel                        = 1                                         {product} {command line}
     bool UseCompressedClassPointers               = true                                 {lp64_product} {ergonomic}
     bool UseCompressedOops                        = true                                 {lp64_product} {ergonomic}
     bool UseG1GC                                  = true                                      {product} {ergonomic}
     bool UseLargePagesIndividualAllocation        = false                                  {pd product} {ergonomic}

Logging:
Log output configuration:
 #0: stdout all=warning uptime,level,tags
 #1: stderr all=off uptime,level,tags

Environment Variables:
JAVA_HOME=C:\Program Files\Java\jdk-11.0.7
PATH=C:/Program Files/Java/jdk-11.0.7/bin/server;C:/Program Files/Java/jdk-11.0.7/bin;C:\Python38\Scripts\;C:\Python38\;C:\WINDOWS\system32;C:\WINDOWS;C:\WINDOWS\System32\Wbem;C:\WINDOWS\System32\WindowsPowerShell\v1.0\;C:\WINDOWS\System32\OpenSSH\;C:\Program Files\Git\cmd;C:\Program Files\Java\jdk-11.0.7\bin;C:\ProgramData\chocolatey\bin;C:\Program Files\nodejs\;C:\xampp\mysql\bin;C:\Users\Marcos\AppData\Local\Microsoft\WindowsApps;C:\Program Files\heroku\bin;C:\Users\Marcos\AppData\Local\Programs\Microsoft VS Code\bin;C:\Users\Marcos\AppData\Roaming\npm;C:\Program Files\Spring Toll Suite 4;
USERNAME=Marcos
OS=Windows_NT
PROCESSOR_IDENTIFIER=Intel64 Family 6 Model 23 Stepping 10, GenuineIntel



---------------  S Y S T E M  ---------------

OS: Windows 10 , 64 bit Build 19041 (10.0.19041.546)

CPU:total 2 (initial active 2) (2 cores per cpu, 1 threads per core) family 6 model 23 stepping 10, cmov, cx8, fxsr, mmx, sse, sse2, sse3, ssse3, sse4.1, tsc

Memory: 4k page, system-wide physical 4047M (398M free)
TotalPageFile size 7759M (AvailPageFile size 1597M)
current process WorkingSet (physical memory assigned to process): 72M, peak: 72M
current process commit charge ("private bytes"): 150M, peak: 150M

vm_info: Java HotSpot(TM) 64-Bit Server VM (11.0.7+8-LTS) for windows-amd64 JRE (11.0.7+8-LTS), built on Mar 12 2020 02:04:32 by "mach5one" with MS VC++ 15.5 (VS2017)

END.
